#
# A fatal error has been detected by the Java Runtime Environment:
#
#  EXCEPTION_ACCESS_VIOLATION (0xc0000005) at pc=0x00007ff9dcf98e38, pid=4256, tid=12404
#
# JRE version: Java(TM) SE Runtime Environment 18.9 (11.0.8+10) (build 11.0.8+10-LTS)
# Java VM: Java HotSpot(TM) 64-Bit Server VM 18.9 (11.0.8+10-LTS, mixed mode, tiered, compressed oops, g1 gc, windows-amd64)
# Problematic frame:
# V  [jvm.dll+0x348e38]
#
# No core dump will be written. Minidumps are not enabled by default on client versions of Windows
#
# If you would like to submit a bug report, please visit:
#   https://bugreport.java.com/bugreport/crash.jsp
#

---------------  S U M M A R Y ------------

Command Line: -Dfile.encoding=UTF-8 --add-modules=javafx.controls,javafx.fxml --module-path=C:\Users\areeb\Desktop\Documents\NetBeansProjects\TestProjectGUI\build\classes;C:\Program Files\Java\javafx-sdk-11.0.2\lib\javafx-swt.jar;C:\Program Files\Java\javafx-sdk-11.0.2\lib\javafx.base.jar;C:\Program Files\Java\javafx-sdk-11.0.2\lib\javafx.controls.jar;C:\Program Files\Java\javafx-sdk-11.0.2\lib\javafx.fxml.jar;C:\Program Files\Java\javafx-sdk-11.0.2\lib\javafx.graphics.jar;C:\Program Files\Java\javafx-sdk-11.0.2\lib\javafx.media.jar;C:\Program Files\Java\javafx-sdk-11.0.2\lib\javafx.swing.jar;C:\Program Files\Java\javafx-sdk-11.0.2\lib\javafx.web.jar BankSystem.Main

Host: Intel(R) Core(TM) i7-7700 CPU @ 3.60GHz, 8 cores, 15G,  Windows 10 , 64 bit Build 19041 (10.0.19041.546)
Time: Sat Nov 28 18:32:57 2020 Eastern Standard Time elapsed time: 2 seconds (0d 0h 0m 2s)

---------------  T H R E A D  ---------------

Current thread (0x0000020603c09000):  JavaThread "C2 CompilerThread1" daemon [_thread_in_native, id=12404, stack(0x0000000e47050000,0x0000000e47150000)]


Current CompileTask:
C2:   2799 1212   !   4       com.sun.javafx.css.ParsedValueImpl::readBinary (688 bytes)

Stack: [0x0000000e47050000,0x0000000e47150000],  sp=0x0000000e4714b758,  free space=1005k
Native frames: (J=compiled Java code, j=interpreted, Vv=VM code, C=native code)
V  [jvm.dll+0x348e38]


siginfo: EXCEPTION_ACCESS_VIOLATION (0xc0000005), writing address 0x0000000000000000


Register to memory mapping:

RIP=0x00007ff9dcf98e38 jvm.dll
RAX=0x0000000e4714e1c0 is pointing into the stack for thread: 0x0000020603c09000
RBX=0x0000000e4714b960 is pointing into the stack for thread: 0x0000020603c09000
RCX=0x0000020603794d60 points into unknown readable memory: 80 4d 79 03 06 02 00 00
RDX=0x0000000e4714eeb0 is pointing into the stack for thread: 0x0000020603c09000
RSP=0x0000000e4714b758 is pointing into the stack for thread: 0x0000020603c09000
RBP=0x000000000000007d is an unknown value
RSI=0x000002060ceee660 points into unknown readable memory: 00 00 00 00 00 00 00 00
RDI=0x00000000000006b4 is an unknown value
R8 =0x0000020603c3d548 points into unknown readable memory: 00 90 c0 03 06 02 00 00
R9 =0x0 is NULL
R10=0x00000000000035a0 is an unknown value
R11=0x000002060ceee660 points into unknown readable memory: 00 00 00 00 00 00 00 00
R12=0x0 is NULL
R13=0x000002060bafedd0 points into unknown readable memory: 30 98 ee 0c 06 02 00 00
R14=0x000000000000007d is an unknown value
R15=0x0000020603bc56d0 points into unknown readable memory: 06 00 00 00 01 3a 00 80


Registers:
RAX=0x0000000e4714e1c0, RBX=0x0000000e4714b960, RCX=0x0000020603794d60, RDX=0x0000000e4714eeb0
RSP=0x0000000e4714b758, RBP=0x000000000000007d, RSI=0x000002060ceee660, RDI=0x00000000000006b4
R8 =0x0000020603c3d548, R9 =0x0000000000000000, R10=0x00000000000035a0, R11=0x000002060ceee660
R12=0x0000000000000000, R13=0x000002060bafedd0, R14=0x000000000000007d, R15=0x0000020603bc56d0
RIP=0x00007ff9dcf98e38, EFLAGS=0x0000000000010206

Top of Stack: (sp=0x0000000e4714b758)
0x0000000e4714b758:   00007ff9dd159aa6 0000000e4714b960
0x0000000e4714b768:   0000000e4714b960 0000000e4714b960
0x0000000e4714b778:   0000000e4714b7b0 0000000000000830
0x0000000e4714b788:   0000020603bc56d0 000002060bafedd0
0x0000000e4714b798:   000000000035c448 000002060bb06400
0x0000000e4714b7a8:   000002060bb06db8 00007ff9dd4db460
0x0000000e4714b7b8:   0000020603bc56d0 0000000000000080
0x0000000e4714b7c8:   00000206035b97b0 000002060fcda380
0x0000000e4714b7d8:   0000020602d419e0 00000000000003d8
0x0000000e4714b7e8:   0000020602d419d0 0000020602d41db8
0x0000000e4714b7f8:   0000000000000000 0000000e4714bd88
0x0000000e4714b808:   0000000e4714b920 0000000e4714bca0
0x0000000e4714b818:   00007ff9dcde32a6 0000000e00000000
0x0000000e4714b828:   0000000e00000001 000002060c3e91b0
0x0000000e4714b838:   0000020604592158 00007ff9dd452e00
0x0000000e4714b848:   000000000000000d 0000000000000006 

Instructions: (pc=0x00007ff9dcf98e38)
0x00007ff9dcf98e18:   00 4c 8b 04 d0 4c 03 c1 49 8b 00 48 8b 90 d0 04
0x00007ff9dcf98e28:   00 00 48 8b 82 88 00 00 00 48 8b 88 88 08 00 00
0x00007ff9dcf98e38:   49 89 09 49 8b 00 48 8b 88 d0 04 00 00 48 8b 81
0x00007ff9dcf98e48:   88 00 00 00 48 8d 0d 05 d1 6c 00 4c 89 88 88 08 


Stack slot to memory mapping:
stack at sp + 0 slots: 0x00007ff9dd159aa6 jvm.dll
stack at sp + 1 slots: 0x0000000e4714b960 is pointing into the stack for thread: 0x0000020603c09000
stack at sp + 2 slots: 0x0000000e4714b960 is pointing into the stack for thread: 0x0000020603c09000
stack at sp + 3 slots: 0x0000000e4714b960 is pointing into the stack for thread: 0x0000020603c09000
stack at sp + 4 slots: 0x0000000e4714b7b0 is pointing into the stack for thread: 0x0000020603c09000
stack at sp + 5 slots: 0x0000000000000830 is an unknown value
stack at sp + 6 slots: 0x0000020603bc56d0 points into unknown readable memory: 06 00 00 00 01 3a 00 80
stack at sp + 7 slots: 0x000002060bafedd0 points into unknown readable memory: 30 98 ee 0c 06 02 00 00


---------------  P R O C E S S  ---------------

Threads class SMR info:
_java_thread_list=0x00000206041d1d60, length=18, elements={
0x000002065c745000, 0x00000206021d1000, 0x0000020602a8a000, 0x0000020602ad5800,
0x0000020602ad6800, 0x0000020602ad8000, 0x0000020602ae8800, 0x0000020602aea800,
0x0000020602a81000, 0x00000206033a3000, 0x0000020602fdd000, 0x0000020603a12800,
0x0000020603a13800, 0x0000020603c1c000, 0x0000020603c1e800, 0x0000020603c09000,
0x000002060c263800, 0x000002060bcca800
}

Java Threads: ( => current thread )
  0x000002065c745000 JavaThread "main" [_thread_blocked, id=11680, stack(0x0000000e45800000,0x0000000e45900000)]
  0x00000206021d1000 JavaThread "Reference Handler" daemon [_thread_blocked, id=9304, stack(0x0000000e45f00000,0x0000000e46000000)]
  0x0000020602a8a000 JavaThread "Finalizer" daemon [_thread_blocked, id=12172, stack(0x0000000e46000000,0x0000000e46100000)]
  0x0000020602ad5800 JavaThread "Signal Dispatcher" daemon [_thread_blocked, id=2196, stack(0x0000000e46100000,0x0000000e46200000)]
  0x0000020602ad6800 JavaThread "Attach Listener" daemon [_thread_blocked, id=12108, stack(0x0000000e46200000,0x0000000e46300000)]
  0x0000020602ad8000 JavaThread "C2 CompilerThread0" daemon [_thread_in_native, id=9288, stack(0x0000000e46300000,0x0000000e46400000)]
  0x0000020602ae8800 JavaThread "C1 CompilerThread0" daemon [_thread_in_vm, id=1404, stack(0x0000000e46400000,0x0000000e46500000)]
  0x0000020602aea800 JavaThread "Sweeper thread" daemon [_thread_blocked, id=9808, stack(0x0000000e46500000,0x0000000e46600000)]
  0x0000020602a81000 JavaThread "Common-Cleaner" daemon [_thread_blocked, id=14592, stack(0x0000000e46600000,0x0000000e46700000)]
  0x00000206033a3000 JavaThread "Service Thread" daemon [_thread_blocked, id=8040, stack(0x0000000e46900000,0x0000000e46a00000)]
  0x0000020602fdd000 JavaThread "QuantumRenderer-0" daemon [_thread_blocked, id=15180, stack(0x0000000e46b00000,0x0000000e46c00000)]
  0x0000020603a12800 JavaThread "InvokeLaterDispatcher" daemon [_thread_blocked, id=15740, stack(0x0000000e46d00000,0x0000000e46e00000)]
  0x0000020603a13800 JavaThread "JavaFX Application Thread" [_thread_in_Java, id=16064, stack(0x0000000e46e00000,0x0000000e46f00000)]
  0x0000020603c1c000 JavaThread "Thread-1" daemon [_thread_in_native, id=9552, stack(0x0000000e46700000,0x0000000e46800000)]
  0x0000020603c1e800 JavaThread "JavaFX-Launcher" [_thread_blocked, id=13560, stack(0x0000000e46800000,0x0000000e46900000)]
=>0x0000020603c09000 JavaThread "C2 CompilerThread1" daemon [_thread_in_native, id=12404, stack(0x0000000e47050000,0x0000000e47150000)]
  0x000002060c263800 JavaThread "Prism Font Disposer" daemon [_thread_blocked, id=14456, stack(0x0000000e47950000,0x0000000e47a50000)]
  0x000002060bcca800 JavaThread "Cleaner-0" daemon [_thread_blocked, id=6772, stack(0x0000000e47c50000,0x0000000e47d50000)]

Other Threads:
  0x00000206021cd000 VMThread "VM Thread" [stack: 0x0000000e45e00000,0x0000000e45f00000] [id=14280]
  0x00000206031e5000 WatcherThread [stack: 0x0000000e46a00000,0x0000000e46b00000] [id=14040]
  0x000002065c75c800 GCTaskThread "GC Thread#0" [stack: 0x0000000e45900000,0x0000000e45a00000] [id=12884]
  0x0000020603db5800 GCTaskThread "GC Thread#1" [stack: 0x0000000e47150000,0x0000000e47250000] [id=10388]
  0x0000020603e25800 GCTaskThread "GC Thread#2" [stack: 0x0000000e47250000,0x0000000e47350000] [id=4584]
  0x0000020603d64800 GCTaskThread "GC Thread#3" [stack: 0x0000000e47350000,0x0000000e47450000] [id=2476]
  0x0000020603d67800 GCTaskThread "GC Thread#4" [stack: 0x0000000e47450000,0x0000000e47550000] [id=916]
  0x0000020603d68800 GCTaskThread "GC Thread#5" [stack: 0x0000000e47550000,0x0000000e47650000] [id=2240]
  0x000002065c7bb800 ConcurrentGCThread "G1 Main Marker" [stack: 0x0000000e45a00000,0x0000000e45b00000] [id=844]
  0x000002065c7bd000 ConcurrentGCThread "G1 Conc#0" [stack: 0x0000000e45b00000,0x0000000e45c00000] [id=15932]
  0x0000020604140000 ConcurrentGCThread "G1 Conc#1" [stack: 0x0000000e47b50000,0x0000000e47c50000] [id=15048]
  0x000002065c82e000 ConcurrentGCThread "G1 Refine#0" [stack: 0x0000000e45c00000,0x0000000e45d00000] [id=15260]
  0x00000206020b1800 ConcurrentGCThread "G1 Young RemSet Sampling" [stack: 0x0000000e45d00000,0x0000000e45e00000] [id=1932]

Threads with active compile tasks:
C2 CompilerThread0   3226 2006       4       com.sun.javafx.css.StyleMap::getCascadingStyles (384 bytes)
C2 CompilerThread1   3226 1212   !   4       com.sun.javafx.css.ParsedValueImpl::readBinary (688 bytes)

VM state:not at safepoint (normal execution)

VM Mutex/Monitor currently owned by a thread: None

Heap address: 0x0000000700800000, size: 4088 MB, Compressed Oops mode: Zero based, Oop shift amount: 3
Narrow klass base: 0x0000000800000000, Narrow klass shift: 0
Compressed class space size: 1073741824 Address: 0x0000000800000000

Heap:
 garbage-first heap   total 262144K, used 14851K [0x0000000700800000, 0x0000000800000000)
  region size 1024K, 14 young (14336K), 7 survivors (7168K)
 Metaspace       used 22059K, capacity 22796K, committed 22912K, reserved 1069056K
  class space    used 2850K, capacity 3180K, committed 3200K, reserved 1048576K
Heap Regions: E=young(eden), S=young(survivor), O=old, HS=humongous(starts), HC=humongous(continues), CS=collection set, F=free, A=archive, TAMS=top-at-mark-start (previous, next)
|   0|0x0000000700800000, 0x0000000700809e00, 0x0000000700900000|  3%| O|  |TAMS 0x0000000700809e00, 0x0000000700800000| Untracked 
|   1|0x0000000700900000, 0x0000000700a00000, 0x0000000700a00000|100%|HS|  |TAMS 0x0000000700900000, 0x0000000700900000| Complete 
|   2|0x0000000700a00000, 0x0000000700b00000, 0x0000000700b00000|100%|HC|  |TAMS 0x0000000700a00000, 0x0000000700a00000| Complete 
|   3|0x0000000700b00000, 0x0000000700b00000, 0x0000000700c00000|  0%| F|  |TAMS 0x0000000700b00000, 0x0000000700b00000| Untracked 
|   4|0x0000000700c00000, 0x0000000700c00000, 0x0000000700d00000|  0%| F|  |TAMS 0x0000000700c00000, 0x0000000700c00000| Untracked 
|   5|0x0000000700d00000, 0x0000000700d00000, 0x0000000700e00000|  0%| F|  |TAMS 0x0000000700d00000, 0x0000000700d00000| Untracked 
|   6|0x0000000700e00000, 0x0000000700e00000, 0x0000000700f00000|  0%| F|  |TAMS 0x0000000700e00000, 0x0000000700e00000| Untracked 
|   7|0x0000000700f00000, 0x0000000700f00000, 0x0000000701000000|  0%| F|  |TAMS 0x0000000700f00000, 0x0000000700f00000| Untracked 
|   8|0x0000000701000000, 0x0000000701000000, 0x0000000701100000|  0%| F|  |TAMS 0x0000000701000000, 0x0000000701000000| Untracked 
|   9|0x0000000701100000, 0x0000000701100000, 0x0000000701200000|  0%| F|  |TAMS 0x0000000701100000, 0x0000000701100000| Untracked 
|  10|0x0000000701200000, 0x0000000701200000, 0x0000000701300000|  0%| F|  |TAMS 0x0000000701200000, 0x0000000701200000| Untracked 
|  11|0x0000000701300000, 0x0000000701300000, 0x0000000701400000|  0%| F|  |TAMS 0x0000000701300000, 0x0000000701300000| Untracked 
|  12|0x0000000701400000, 0x0000000701400000, 0x0000000701500000|  0%| F|  |TAMS 0x0000000701400000, 0x0000000701400000| Untracked 
|  13|0x0000000701500000, 0x0000000701500000, 0x0000000701600000|  0%| F|  |TAMS 0x0000000701500000, 0x0000000701500000| Untracked 
|  14|0x0000000701600000, 0x0000000701600000, 0x0000000701700000|  0%| F|  |TAMS 0x0000000701600000, 0x0000000701600000| Untracked 
|  15|0x0000000701700000, 0x0000000701700000, 0x0000000701800000|  0%| F|  |TAMS 0x0000000701700000, 0x0000000701700000| Untracked 
|  16|0x0000000701800000, 0x0000000701800000, 0x0000000701900000|  0%| F|  |TAMS 0x0000000701800000, 0x0000000701800000| Untracked 
|  17|0x0000000701900000, 0x0000000701900000, 0x0000000701a00000|  0%| F|  |TAMS 0x0000000701900000, 0x0000000701900000| Untracked 
|  18|0x0000000701a00000, 0x0000000701a00000, 0x0000000701b00000|  0%| F|  |TAMS 0x0000000701a00000, 0x0000000701a00000| Untracked 
|  19|0x0000000701b00000, 0x0000000701b00000, 0x0000000701c00000|  0%| F|  |TAMS 0x0000000701b00000, 0x0000000701b00000| Untracked 
|  20|0x0000000701c00000, 0x0000000701c00000, 0x0000000701d00000|  0%| F|  |TAMS 0x0000000701c00000, 0x0000000701c00000| Untracked 
|  21|0x0000000701d00000, 0x0000000701d00000, 0x0000000701e00000|  0%| F|  |TAMS 0x0000000701d00000, 0x0000000701d00000| Untracked 
|  22|0x0000000701e00000, 0x0000000701e00000, 0x0000000701f00000|  0%| F|  |TAMS 0x0000000701e00000, 0x0000000701e00000| Untracked 
|  23|0x0000000701f00000, 0x0000000701f00000, 0x0000000702000000|  0%| F|  |TAMS 0x0000000701f00000, 0x0000000701f00000| Untracked 
|  24|0x0000000702000000, 0x0000000702000000, 0x0000000702100000|  0%| F|  |TAMS 0x0000000702000000, 0x0000000702000000| Untracked 
|  25|0x0000000702100000, 0x0000000702100000, 0x0000000702200000|  0%| F|  |TAMS 0x0000000702100000, 0x0000000702100000| Untracked 
|  26|0x0000000702200000, 0x0000000702200000, 0x0000000702300000|  0%| F|  |TAMS 0x0000000702200000, 0x0000000702200000| Untracked 
|  27|0x0000000702300000, 0x0000000702300000, 0x0000000702400000|  0%| F|  |TAMS 0x0000000702300000, 0x0000000702300000| Untracked 
|  28|0x0000000702400000, 0x0000000702400000, 0x0000000702500000|  0%| F|  |TAMS 0x0000000702400000, 0x0000000702400000| Untracked 
|  29|0x0000000702500000, 0x0000000702500000, 0x0000000702600000|  0%| F|  |TAMS 0x0000000702500000, 0x0000000702500000| Untracked 
|  30|0x0000000702600000, 0x0000000702600000, 0x0000000702700000|  0%| F|  |TAMS 0x0000000702600000, 0x0000000702600000| Untracked 
|  31|0x0000000702700000, 0x0000000702700000, 0x0000000702800000|  0%| F|  |TAMS 0x0000000702700000, 0x0000000702700000| Untracked 
|  32|0x0000000702800000, 0x0000000702800000, 0x0000000702900000|  0%| F|  |TAMS 0x0000000702800000, 0x0000000702800000| Untracked 
|  33|0x0000000702900000, 0x0000000702900000, 0x0000000702a00000|  0%| F|  |TAMS 0x0000000702900000, 0x0000000702900000| Untracked 
|  34|0x0000000702a00000, 0x0000000702a00000, 0x0000000702b00000|  0%| F|  |TAMS 0x0000000702a00000, 0x0000000702a00000| Untracked 
|  35|0x0000000702b00000, 0x0000000702b00000, 0x0000000702c00000|  0%| F|  |TAMS 0x0000000702b00000, 0x0000000702b00000| Untracked 
|  36|0x0000000702c00000, 0x0000000702c00000, 0x0000000702d00000|  0%| F|  |TAMS 0x0000000702c00000, 0x0000000702c00000| Untracked 
|  37|0x0000000702d00000, 0x0000000702d00000, 0x0000000702e00000|  0%| F|  |TAMS 0x0000000702d00000, 0x0000000702d00000| Untracked 
|  38|0x0000000702e00000, 0x0000000702e00000, 0x0000000702f00000|  0%| F|  |TAMS 0x0000000702e00000, 0x0000000702e00000| Untracked 
|  39|0x0000000702f00000, 0x0000000702f00000, 0x0000000703000000|  0%| F|  |TAMS 0x0000000702f00000, 0x0000000702f00000| Untracked 
|  40|0x0000000703000000, 0x0000000703000000, 0x0000000703100000|  0%| F|  |TAMS 0x0000000703000000, 0x0000000703000000| Untracked 
|  41|0x0000000703100000, 0x0000000703100000, 0x0000000703200000|  0%| F|  |TAMS 0x0000000703100000, 0x0000000703100000| Untracked 
|  42|0x0000000703200000, 0x0000000703200000, 0x0000000703300000|  0%| F|  |TAMS 0x0000000703200000, 0x0000000703200000| Untracked 
|  43|0x0000000703300000, 0x0000000703300000, 0x0000000703400000|  0%| F|  |TAMS 0x0000000703300000, 0x0000000703300000| Untracked 
|  44|0x0000000703400000, 0x0000000703400000, 0x0000000703500000|  0%| F|  |TAMS 0x0000000703400000, 0x0000000703400000| Untracked 
|  45|0x0000000703500000, 0x0000000703500000, 0x0000000703600000|  0%| F|  |TAMS 0x0000000703500000, 0x0000000703500000| Untracked 
|  46|0x0000000703600000, 0x0000000703600000, 0x0000000703700000|  0%| F|  |TAMS 0x0000000703600000, 0x0000000703600000| Untracked 
|  47|0x0000000703700000, 0x0000000703700000, 0x0000000703800000|  0%| F|  |TAMS 0x0000000703700000, 0x0000000703700000| Untracked 
|  48|0x0000000703800000, 0x0000000703800000, 0x0000000703900000|  0%| F|  |TAMS 0x0000000703800000, 0x0000000703800000| Untracked 
|  49|0x0000000703900000, 0x0000000703900000, 0x0000000703a00000|  0%| F|  |TAMS 0x0000000703900000, 0x0000000703900000| Untracked 
|  50|0x0000000703a00000, 0x0000000703a00000, 0x0000000703b00000|  0%| F|  |TAMS 0x0000000703a00000, 0x0000000703a00000| Untracked 
|  51|0x0000000703b00000, 0x0000000703b00000, 0x0000000703c00000|  0%| F|  |TAMS 0x0000000703b00000, 0x0000000703b00000| Untracked 
|  52|0x0000000703c00000, 0x0000000703c00000, 0x0000000703d00000|  0%| F|  |TAMS 0x0000000703c00000, 0x0000000703c00000| Untracked 
|  53|0x0000000703d00000, 0x0000000703d00000, 0x0000000703e00000|  0%| F|  |TAMS 0x0000000703d00000, 0x0000000703d00000| Untracked 
|  54|0x0000000703e00000, 0x0000000703e00000, 0x0000000703f00000|  0%| F|  |TAMS 0x0000000703e00000, 0x0000000703e00000| Untracked 
|  55|0x0000000703f00000, 0x0000000703f00000, 0x0000000704000000|  0%| F|  |TAMS 0x0000000703f00000, 0x0000000703f00000| Untracked 
|  56|0x0000000704000000, 0x0000000704000000, 0x0000000704100000|  0%| F|  |TAMS 0x0000000704000000, 0x0000000704000000| Untracked 
|  57|0x0000000704100000, 0x0000000704100000, 0x0000000704200000|  0%| F|  |TAMS 0x0000000704100000, 0x0000000704100000| Untracked 
|  58|0x0000000704200000, 0x0000000704200000, 0x0000000704300000|  0%| F|  |TAMS 0x0000000704200000, 0x0000000704200000| Untracked 
|  59|0x0000000704300000, 0x0000000704300000, 0x0000000704400000|  0%| F|  |TAMS 0x0000000704300000, 0x0000000704300000| Untracked 
|  60|0x0000000704400000, 0x0000000704400000, 0x0000000704500000|  0%| F|  |TAMS 0x0000000704400000, 0x0000000704400000| Untracked 
|  61|0x0000000704500000, 0x0000000704500000, 0x0000000704600000|  0%| F|  |TAMS 0x0000000704500000, 0x0000000704500000| Untracked 
|  62|0x0000000704600000, 0x0000000704600000, 0x0000000704700000|  0%| F|  |TAMS 0x0000000704600000, 0x0000000704600000| Untracked 
|  63|0x0000000704700000, 0x0000000704700000, 0x0000000704800000|  0%| F|  |TAMS 0x0000000704700000, 0x0000000704700000| Untracked 
|  64|0x0000000704800000, 0x0000000704800000, 0x0000000704900000|  0%| F|  |TAMS 0x0000000704800000, 0x0000000704800000| Untracked 
|  65|0x0000000704900000, 0x0000000704900000, 0x0000000704a00000|  0%| F|  |TAMS 0x0000000704900000, 0x0000000704900000| Untracked 
|  66|0x0000000704a00000, 0x0000000704a00000, 0x0000000704b00000|  0%| F|  |TAMS 0x0000000704a00000, 0x0000000704a00000| Untracked 
|  67|0x0000000704b00000, 0x0000000704b00000, 0x0000000704c00000|  0%| F|  |TAMS 0x0000000704b00000, 0x0000000704b00000| Untracked 
|  68|0x0000000704c00000, 0x0000000704c00000, 0x0000000704d00000|  0%| F|  |TAMS 0x0000000704c00000, 0x0000000704c00000| Untracked 
|  69|0x0000000704d00000, 0x0000000704d00000, 0x0000000704e00000|  0%| F|  |TAMS 0x0000000704d00000, 0x0000000704d00000| Untracked 
|  70|0x0000000704e00000, 0x0000000704e00000, 0x0000000704f00000|  0%| F|  |TAMS 0x0000000704e00000, 0x0000000704e00000| Untracked 
|  71|0x0000000704f00000, 0x0000000704f00000, 0x0000000705000000|  0%| F|  |TAMS 0x0000000704f00000, 0x0000000704f00000| Untracked 
|  72|0x0000000705000000, 0x0000000705000000, 0x0000000705100000|  0%| F|  |TAMS 0x0000000705000000, 0x0000000705000000| Untracked 
|  73|0x0000000705100000, 0x0000000705100000, 0x0000000705200000|  0%| F|  |TAMS 0x0000000705100000, 0x0000000705100000| Untracked 
|  74|0x0000000705200000, 0x0000000705200000, 0x0000000705300000|  0%| F|  |TAMS 0x0000000705200000, 0x0000000705200000| Untracked 
|  75|0x0000000705300000, 0x0000000705300000, 0x0000000705400000|  0%| F|  |TAMS 0x0000000705300000, 0x0000000705300000| Untracked 
|  76|0x0000000705400000, 0x0000000705400000, 0x0000000705500000|  0%| F|  |TAMS 0x0000000705400000, 0x0000000705400000| Untracked 
|  77|0x0000000705500000, 0x0000000705500000, 0x0000000705600000|  0%| F|  |TAMS 0x0000000705500000, 0x0000000705500000| Untracked 
|  78|0x0000000705600000, 0x0000000705600000, 0x0000000705700000|  0%| F|  |TAMS 0x0000000705600000, 0x0000000705600000| Untracked 
|  79|0x0000000705700000, 0x0000000705700000, 0x0000000705800000|  0%| F|  |TAMS 0x0000000705700000, 0x0000000705700000| Untracked 
|  80|0x0000000705800000, 0x0000000705800000, 0x0000000705900000|  0%| F|  |TAMS 0x0000000705800000, 0x0000000705800000| Untracked 
|  81|0x0000000705900000, 0x0000000705900000, 0x0000000705a00000|  0%| F|  |TAMS 0x0000000705900000, 0x0000000705900000| Untracked 
|  82|0x0000000705a00000, 0x0000000705a00000, 0x0000000705b00000|  0%| F|  |TAMS 0x0000000705a00000, 0x0000000705a00000| Untracked 
|  83|0x0000000705b00000, 0x0000000705b00000, 0x0000000705c00000|  0%| F|  |TAMS 0x0000000705b00000, 0x0000000705b00000| Untracked 
|  84|0x0000000705c00000, 0x0000000705c00000, 0x0000000705d00000|  0%| F|  |TAMS 0x0000000705c00000, 0x0000000705c00000| Untracked 
|  85|0x0000000705d00000, 0x0000000705d00000, 0x0000000705e00000|  0%| F|  |TAMS 0x0000000705d00000, 0x0000000705d00000| Untracked 
|  86|0x0000000705e00000, 0x0000000705e00000, 0x0000000705f00000|  0%| F|  |TAMS 0x0000000705e00000, 0x0000000705e00000| Untracked 
|  87|0x0000000705f00000, 0x0000000705f00000, 0x0000000706000000|  0%| F|  |TAMS 0x0000000705f00000, 0x0000000705f00000| Untracked 
|  88|0x0000000706000000, 0x0000000706000000, 0x0000000706100000|  0%| F|  |TAMS 0x0000000706000000, 0x0000000706000000| Untracked 
|  89|0x0000000706100000, 0x0000000706100000, 0x0000000706200000|  0%| F|  |TAMS 0x0000000706100000, 0x0000000706100000| Untracked 
|  90|0x0000000706200000, 0x0000000706200000, 0x0000000706300000|  0%| F|  |TAMS 0x0000000706200000, 0x0000000706200000| Untracked 
|  91|0x0000000706300000, 0x0000000706300000, 0x0000000706400000|  0%| F|  |TAMS 0x0000000706300000, 0x0000000706300000| Untracked 
|  92|0x0000000706400000, 0x0000000706400000, 0x0000000706500000|  0%| F|  |TAMS 0x0000000706400000, 0x0000000706400000| Untracked 
|  93|0x0000000706500000, 0x0000000706500000, 0x0000000706600000|  0%| F|  |TAMS 0x0000000706500000, 0x0000000706500000| Untracked 
|  94|0x0000000706600000, 0x0000000706600000, 0x0000000706700000|  0%| F|  |TAMS 0x0000000706600000, 0x0000000706600000| Untracked 
|  95|0x0000000706700000, 0x0000000706700000, 0x0000000706800000|  0%| F|  |TAMS 0x0000000706700000, 0x0000000706700000| Untracked 
|  96|0x0000000706800000, 0x0000000706800000, 0x0000000706900000|  0%| F|  |TAMS 0x0000000706800000, 0x0000000706800000| Untracked 
|  97|0x0000000706900000, 0x0000000706900000, 0x0000000706a00000|  0%| F|  |TAMS 0x0000000706900000, 0x0000000706900000| Untracked 
|  98|0x0000000706a00000, 0x0000000706a00000, 0x0000000706b00000|  0%| F|  |TAMS 0x0000000706a00000, 0x0000000706a00000| Untracked 
|  99|0x0000000706b00000, 0x0000000706b00000, 0x0000000706c00000|  0%| F|  |TAMS 0x0000000706b00000, 0x0000000706b00000| Untracked 
| 100|0x0000000706c00000, 0x0000000706c00000, 0x0000000706d00000|  0%| F|  |TAMS 0x0000000706c00000, 0x0000000706c00000| Untracked 
| 101|0x0000000706d00000, 0x0000000706d00000, 0x0000000706e00000|  0%| F|  |TAMS 0x0000000706d00000, 0x0000000706d00000| Untracked 
| 102|0x0000000706e00000, 0x0000000706e00000, 0x0000000706f00000|  0%| F|  |TAMS 0x0000000706e00000, 0x0000000706e00000| Untracked 
| 103|0x0000000706f00000, 0x0000000706f00000, 0x0000000707000000|  0%| F|  |TAMS 0x0000000706f00000, 0x0000000706f00000| Untracked 
| 104|0x0000000707000000, 0x0000000707000000, 0x0000000707100000|  0%| F|  |TAMS 0x0000000707000000, 0x0000000707000000| Untracked 
| 105|0x0000000707100000, 0x0000000707100000, 0x0000000707200000|  0%| F|  |TAMS 0x0000000707100000, 0x0000000707100000| Untracked 
| 106|0x0000000707200000, 0x0000000707200000, 0x0000000707300000|  0%| F|  |TAMS 0x0000000707200000, 0x0000000707200000| Untracked 
| 107|0x0000000707300000, 0x0000000707300000, 0x0000000707400000|  0%| F|  |TAMS 0x0000000707300000, 0x0000000707300000| Untracked 
| 108|0x0000000707400000, 0x0000000707400000, 0x0000000707500000|  0%| F|  |TAMS 0x0000000707400000, 0x0000000707400000| Untracked 
| 109|0x0000000707500000, 0x0000000707500000, 0x0000000707600000|  0%| F|  |TAMS 0x0000000707500000, 0x0000000707500000| Untracked 
| 110|0x0000000707600000, 0x0000000707600000, 0x0000000707700000|  0%| F|  |TAMS 0x0000000707600000, 0x0000000707600000| Untracked 
| 111|0x0000000707700000, 0x0000000707700000, 0x0000000707800000|  0%| F|  |TAMS 0x0000000707700000, 0x0000000707700000| Untracked 
| 112|0x0000000707800000, 0x0000000707800000, 0x0000000707900000|  0%| F|  |TAMS 0x0000000707800000, 0x0000000707800000| Untracked 
| 113|0x0000000707900000, 0x0000000707900000, 0x0000000707a00000|  0%| F|  |TAMS 0x0000000707900000, 0x0000000707900000| Untracked 
| 114|0x0000000707a00000, 0x0000000707a00000, 0x0000000707b00000|  0%| F|  |TAMS 0x0000000707a00000, 0x0000000707a00000| Untracked 
| 115|0x0000000707b00000, 0x0000000707b00000, 0x0000000707c00000|  0%| F|  |TAMS 0x0000000707b00000, 0x0000000707b00000| Untracked 
| 116|0x0000000707c00000, 0x0000000707c00000, 0x0000000707d00000|  0%| F|  |TAMS 0x0000000707c00000, 0x0000000707c00000| Untracked 
| 117|0x0000000707d00000, 0x0000000707d00000, 0x0000000707e00000|  0%| F|  |TAMS 0x0000000707d00000, 0x0000000707d00000| Untracked 
| 118|0x0000000707e00000, 0x0000000707e00000, 0x0000000707f00000|  0%| F|  |TAMS 0x0000000707e00000, 0x0000000707e00000| Untracked 
| 119|0x0000000707f00000, 0x0000000707f00000, 0x0000000708000000|  0%| F|  |TAMS 0x0000000707f00000, 0x0000000707f00000| Untracked 
| 120|0x0000000708000000, 0x0000000708000000, 0x0000000708100000|  0%| F|  |TAMS 0x0000000708000000, 0x0000000708000000| Untracked 
| 121|0x0000000708100000, 0x0000000708100000, 0x0000000708200000|  0%| F|  |TAMS 0x0000000708100000, 0x0000000708100000| Untracked 
| 122|0x0000000708200000, 0x0000000708200000, 0x0000000708300000|  0%| F|  |TAMS 0x0000000708200000, 0x0000000708200000| Untracked 
| 123|0x0000000708300000, 0x0000000708300000, 0x0000000708400000|  0%| F|  |TAMS 0x0000000708300000, 0x0000000708300000| Untracked 
| 124|0x0000000708400000, 0x0000000708400000, 0x0000000708500000|  0%| F|  |TAMS 0x0000000708400000, 0x0000000708400000| Untracked 
| 125|0x0000000708500000, 0x0000000708500000, 0x0000000708600000|  0%| F|  |TAMS 0x0000000708500000, 0x0000000708500000| Untracked 
| 126|0x0000000708600000, 0x0000000708600000, 0x0000000708700000|  0%| F|  |TAMS 0x0000000708600000, 0x0000000708600000| Untracked 
| 127|0x0000000708700000, 0x0000000708700000, 0x0000000708800000|  0%| F|  |TAMS 0x0000000708700000, 0x0000000708700000| Untracked 
| 128|0x0000000708800000, 0x0000000708800000, 0x0000000708900000|  0%| F|  |TAMS 0x0000000708800000, 0x0000000708800000| Untracked 
| 129|0x0000000708900000, 0x0000000708900000, 0x0000000708a00000|  0%| F|  |TAMS 0x0000000708900000, 0x0000000708900000| Untracked 
| 130|0x0000000708a00000, 0x0000000708a00000, 0x0000000708b00000|  0%| F|  |TAMS 0x0000000708a00000, 0x0000000708a00000| Untracked 
| 131|0x0000000708b00000, 0x0000000708b00000, 0x0000000708c00000|  0%| F|  |TAMS 0x0000000708b00000, 0x0000000708b00000| Untracked 
| 132|0x0000000708c00000, 0x0000000708c00000, 0x0000000708d00000|  0%| F|  |TAMS 0x0000000708c00000, 0x0000000708c00000| Untracked 
| 133|0x0000000708d00000, 0x0000000708d00000, 0x0000000708e00000|  0%| F|  |TAMS 0x0000000708d00000, 0x0000000708d00000| Untracked 
| 134|0x0000000708e00000, 0x0000000708e00000, 0x0000000708f00000|  0%| F|  |TAMS 0x0000000708e00000, 0x0000000708e00000| Untracked 
| 135|0x0000000708f00000, 0x0000000708f00000, 0x0000000709000000|  0%| F|  |TAMS 0x0000000708f00000, 0x0000000708f00000| Untracked 
| 136|0x0000000709000000, 0x0000000709000000, 0x0000000709100000|  0%| F|  |TAMS 0x0000000709000000, 0x0000000709000000| Untracked 
| 137|0x0000000709100000, 0x0000000709100000, 0x0000000709200000|  0%| F|  |TAMS 0x0000000709100000, 0x0000000709100000| Untracked 
| 138|0x0000000709200000, 0x0000000709200000, 0x0000000709300000|  0%| F|  |TAMS 0x0000000709200000, 0x0000000709200000| Untracked 
| 139|0x0000000709300000, 0x0000000709300000, 0x0000000709400000|  0%| F|  |TAMS 0x0000000709300000, 0x0000000709300000| Untracked 
| 140|0x0000000709400000, 0x0000000709400000, 0x0000000709500000|  0%| F|  |TAMS 0x0000000709400000, 0x0000000709400000| Untracked 
| 141|0x0000000709500000, 0x0000000709500000, 0x0000000709600000|  0%| F|  |TAMS 0x0000000709500000, 0x0000000709500000| Untracked 
| 142|0x0000000709600000, 0x0000000709600000, 0x0000000709700000|  0%| F|  |TAMS 0x0000000709600000, 0x0000000709600000| Untracked 
| 143|0x0000000709700000, 0x0000000709700000, 0x0000000709800000|  0%| F|  |TAMS 0x0000000709700000, 0x0000000709700000| Untracked 
| 144|0x0000000709800000, 0x0000000709800000, 0x0000000709900000|  0%| F|  |TAMS 0x0000000709800000, 0x0000000709800000| Untracked 
| 145|0x0000000709900000, 0x0000000709900000, 0x0000000709a00000|  0%| F|  |TAMS 0x0000000709900000, 0x0000000709900000| Untracked 
| 146|0x0000000709a00000, 0x0000000709a00000, 0x0000000709b00000|  0%| F|  |TAMS 0x0000000709a00000, 0x0000000709a00000| Untracked 
| 147|0x0000000709b00000, 0x0000000709b00000, 0x0000000709c00000|  0%| F|  |TAMS 0x0000000709b00000, 0x0000000709b00000| Untracked 
| 148|0x0000000709c00000, 0x0000000709c00000, 0x0000000709d00000|  0%| F|  |TAMS 0x0000000709c00000, 0x0000000709c00000| Untracked 
| 149|0x0000000709d00000, 0x0000000709d00000, 0x0000000709e00000|  0%| F|  |TAMS 0x0000000709d00000, 0x0000000709d00000| Untracked 
| 150|0x0000000709e00000, 0x0000000709e00000, 0x0000000709f00000|  0%| F|  |TAMS 0x0000000709e00000, 0x0000000709e00000| Untracked 
| 151|0x0000000709f00000, 0x0000000709f00000, 0x000000070a000000|  0%| F|  |TAMS 0x0000000709f00000, 0x0000000709f00000| Untracked 
| 152|0x000000070a000000, 0x000000070a000000, 0x000000070a100000|  0%| F|  |TAMS 0x000000070a000000, 0x000000070a000000| Untracked 
| 153|0x000000070a100000, 0x000000070a100000, 0x000000070a200000|  0%| F|  |TAMS 0x000000070a100000, 0x000000070a100000| Untracked 
| 154|0x000000070a200000, 0x000000070a200000, 0x000000070a300000|  0%| F|  |TAMS 0x000000070a200000, 0x000000070a200000| Untracked 
| 155|0x000000070a300000, 0x000000070a300000, 0x000000070a400000|  0%| F|  |TAMS 0x000000070a300000, 0x000000070a300000| Untracked 
| 156|0x000000070a400000, 0x000000070a400000, 0x000000070a500000|  0%| F|  |TAMS 0x000000070a400000, 0x000000070a400000| Untracked 
| 157|0x000000070a500000, 0x000000070a500000, 0x000000070a600000|  0%| F|  |TAMS 0x000000070a500000, 0x000000070a500000| Untracked 
| 158|0x000000070a600000, 0x000000070a600000, 0x000000070a700000|  0%| F|  |TAMS 0x000000070a600000, 0x000000070a600000| Untracked 
| 159|0x000000070a700000, 0x000000070a700000, 0x000000070a800000|  0%| F|  |TAMS 0x000000070a700000, 0x000000070a700000| Untracked 
| 160|0x000000070a800000, 0x000000070a800000, 0x000000070a900000|  0%| F|  |TAMS 0x000000070a800000, 0x000000070a800000| Untracked 
| 161|0x000000070a900000, 0x000000070a900000, 0x000000070aa00000|  0%| F|  |TAMS 0x000000070a900000, 0x000000070a900000| Untracked 
| 162|0x000000070aa00000, 0x000000070aa00000, 0x000000070ab00000|  0%| F|  |TAMS 0x000000070aa00000, 0x000000070aa00000| Untracked 
| 163|0x000000070ab00000, 0x000000070ab00000, 0x000000070ac00000|  0%| F|  |TAMS 0x000000070ab00000, 0x000000070ab00000| Untracked 
| 164|0x000000070ac00000, 0x000000070ac00000, 0x000000070ad00000|  0%| F|  |TAMS 0x000000070ac00000, 0x000000070ac00000| Untracked 
| 165|0x000000070ad00000, 0x000000070ad00000, 0x000000070ae00000|  0%| F|  |TAMS 0x000000070ad00000, 0x000000070ad00000| Untracked 
| 166|0x000000070ae00000, 0x000000070ae00000, 0x000000070af00000|  0%| F|  |TAMS 0x000000070ae00000, 0x000000070ae00000| Untracked 
| 167|0x000000070af00000, 0x000000070af00000, 0x000000070b000000|  0%| F|  |TAMS 0x000000070af00000, 0x000000070af00000| Untracked 
| 168|0x000000070b000000, 0x000000070b000000, 0x000000070b100000|  0%| F|  |TAMS 0x000000070b000000, 0x000000070b000000| Untracked 
| 169|0x000000070b100000, 0x000000070b100000, 0x000000070b200000|  0%| F|  |TAMS 0x000000070b100000, 0x000000070b100000| Untracked 
| 170|0x000000070b200000, 0x000000070b200000, 0x000000070b300000|  0%| F|  |TAMS 0x000000070b200000, 0x000000070b200000| Untracked 
| 171|0x000000070b300000, 0x000000070b300000, 0x000000070b400000|  0%| F|  |TAMS 0x000000070b300000, 0x000000070b300000| Untracked 
| 172|0x000000070b400000, 0x000000070b400000, 0x000000070b500000|  0%| F|  |TAMS 0x000000070b400000, 0x000000070b400000| Untracked 
| 173|0x000000070b500000, 0x000000070b500000, 0x000000070b600000|  0%| F|  |TAMS 0x000000070b500000, 0x000000070b500000| Untracked 
| 174|0x000000070b600000, 0x000000070b600000, 0x000000070b700000|  0%| F|  |TAMS 0x000000070b600000, 0x000000070b600000| Untracked 
| 175|0x000000070b700000, 0x000000070b700000, 0x000000070b800000|  0%| F|  |TAMS 0x000000070b700000, 0x000000070b700000| Untracked 
| 176|0x000000070b800000, 0x000000070b800000, 0x000000070b900000|  0%| F|  |TAMS 0x000000070b800000, 0x000000070b800000| Untracked 
| 177|0x000000070b900000, 0x000000070b900000, 0x000000070ba00000|  0%| F|  |TAMS 0x000000070b900000, 0x000000070b900000| Untracked 
| 178|0x000000070ba00000, 0x000000070ba00000, 0x000000070bb00000|  0%| F|  |TAMS 0x000000070ba00000, 0x000000070ba00000| Untracked 
| 179|0x000000070bb00000, 0x000000070bb00000, 0x000000070bc00000|  0%| F|  |TAMS 0x000000070bb00000, 0x000000070bb00000| Untracked 
| 180|0x000000070bc00000, 0x000000070bc00000, 0x000000070bd00000|  0%| F|  |TAMS 0x000000070bc00000, 0x000000070bc00000| Untracked 
| 181|0x000000070bd00000, 0x000000070bd00000, 0x000000070be00000|  0%| F|  |TAMS 0x000000070bd00000, 0x000000070bd00000| Untracked 
| 182|0x000000070be00000, 0x000000070be00000, 0x000000070bf00000|  0%| F|  |TAMS 0x000000070be00000, 0x000000070be00000| Untracked 
| 183|0x000000070bf00000, 0x000000070bf00000, 0x000000070c000000|  0%| F|  |TAMS 0x000000070bf00000, 0x000000070bf00000| Untracked 
| 184|0x000000070c000000, 0x000000070c000000, 0x000000070c100000|  0%| F|  |TAMS 0x000000070c000000, 0x000000070c000000| Untracked 
| 185|0x000000070c100000, 0x000000070c100000, 0x000000070c200000|  0%| F|  |TAMS 0x000000070c100000, 0x000000070c100000| Untracked 
| 186|0x000000070c200000, 0x000000070c200000, 0x000000070c300000|  0%| F|  |TAMS 0x000000070c200000, 0x000000070c200000| Untracked 
| 187|0x000000070c300000, 0x000000070c300000, 0x000000070c400000|  0%| F|  |TAMS 0x000000070c300000, 0x000000070c300000| Untracked 
| 188|0x000000070c400000, 0x000000070c400000, 0x000000070c500000|  0%| F|  |TAMS 0x000000070c400000, 0x000000070c400000| Untracked 
| 189|0x000000070c500000, 0x000000070c500000, 0x000000070c600000|  0%| F|  |TAMS 0x000000070c500000, 0x000000070c500000| Untracked 
| 190|0x000000070c600000, 0x000000070c600000, 0x000000070c700000|  0%| F|  |TAMS 0x000000070c600000, 0x000000070c600000| Untracked 
| 191|0x000000070c700000, 0x000000070c700000, 0x000000070c800000|  0%| F|  |TAMS 0x000000070c700000, 0x000000070c700000| Untracked 
| 192|0x000000070c800000, 0x000000070c800000, 0x000000070c900000|  0%| F|  |TAMS 0x000000070c800000, 0x000000070c800000| Untracked 
| 193|0x000000070c900000, 0x000000070c900000, 0x000000070ca00000|  0%| F|  |TAMS 0x000000070c900000, 0x000000070c900000| Untracked 
| 194|0x000000070ca00000, 0x000000070ca00000, 0x000000070cb00000|  0%| F|  |TAMS 0x000000070ca00000, 0x000000070ca00000| Untracked 
| 195|0x000000070cb00000, 0x000000070cb00000, 0x000000070cc00000|  0%| F|  |TAMS 0x000000070cb00000, 0x000000070cb00000| Untracked 
| 196|0x000000070cc00000, 0x000000070cc00000, 0x000000070cd00000|  0%| F|  |TAMS 0x000000070cc00000, 0x000000070cc00000| Untracked 
| 197|0x000000070cd00000, 0x000000070cd00000, 0x000000070ce00000|  0%| F|  |TAMS 0x000000070cd00000, 0x000000070cd00000| Untracked 
| 198|0x000000070ce00000, 0x000000070ce00000, 0x000000070cf00000|  0%| F|  |TAMS 0x000000070ce00000, 0x000000070ce00000| Untracked 
| 199|0x000000070cf00000, 0x000000070cf00000, 0x000000070d000000|  0%| F|  |TAMS 0x000000070cf00000, 0x000000070cf00000| Untracked 
| 200|0x000000070d000000, 0x000000070d000000, 0x000000070d100000|  0%| F|  |TAMS 0x000000070d000000, 0x000000070d000000| Untracked 
| 201|0x000000070d100000, 0x000000070d100000, 0x000000070d200000|  0%| F|  |TAMS 0x000000070d100000, 0x000000070d100000| Untracked 
| 202|0x000000070d200000, 0x000000070d200000, 0x000000070d300000|  0%| F|  |TAMS 0x000000070d200000, 0x000000070d200000| Untracked 
| 203|0x000000070d300000, 0x000000070d300000, 0x000000070d400000|  0%| F|  |TAMS 0x000000070d300000, 0x000000070d300000| Untracked 
| 204|0x000000070d400000, 0x000000070d400000, 0x000000070d500000|  0%| F|  |TAMS 0x000000070d400000, 0x000000070d400000| Untracked 
| 205|0x000000070d500000, 0x000000070d500000, 0x000000070d600000|  0%| F|  |TAMS 0x000000070d500000, 0x000000070d500000| Untracked 
| 206|0x000000070d600000, 0x000000070d600000, 0x000000070d700000|  0%| F|  |TAMS 0x000000070d600000, 0x000000070d600000| Untracked 
| 207|0x000000070d700000, 0x000000070d700000, 0x000000070d800000|  0%| F|  |TAMS 0x000000070d700000, 0x000000070d700000| Untracked 
| 208|0x000000070d800000, 0x000000070d800000, 0x000000070d900000|  0%| F|  |TAMS 0x000000070d800000, 0x000000070d800000| Untracked 
| 209|0x000000070d900000, 0x000000070d900000, 0x000000070da00000|  0%| F|  |TAMS 0x000000070d900000, 0x000000070d900000| Untracked 
| 210|0x000000070da00000, 0x000000070da00000, 0x000000070db00000|  0%| F|  |TAMS 0x000000070da00000, 0x000000070da00000| Untracked 
| 211|0x000000070db00000, 0x000000070db00000, 0x000000070dc00000|  0%| F|  |TAMS 0x000000070db00000, 0x000000070db00000| Untracked 
| 212|0x000000070dc00000, 0x000000070dc00000, 0x000000070dd00000|  0%| F|  |TAMS 0x000000070dc00000, 0x000000070dc00000| Untracked 
| 213|0x000000070dd00000, 0x000000070dd00000, 0x000000070de00000|  0%| F|  |TAMS 0x000000070dd00000, 0x000000070dd00000| Untracked 
| 214|0x000000070de00000, 0x000000070de00000, 0x000000070df00000|  0%| F|  |TAMS 0x000000070de00000, 0x000000070de00000| Untracked 
| 215|0x000000070df00000, 0x000000070df00000, 0x000000070e000000|  0%| F|  |TAMS 0x000000070df00000, 0x000000070df00000| Untracked 
| 216|0x000000070e000000, 0x000000070e000000, 0x000000070e100000|  0%| F|  |TAMS 0x000000070e000000, 0x000000070e000000| Untracked 
| 217|0x000000070e100000, 0x000000070e100000, 0x000000070e200000|  0%| F|  |TAMS 0x000000070e100000, 0x000000070e100000| Untracked 
| 218|0x000000070e200000, 0x000000070e200000, 0x000000070e300000|  0%| F|  |TAMS 0x000000070e200000, 0x000000070e200000| Untracked 
| 219|0x000000070e300000, 0x000000070e377178, 0x000000070e400000| 46%| S|CS|TAMS 0x000000070e300000, 0x000000070e300000| Complete 
| 220|0x000000070e400000, 0x000000070e500000, 0x000000070e500000|100%| S|CS|TAMS 0x000000070e400000, 0x000000070e400000| Complete 
| 221|0x000000070e500000, 0x000000070e600000, 0x000000070e600000|100%| S|CS|TAMS 0x000000070e500000, 0x000000070e500000| Complete 
| 222|0x000000070e600000, 0x000000070e700000, 0x000000070e700000|100%| S|CS|TAMS 0x000000070e600000, 0x000000070e600000| Complete 
| 223|0x000000070e700000, 0x000000070e800000, 0x000000070e800000|100%| S|CS|TAMS 0x000000070e700000, 0x000000070e700000| Complete 
| 224|0x000000070e800000, 0x000000070e900000, 0x000000070e900000|100%| S|CS|TAMS 0x000000070e800000, 0x000000070e800000| Complete 
| 225|0x000000070e900000, 0x000000070ea00000, 0x000000070ea00000|100%| S|CS|TAMS 0x000000070e900000, 0x000000070e900000| Complete 
| 226|0x000000070ea00000, 0x000000070ea00000, 0x000000070eb00000|  0%| F|  |TAMS 0x000000070ea00000, 0x000000070ea00000| Untracked 
| 227|0x000000070eb00000, 0x000000070eb00000, 0x000000070ec00000|  0%| F|  |TAMS 0x000000070eb00000, 0x000000070eb00000| Untracked 
| 228|0x000000070ec00000, 0x000000070ec00000, 0x000000070ed00000|  0%| F|  |TAMS 0x000000070ec00000, 0x000000070ec00000| Untracked 
| 229|0x000000070ed00000, 0x000000070ed00000, 0x000000070ee00000|  0%| F|  |TAMS 0x000000070ed00000, 0x000000070ed00000| Untracked 
| 230|0x000000070ee00000, 0x000000070ee00000, 0x000000070ef00000|  0%| F|  |TAMS 0x000000070ee00000, 0x000000070ee00000| Untracked 
| 231|0x000000070ef00000, 0x000000070ef00000, 0x000000070f000000|  0%| F|  |TAMS 0x000000070ef00000, 0x000000070ef00000| Untracked 
| 232|0x000000070f000000, 0x000000070f000000, 0x000000070f100000|  0%| F|  |TAMS 0x000000070f000000, 0x000000070f000000| Untracked 
| 233|0x000000070f100000, 0x000000070f100000, 0x000000070f200000|  0%| F|  |TAMS 0x000000070f100000, 0x000000070f100000| Untracked 
| 234|0x000000070f200000, 0x000000070f200000, 0x000000070f300000|  0%| F|  |TAMS 0x000000070f200000, 0x000000070f200000| Untracked 
| 235|0x000000070f300000, 0x000000070f300000, 0x000000070f400000|  0%| F|  |TAMS 0x000000070f300000, 0x000000070f300000| Untracked 
| 236|0x000000070f400000, 0x000000070f400000, 0x000000070f500000|  0%| F|  |TAMS 0x000000070f400000, 0x000000070f400000| Untracked 
| 237|0x000000070f500000, 0x000000070f500000, 0x000000070f600000|  0%| F|  |TAMS 0x000000070f500000, 0x000000070f500000| Untracked 
| 238|0x000000070f600000, 0x000000070f600000, 0x000000070f700000|  0%| F|  |TAMS 0x000000070f600000, 0x000000070f600000| Untracked 
| 239|0x000000070f700000, 0x000000070f700000, 0x000000070f800000|  0%| F|  |TAMS 0x000000070f700000, 0x000000070f700000| Untracked 
| 240|0x000000070f800000, 0x000000070f800000, 0x000000070f900000|  0%| F|  |TAMS 0x000000070f800000, 0x000000070f800000| Untracked 
| 241|0x000000070f900000, 0x000000070f900000, 0x000000070fa00000|  0%| F|  |TAMS 0x000000070f900000, 0x000000070f900000| Untracked 
| 242|0x000000070fa00000, 0x000000070fa00000, 0x000000070fb00000|  0%| F|  |TAMS 0x000000070fa00000, 0x000000070fa00000| Untracked 
| 243|0x000000070fb00000, 0x000000070fb00000, 0x000000070fc00000|  0%| F|  |TAMS 0x000000070fb00000, 0x000000070fb00000| Untracked 
| 244|0x000000070fc00000, 0x000000070fc00000, 0x000000070fd00000|  0%| F|  |TAMS 0x000000070fc00000, 0x000000070fc00000| Untracked 
| 245|0x000000070fd00000, 0x000000070fd00000, 0x000000070fe00000|  0%| F|  |TAMS 0x000000070fd00000, 0x000000070fd00000| Untracked 
| 246|0x000000070fe00000, 0x000000070fe00000, 0x000000070ff00000|  0%| F|  |TAMS 0x000000070fe00000, 0x000000070fe00000| Untracked 
| 247|0x000000070ff00000, 0x000000070ff00000, 0x0000000710000000|  0%| F|  |TAMS 0x000000070ff00000, 0x000000070ff00000| Untracked 
| 248|0x0000000710000000, 0x0000000710000000, 0x0000000710100000|  0%| F|  |TAMS 0x0000000710000000, 0x0000000710000000| Untracked 
| 249|0x0000000710100000, 0x00000007101df980, 0x0000000710200000| 87%| E|  |TAMS 0x0000000710100000, 0x0000000710100000| Complete 
| 250|0x0000000710200000, 0x0000000710300000, 0x0000000710300000|100%| E|CS|TAMS 0x0000000710200000, 0x0000000710200000| Complete 
| 251|0x0000000710300000, 0x0000000710400000, 0x0000000710400000|100%| E|CS|TAMS 0x0000000710300000, 0x0000000710300000| Complete 
| 252|0x0000000710400000, 0x0000000710500000, 0x0000000710500000|100%| E|CS|TAMS 0x0000000710400000, 0x0000000710400000| Complete 
| 253|0x0000000710500000, 0x0000000710600000, 0x0000000710600000|100%| E|CS|TAMS 0x0000000710500000, 0x0000000710500000| Complete 
| 254|0x0000000710600000, 0x0000000710700000, 0x0000000710700000|100%| E|CS|TAMS 0x0000000710600000, 0x0000000710600000| Complete 
| 255|0x0000000710700000, 0x0000000710800000, 0x0000000710800000|100%| E|CS|TAMS 0x0000000710700000, 0x0000000710700000| Complete 

Card table byte_map: [0x0000020676590000,0x0000020676d90000] _byte_map_base: 0x0000020672d8c000

Marking Bits (Prev, Next): (CMBitMap*) 0x000002065c7aabe0, (CMBitMap*) 0x000002065c7aaba8
 Prev Bits: [0x000002067b570000, 0x000002067f550000)
 Next Bits: [0x0000020677590000, 0x000002067b570000)

Polling page: 0x000002065c620000

Metaspace:

Usage:
  Non-class:     19.16 MB capacity,    18.77 MB ( 98%) used,   314.91 KB (  2%) free+waste,    85.25 KB ( <1%) overhead. 
      Class:      3.11 MB capacity,     2.78 MB ( 90%) used,   284.97 KB (  9%) free+waste,    44.38 KB (  1%) overhead. 
       Both:     22.26 MB capacity,    21.55 MB ( 97%) used,   599.88 KB (  3%) free+waste,   129.63 KB ( <1%) overhead. 

Virtual space:
  Non-class space:       20.00 MB reserved,      19.25 MB ( 96%) committed 
      Class space:        1.00 GB reserved,       3.13 MB ( <1%) committed 
             Both:        1.02 GB reserved,      22.38 MB (  2%) committed 

Chunk freelists:
   Non-Class:  4.00 KB
       Class:  0 bytes
        Both:  4.00 KB

CodeHeap 'non-profiled nmethods': size=120000Kb used=882Kb max_used=882Kb free=119117Kb
 bounds [0x000002066ddf0000, 0x000002066e060000, 0x0000020675320000]
CodeHeap 'profiled nmethods': size=120000Kb used=3785Kb max_used=3785Kb free=116214Kb
 bounds [0x00000206668c0000, 0x0000020666c80000, 0x000002066ddf0000]
CodeHeap 'non-nmethods': size=5760Kb used=1336Kb max_used=1362Kb free=4423Kb
 bounds [0x0000020666320000, 0x0000020666590000, 0x00000206668c0000]
 total_blobs=2845 nmethods=2099 adapters=657
 compilation: enabled
              stopped_count=0, restarted_count=0
 full_count=0

Compilation events (10 events):
Event: 2.637 Thread 0x0000020602ae8800 1985       1       com.sun.javafx.geom.transform.AffineBase::getMyy (5 bytes)
Event: 2.637 Thread 0x0000020602ae8800 nmethod 1985 0x000002066deb2a10 code [0x000002066deb2ba0, 0x000002066deb2cb8]
Event: 2.638 Thread 0x0000020602ae8800 1986       1       javafx.scene.layout.CornerRadii::getTopLeftVerticalRadius (5 bytes)
Event: 2.638 Thread 0x0000020602ae8800 nmethod 1986 0x000002066deb2d10 code [0x000002066deb2ea0, 0x000002066deb2fb8]
Event: 2.638 Thread 0x0000020602ad8000 1987       4       java.lang.Math::max (11 bytes)
Event: 2.639 Thread 0x0000020602ad8000 nmethod 1987 0x000002066deb3010 code [0x000002066deb3180, 0x000002066deb31d8]
Event: 2.642 Thread 0x0000020602ae8800 1988       1       com.sun.prism.impl.BaseGraphics::isDepthBuffer (5 bytes)
Event: 2.643 Thread 0x0000020602ae8800 nmethod 1988 0x000002066deb3290 code [0x000002066deb3420, 0x000002066deb3538]
Event: 2.643 Thread 0x0000020602ae8800 1989       1       com.sun.javafx.geom.transform.BaseTransform::getMzt (2 bytes)
Event: 2.643 Thread 0x0000020602ae8800 nmethod 1989 0x000002066deb3590 code [0x000002066deb3720, 0x000002066deb3838]

GC Heap History (4 events):
Event: 1.305 GC heap before
{Heap before GC invocations=0 (full 0):
 garbage-first heap   total 262144K, used 23552K [0x0000000700800000, 0x0000000800000000)
  region size 1024K, 24 young (24576K), 0 survivors (0K)
 Metaspace       used 12868K, capacity 13252K, committed 13440K, reserved 1060864K
  class space    used 1392K, capacity 1556K, committed 1664K, reserved 1048576K
}
Event: 1.312 GC heap after
{Heap after GC invocations=1 (full 0):
 garbage-first heap   total 262144K, used 3111K [0x0000000700800000, 0x0000000800000000)
  region size 1024K, 3 young (3072K), 3 survivors (3072K)
 Metaspace       used 12868K, capacity 13252K, committed 13440K, reserved 1060864K
  class space    used 1392K, capacity 1556K, committed 1664K, reserved 1048576K
}
Event: 2.284 GC heap before
{Heap before GC invocations=1 (full 0):
 garbage-first heap   total 262144K, used 29735K [0x0000000700800000, 0x0000000800000000)
  region size 1024K, 30 young (30720K), 3 survivors (3072K)
 Metaspace       used 20426K, capacity 21088K, committed 21248K, reserved 1067008K
  class space    used 2662K, capacity 2973K, committed 3072K, reserved 1048576K
}
Event: 2.298 GC heap after
{Heap after GC invocations=2 (full 0):
 garbage-first heap   total 262144K, used 6659K [0x0000000700800000, 0x0000000800000000)
  region size 1024K, 7 young (7168K), 7 survivors (7168K)
 Metaspace       used 20426K, capacity 21088K, committed 21248K, reserved 1067008K
  class space    used 2662K, capacity 2973K, committed 3072K, reserved 1048576K
}

Deoptimization events (10 events):
Event: 1.570 Thread 0x0000020603a13800 Uncommon trap: reason=intrinsic_or_type_checked_inlining action=make_not_entrant pc=0x000002066de5b4f0 method=java.util.Arrays.copyOf([Ljava/lang/Object;ILjava/lang/Class;)[Ljava/lang/Object; @ 35 c2
Event: 1.722 Thread 0x0000020603a13800 Uncommon trap: reason=unstable_if action=reinterpret pc=0x000002066de5c8d8 method=java.util.HashMap.hash(Ljava/lang/Object;)I @ 1 c2
Event: 1.722 Thread 0x0000020603a13800 Uncommon trap: reason=unstable_if action=reinterpret pc=0x000002066de4a474 method=java.util.HashMap.hash(Ljava/lang/Object;)I @ 1 c2
Event: 1.748 Thread 0x0000020603a13800 Uncommon trap: reason=unstable_if action=reinterpret pc=0x000002066de0f8b8 method=java.util.HashMap.hash(Ljava/lang/Object;)I @ 1 c2
Event: 1.829 Thread 0x0000020603a13800 Uncommon trap: reason=unstable_if action=reinterpret pc=0x000002066de0f5d4 method=java.lang.StringLatin1.canEncode(I)Z @ 4 c2
Event: 1.966 Thread 0x0000020603a13800 Uncommon trap: reason=class_check action=maybe_recompile pc=0x000002066ddffa6c method=java.lang.String.equals(Ljava/lang/Object;)Z @ 8 c2
Event: 1.966 Thread 0x0000020603a13800 Uncommon trap: reason=class_check action=maybe_recompile pc=0x000002066ddffa6c method=java.lang.String.equals(Ljava/lang/Object;)Z @ 8 c2
Event: 1.966 Thread 0x0000020603a13800 Uncommon trap: reason=class_check action=maybe_recompile pc=0x000002066ddffa6c method=java.lang.String.equals(Ljava/lang/Object;)Z @ 8 c2
Event: 1.968 Thread 0x0000020603a13800 Uncommon trap: reason=class_check action=maybe_recompile pc=0x000002066ddffa6c method=java.lang.String.equals(Ljava/lang/Object;)Z @ 8 c2
Event: 2.349 Thread 0x0000020603a13800 Uncommon trap: reason=unstable_if action=reinterpret pc=0x000002066de8a4dc method=java.util.WeakHashMap.expungeStaleEntries()V @ 9 c2

Classes redefined (0 events):
No events

Internal exceptions (10 events):
Event: 1.748 Thread 0x0000020603a13800 Implicit null exception at 0x000002066de0f82f to 0x000002066de0f8a9
Event: 1.999 Thread 0x0000020603a13800 Exception <a 'java/lang/NoSuchMethodError'{0x000000070f49dde0}: java.lang.invoke.Invokers$Holder.linkToTargetMethod(Ljava/lang/Object;ILjava/lang/Object;)Ljava/lang/Object;> (0x000000070f49dde0) thrown at [./open/src/hotspot/share/interpreter/linkResolver
Event: 2.019 Thread 0x0000020603a13800 Exception <a 'java/lang/NoSuchMethodError'{0x000000070f311368}: java.lang.invoke.DirectMethodHandle$Holder.invokeInterface(Ljava/lang/Object;Ljava/lang/Object;Ljava/lang/Object;)Ljava/lang/Object;> (0x000000070f311368) thrown at [./open/src/hotspot/share/
Event: 2.019 Thread 0x0000020603a13800 Exception <a 'java/lang/IncompatibleClassChangeError'{0x000000070f3147c8}: Found class java.lang.Object, but interface was expected> (0x000000070f3147c8) thrown at [./open/src/hotspot/share/interpreter/linkResolver.cpp, line 838]
Event: 2.099 Thread 0x0000020603a13800 Exception <a 'java/lang/ClassNotFoundException'{0x000000070f2652e0}: com/sun/javafx/scene/control/skin/resources/controls> (0x000000070f2652e0) thrown at [./open/src/hotspot/share/prims/jni.cpp, line 632]
Event: 2.102 Thread 0x0000020603a13800 Exception <a 'java/lang/ClassNotFoundException'{0x000000070f272e30}: com/sun/javafx/scene/control/skin/resources/controls_en> (0x000000070f272e30) thrown at [./open/src/hotspot/share/prims/jni.cpp, line 632]
Event: 2.103 Thread 0x0000020603a13800 Exception <a 'java/lang/ClassNotFoundException'{0x000000070f275480}: com/sun/javafx/scene/control/skin/resources/controls_en_US> (0x000000070f275480) thrown at [./open/src/hotspot/share/prims/jni.cpp, line 632]
Event: 2.138 Thread 0x0000020603a13800 Exception <a 'java/lang/NoSuchMethodError'{0x000000070f1503a8}: java.lang.invoke.DirectMethodHandle$Holder.invokeStaticInit(Ljava/lang/Object;Ljava/lang/Object;)I> (0x000000070f1503a8) thrown at [./open/src/hotspot/share/interpreter/linkResolver.cpp, line
Event: 2.191 Thread 0x0000020603a13800 Exception <a 'java/lang/NoSuchMethodError'{0x000000070ecc2280}: java.lang.invoke.DirectMethodHandle$Holder.invokeSpecial(Ljava/lang/Object;Ljava/lang/Object;Ljava/lang/Object;Ljava/lang/Object;Ljava/lang/Object;Ljava/lang/Object;)V> (0x000000070ecc2280) t
Event: 2.443 Thread 0x0000020602fdd000 Exception <a 'java/lang/NoSuchMethodError'{0x000000071044c1e8}: java.lang.invoke.DirectMethodHandle$Holder.invokeStaticInit(Ljava/lang/Object;I)Ljava/lang/Object;> (0x000000071044c1e8) thrown at [./open/src/hotspot/share/interpreter/linkResolver.cpp, line

Events (10 events):
Event: 2.548 loading class java/nio/DoubleBuffer
Event: 2.548 loading class java/nio/DoubleBuffer done
Event: 2.548 loading class java/nio/DirectFloatBufferU
Event: 2.548 loading class java/nio/DirectFloatBufferU done
Event: 2.570 Executing VM operation: RevokeBias
Event: 2.570 Executing VM operation: RevokeBias done
Event: 2.583 Executing VM operation: RevokeBias
Event: 2.583 Executing VM operation: RevokeBias done
Event: 2.647 Executing VM operation: RevokeBias
Event: 2.647 Executing VM operation: RevokeBias done


Dynamic libraries:
0x00007ff6f5c90000 - 0x00007ff6f5c9f000 	C:\Program Files\Java\jdk-11.0.8\bin\java.exe
0x00007ffa30090000 - 0x00007ffa30286000 	C:\WINDOWS\SYSTEM32\ntdll.dll
0x00007ffa2f070000 - 0x00007ffa2f12d000 	C:\WINDOWS\System32\KERNEL32.DLL
0x00007ffa2db80000 - 0x00007ffa2de48000 	C:\WINDOWS\System32\KERNELBASE.dll
0x00007ffa2d940000 - 0x00007ffa2da40000 	C:\WINDOWS\System32\ucrtbase.dll
0x00007ffa27740000 - 0x00007ffa27755000 	C:\Program Files\Java\jdk-11.0.8\bin\VCRUNTIME140.dll
0x00007ffa276d0000 - 0x00007ffa276e8000 	C:\Program Files\Java\jdk-11.0.8\bin\jli.dll
0x00007ffa2f770000 - 0x00007ffa2f81c000 	C:\WINDOWS\System32\ADVAPI32.dll
0x00007ffa2e1e0000 - 0x00007ffa2e27e000 	C:\WINDOWS\System32\msvcrt.dll
0x00007ffa2f460000 - 0x00007ffa2f4fb000 	C:\WINDOWS\System32\sechost.dll
0x00007ffa2eab0000 - 0x00007ffa2ebd4000 	C:\WINDOWS\System32\RPCRT4.dll
0x00007ffa2e280000 - 0x00007ffa2e420000 	C:\WINDOWS\System32\USER32.dll
0x00007ffa25000000 - 0x00007ffa2529b000 	C:\WINDOWS\WinSxS\amd64_microsoft.windows.common-controls_6595b64144ccf1df_6.0.19041.488_none_ca04af081b815d21\COMCTL32.dll
0x00007ffa2da40000 - 0x00007ffa2da62000 	C:\WINDOWS\System32\win32u.dll
0x00007ffa2f1e0000 - 0x00007ffa2f20a000 	C:\WINDOWS\System32\GDI32.dll
0x00007ffa2da70000 - 0x00007ffa2db79000 	C:\WINDOWS\System32\gdi32full.dll
0x00007ffa2d7d0000 - 0x00007ffa2d86d000 	C:\WINDOWS\System32\msvcp_win.dll
0x00007ffa27bc0000 - 0x00007ffa27bca000 	C:\WINDOWS\SYSTEM32\VERSION.dll
0x00007ffa2f430000 - 0x00007ffa2f460000 	C:\WINDOWS\System32\IMM32.DLL
0x00007ff9f3e10000 - 0x00007ff9f3eab000 	C:\Program Files\Java\jdk-11.0.8\bin\msvcp140.dll
0x00007ff9dcc50000 - 0x00007ff9dd736000 	C:\Program Files\Java\jdk-11.0.8\bin\server\jvm.dll
0x00007ffa2e600000 - 0x00007ffa2e608000 	C:\WINDOWS\System32\PSAPI.DLL
0x00007ffa18cb0000 - 0x00007ffa18cb9000 	C:\WINDOWS\SYSTEM32\WSOCK32.dll
0x00007ffa25b00000 - 0x00007ffa25b27000 	C:\WINDOWS\SYSTEM32\WINMM.dll
0x00007ffa2f210000 - 0x00007ffa2f27b000 	C:\WINDOWS\System32\WS2_32.dll
0x00007ffa2c0d0000 - 0x00007ffa2c0e2000 	C:\WINDOWS\SYSTEM32\kernel.appcore.dll
0x00007ffa2aac0000 - 0x00007ffa2aad0000 	C:\Program Files\Java\jdk-11.0.8\bin\verify.dll
0x00007ffa13fe0000 - 0x00007ffa141c4000 	C:\WINDOWS\SYSTEM32\DBGHELP.DLL
0x00007ffa13fb0000 - 0x00007ffa13fdc000 	C:\WINDOWS\SYSTEM32\dbgcore.DLL
0x00007ffa2d8c0000 - 0x00007ffa2d93f000 	C:\WINDOWS\System32\bcryptPrimitives.dll
0x00007ffa261e0000 - 0x00007ffa26208000 	C:\Program Files\Java\jdk-11.0.8\bin\java.dll
0x00007ffa255d0000 - 0x00007ffa255da000 	C:\Program Files\Java\jdk-11.0.8\bin\jimage.dll
0x00007ffa254f0000 - 0x00007ffa25506000 	C:\Program Files\Java\jdk-11.0.8\bin\zip.dll
0x00007ffa2f820000 - 0x00007ffa2ff61000 	C:\WINDOWS\System32\SHELL32.dll
0x00007ffa2b710000 - 0x00007ffa2bea5000 	C:\WINDOWS\SYSTEM32\windows.storage.dll
0x00007ffa2e750000 - 0x00007ffa2eaa5000 	C:\WINDOWS\System32\combase.dll
0x00007ffa2d240000 - 0x00007ffa2d26c000 	C:\WINDOWS\SYSTEM32\Wldp.dll
0x00007ffa2f130000 - 0x00007ffa2f1de000 	C:\WINDOWS\System32\SHCORE.dll
0x00007ffa2fff0000 - 0x00007ffa30045000 	C:\WINDOWS\System32\shlwapi.dll
0x00007ffa2d700000 - 0x00007ffa2d726000 	C:\WINDOWS\SYSTEM32\profapi.dll
0x00007ffa24d90000 - 0x00007ffa24da9000 	C:\Program Files\Java\jdk-11.0.8\bin\net.dll
0x00007ffa23a60000 - 0x00007ffa23b60000 	C:\WINDOWS\SYSTEM32\WINHTTP.dll
0x00007ffa2cfc0000 - 0x00007ffa2d02a000 	C:\WINDOWS\system32\mswsock.dll
0x00007ffa1d880000 - 0x00007ffa1d892000 	C:\Program Files\Java\jdk-11.0.8\bin\nio.dll
0x000002067fff0000 - 0x000002067fff3000 	C:\Program Files\Java\javafx-sdk-11.0.2\bin\api-ms-win-core-console-l1-1-0.dll
0x00000206045d0000 - 0x00000206045d3000 	C:\Program Files\Java\javafx-sdk-11.0.2\bin\api-ms-win-core-datetime-l1-1-0.dll
0x00000206045e0000 - 0x00000206045e3000 	C:\Program Files\Java\javafx-sdk-11.0.2\bin\api-ms-win-core-debug-l1-1-0.dll
0x00000206045f0000 - 0x00000206045f3000 	C:\Program Files\Java\javafx-sdk-11.0.2\bin\api-ms-win-core-errorhandling-l1-1-0.dll
0x0000020604600000 - 0x0000020604604000 	C:\Program Files\Java\javafx-sdk-11.0.2\bin\api-ms-win-core-file-l1-1-0.dll
0x0000020604610000 - 0x0000020604613000 	C:\Program Files\Java\javafx-sdk-11.0.2\bin\api-ms-win-core-file-l1-2-0.dll
0x0000020604620000 - 0x0000020604623000 	C:\Program Files\Java\javafx-sdk-11.0.2\bin\api-ms-win-core-file-l2-1-0.dll
0x0000020604630000 - 0x0000020604633000 	C:\Program Files\Java\javafx-sdk-11.0.2\bin\api-ms-win-core-handle-l1-1-0.dll
0x0000020604640000 - 0x0000020604643000 	C:\Program Files\Java\javafx-sdk-11.0.2\bin\api-ms-win-core-heap-l1-1-0.dll
0x0000020604650000 - 0x0000020604653000 	C:\Program Files\Java\javafx-sdk-11.0.2\bin\api-ms-win-core-interlocked-l1-1-0.dll
0x0000020604660000 - 0x0000020604663000 	C:\Program Files\Java\javafx-sdk-11.0.2\bin\api-ms-win-core-libraryloader-l1-1-0.dll
0x0000020604670000 - 0x0000020604673000 	C:\Program Files\Java\javafx-sdk-11.0.2\bin\api-ms-win-core-localization-l1-2-0.dll
0x0000020604680000 - 0x0000020604683000 	C:\Program Files\Java\javafx-sdk-11.0.2\bin\api-ms-win-core-memory-l1-1-0.dll
0x0000020604690000 - 0x0000020604693000 	C:\Program Files\Java\javafx-sdk-11.0.2\bin\api-ms-win-core-namedpipe-l1-1-0.dll
0x00000206046a0000 - 0x00000206046a3000 	C:\Program Files\Java\javafx-sdk-11.0.2\bin\api-ms-win-core-processenvironment-l1-1-0.dll
0x00000206046b0000 - 0x00000206046b3000 	C:\Program Files\Java\javafx-sdk-11.0.2\bin\api-ms-win-core-processthreads-l1-1-0.dll
0x00000206046c0000 - 0x00000206046c3000 	C:\Program Files\Java\javafx-sdk-11.0.2\bin\api-ms-win-core-processthreads-l1-1-1.dll
0x00000206046d0000 - 0x00000206046d3000 	C:\Program Files\Java\javafx-sdk-11.0.2\bin\api-ms-win-core-profile-l1-1-0.dll
0x00000206046e0000 - 0x00000206046e3000 	C:\Program Files\Java\javafx-sdk-11.0.2\bin\api-ms-win-core-rtlsupport-l1-1-0.dll
0x00000206046f0000 - 0x00000206046f3000 	C:\Program Files\Java\javafx-sdk-11.0.2\bin\api-ms-win-core-string-l1-1-0.dll
0x0000020604700000 - 0x0000020604703000 	C:\Program Files\Java\javafx-sdk-11.0.2\bin\api-ms-win-core-synch-l1-1-0.dll
0x0000020604710000 - 0x0000020604713000 	C:\Program Files\Java\javafx-sdk-11.0.2\bin\api-ms-win-core-synch-l1-2-0.dll
0x0000020604720000 - 0x0000020604723000 	C:\Program Files\Java\javafx-sdk-11.0.2\bin\api-ms-win-core-sysinfo-l1-1-0.dll
0x0000020604730000 - 0x0000020604733000 	C:\Program Files\Java\javafx-sdk-11.0.2\bin\api-ms-win-core-timezone-l1-1-0.dll
0x0000020604740000 - 0x0000020604743000 	C:\Program Files\Java\javafx-sdk-11.0.2\bin\api-ms-win-core-util-l1-1-0.dll
0x0000020604750000 - 0x0000020604753000 	C:\Program Files\Java\javafx-sdk-11.0.2\bin\api-ms-win-crt-conio-l1-1-0.dll
0x0000020604760000 - 0x0000020604764000 	C:\Program Files\Java\javafx-sdk-11.0.2\bin\api-ms-win-crt-convert-l1-1-0.dll
0x0000020604770000 - 0x0000020604773000 	C:\Program Files\Java\javafx-sdk-11.0.2\bin\api-ms-win-crt-environment-l1-1-0.dll
0x0000020604780000 - 0x0000020604783000 	C:\Program Files\Java\javafx-sdk-11.0.2\bin\api-ms-win-crt-filesystem-l1-1-0.dll
0x0000020604790000 - 0x0000020604793000 	C:\Program Files\Java\javafx-sdk-11.0.2\bin\api-ms-win-crt-heap-l1-1-0.dll
0x00000206047a0000 - 0x00000206047a3000 	C:\Program Files\Java\javafx-sdk-11.0.2\bin\api-ms-win-crt-locale-l1-1-0.dll
0x00000206047b0000 - 0x00000206047b5000 	C:\Program Files\Java\javafx-sdk-11.0.2\bin\api-ms-win-crt-math-l1-1-0.dll
0x00000206047c0000 - 0x00000206047c5000 	C:\Program Files\Java\javafx-sdk-11.0.2\bin\api-ms-win-crt-multibyte-l1-1-0.dll
0x00000206047d0000 - 0x00000206047e0000 	C:\Program Files\Java\javafx-sdk-11.0.2\bin\api-ms-win-crt-private-l1-1-0.dll
0x00000206047e0000 - 0x00000206047e3000 	C:\Program Files\Java\javafx-sdk-11.0.2\bin\api-ms-win-crt-process-l1-1-0.dll
0x00000206047f0000 - 0x00000206047f4000 	C:\Program Files\Java\javafx-sdk-11.0.2\bin\api-ms-win-crt-runtime-l1-1-0.dll
0x0000020604800000 - 0x0000020604804000 	C:\Program Files\Java\javafx-sdk-11.0.2\bin\api-ms-win-crt-stdio-l1-1-0.dll
0x0000020604810000 - 0x0000020604814000 	C:\Program Files\Java\javafx-sdk-11.0.2\bin\api-ms-win-crt-string-l1-1-0.dll
0x0000020604820000 - 0x0000020604823000 	C:\Program Files\Java\javafx-sdk-11.0.2\bin\api-ms-win-crt-time-l1-1-0.dll
0x0000020604830000 - 0x0000020604833000 	C:\Program Files\Java\javafx-sdk-11.0.2\bin\api-ms-win-crt-utility-l1-1-0.dll
0x00007ff9fb480000 - 0x00007ff9fb57a000 	C:\Program Files\Java\javafx-sdk-11.0.2\bin\ucrtbase.dll
0x00007ffa25600000 - 0x00007ffa25616000 	C:\Program Files\Java\javafx-sdk-11.0.2\bin\vcruntime140.dll
0x00007ff9fd340000 - 0x00007ff9fd3e6000 	C:\Program Files\Java\javafx-sdk-11.0.2\bin\msvcp140.dll
0x00007ffa088d0000 - 0x00007ffa08921000 	C:\Program Files\Java\javafx-sdk-11.0.2\bin\concrt140.dll
0x00007ffa09640000 - 0x00007ffa09663000 	C:\Program Files\Java\javafx-sdk-11.0.2\bin\prism_d3d.dll
0x00007ffa22070000 - 0x00007ffa2223e000 	C:\WINDOWS\system32\d3d9.dll
0x00007ffa2b240000 - 0x00007ffa2b26f000 	C:\WINDOWS\SYSTEM32\dwmapi.dll
0x00007ffa2b050000 - 0x00007ffa2b0ee000 	C:\WINDOWS\system32\uxtheme.dll
0x00007ffa240f0000 - 0x00007ffa241de000 	C:\WINDOWS\System32\DriverStore\FileRepository\nv_dispi.inf_amd64_db678424d2641c3d\nvldumdx.dll
0x00007ffa2df60000 - 0x00007ffa2e0bd000 	C:\WINDOWS\System32\crypt32.dll
0x00007ffa2de50000 - 0x00007ffa2deb0000 	C:\WINDOWS\System32\WINTRUST.DLL
0x00007ffa2d3c0000 - 0x00007ffa2d3d2000 	C:\WINDOWS\SYSTEM32\MSASN1.dll
0x00007ffa2e610000 - 0x00007ffa2e62d000 	C:\WINDOWS\System32\imagehlp.dll
0x00007ffa2d190000 - 0x00007ffa2d1a8000 	C:\WINDOWS\SYSTEM32\CRYPTSP.dll
0x00007ffa2c8e0000 - 0x00007ffa2c914000 	C:\WINDOWS\system32\rsaenh.dll
0x00007ffa2e0c0000 - 0x00007ffa2e0e7000 	C:\WINDOWS\System32\bcrypt.dll
0x00007ffa2d1b0000 - 0x00007ffa2d1bc000 	C:\WINDOWS\SYSTEM32\CRYPTBASE.dll
0x00007ff9d89e0000 - 0x00007ff9d9e7b000 	C:\WINDOWS\System32\DriverStore\FileRepository\nv_dispi.inf_amd64_db678424d2641c3d\nvd3dumx.dll
0x00007ffa02f90000 - 0x00007ffa02fd5000 	C:\Program Files\Java\javafx-sdk-11.0.2\bin\glass.dll
0x00007ffa2f500000 - 0x00007ffa2f5da000 	C:\WINDOWS\System32\COMDLG32.dll
0x00007ffa2f5e0000 - 0x00007ffa2f70a000 	C:\WINDOWS\System32\ole32.dll
0x00007ffa2e4d0000 - 0x00007ffa2e59d000 	C:\WINDOWS\System32\OLEAUT32.dll
0x00007ffa2e630000 - 0x00007ffa2e745000 	C:\WINDOWS\System32\MSCTF.dll
0x00007ffa2cd80000 - 0x00007ffa2cdcb000 	C:\WINDOWS\system32\powrprof.dll
0x00007ffa2cc40000 - 0x00007ffa2cc52000 	C:\WINDOWS\SYSTEM32\UMPDC.dll
0x00007ffa07410000 - 0x00007ffa076d6000 	C:\WINDOWS\system32\nvspcap64.dll
0x00007ffa2c510000 - 0x00007ffa2c543000 	C:\WINDOWS\SYSTEM32\ntmarta.dll
0x00007ffa2c0f0000 - 0x00007ffa2c113000 	C:\WINDOWS\SYSTEM32\gpapi.dll
0x00007ffa240b0000 - 0x00007ffa240e1000 	C:\WINDOWS\SYSTEM32\cryptnet.dll
0x00007ffa275d0000 - 0x00007ffa2760b000 	C:\WINDOWS\SYSTEM32\dxcore.dll
0x00007ffa2d870000 - 0x00007ffa2d8be000 	C:\WINDOWS\System32\cfgmgr32.dll
0x00007ffa255e0000 - 0x00007ffa255f4000 	C:\Program Files\Java\javafx-sdk-11.0.2\bin\javafx_font.dll
0x00007ffa1d5f0000 - 0x00007ffa1d86f000 	C:\WINDOWS\SYSTEM32\dwrite.dll
0x00007ffa2e420000 - 0x00007ffa2e4c9000 	C:\WINDOWS\System32\clbcatq.dll
0x00007ffa27df0000 - 0x00007ffa27fa4000 	C:\WINDOWS\SYSTEM32\WindowsCodecs.dll
0x00007ffa1cdf0000 - 0x00007ffa1ce2e000 	C:\WINDOWS\system32\dataexchange.dll
0x00007ffa29540000 - 0x00007ffa297a4000 	C:\WINDOWS\system32\d3d11.dll
0x00007ffa29d70000 - 0x00007ffa29f55000 	C:\WINDOWS\system32\dcomp.dll
0x00007ffa2c120000 - 0x00007ffa2c213000 	C:\WINDOWS\system32\dxgi.dll
0x00007ffa27fb0000 - 0x00007ffa281b8000 	C:\WINDOWS\system32\twinapi.appcore.dll
0x00007ffa08890000 - 0x00007ffa088c4000 	C:\Program Files\Common Files\Microsoft Shared\Ink\rtscom.dll
0x00007ffa24230000 - 0x00007ffa2432c000 	C:\WINDOWS\SYSTEM32\textinputframework.dll
0x00007ffa29f60000 - 0x00007ffa2a2be000 	C:\WINDOWS\System32\CoreUIComponents.dll
0x00007ffa2a640000 - 0x00007ffa2a732000 	C:\WINDOWS\System32\CoreMessaging.dll

dbghelp: loaded successfully - version: 4.0.5 - missing functions: none
symbol engine: initialized successfully - sym options: 0x614 - pdb path: .;C:\Program Files\Java\jdk-11.0.8\bin;C:\WINDOWS\SYSTEM32;C:\WINDOWS\WinSxS\amd64_microsoft.windows.common-controls_6595b64144ccf1df_6.0.19041.488_none_ca04af081b815d21;C:\Program Files\Java\jdk-11.0.8\bin\server;C:\Program Files\Java\javafx-sdk-11.0.2\bin;C:\WINDOWS\System32\DriverStore\FileRepository\nv_dispi.inf_amd64_db678424d2641c3d;C:\Program Files\Common Files\Microsoft Shared\Ink

VM Arguments:
jvm_args: -Dfile.encoding=UTF-8 --add-modules=javafx.controls,javafx.fxml --module-path=C:\Users\areeb\Desktop\Documents\NetBeansProjects\TestProjectGUI\build\classes;C:\Program Files\Java\javafx-sdk-11.0.2\lib\javafx-swt.jar;C:\Program Files\Java\javafx-sdk-11.0.2\lib\javafx.base.jar;C:\Program Files\Java\javafx-sdk-11.0.2\lib\javafx.controls.jar;C:\Program Files\Java\javafx-sdk-11.0.2\lib\javafx.fxml.jar;C:\Program Files\Java\javafx-sdk-11.0.2\lib\javafx.graphics.jar;C:\Program Files\Java\javafx-sdk-11.0.2\lib\javafx.media.jar;C:\Program Files\Java\javafx-sdk-11.0.2\lib\javafx.swing.jar;C:\Program Files\Java\javafx-sdk-11.0.2\lib\javafx.web.jar 
java_command: BankSystem.Main
java_class_path (initial): C:\Program Files\Java\javafx-sdk-11.0.2;C:\Program Files\Java\javafx-sdk-11.0.2\lib\javafx-swt.jar;C:\Program Files\Java\javafx-sdk-11.0.2\lib\javafx.base.jar;C:\Program Files\Java\javafx-sdk-11.0.2\lib\javafx.controls.jar;C:\Program Files\Java\javafx-sdk-11.0.2\lib\javafx.fxml.jar;C:\Program Files\Java\javafx-sdk-11.0.2\lib\javafx.graphics.jar;C:\Program Files\Java\javafx-sdk-11.0.2\lib\javafx.media.jar;C:\Program Files\Java\javafx-sdk-11.0.2\lib\javafx.swing.jar;C:\Program Files\Java\javafx-sdk-11.0.2\lib\javafx.web.jar;C:\Users\areeb\Desktop\Documents\NetBeansProjects\TestProjectGUI\build\classes
Launcher Type: SUN_STANDARD

[Global flags]
     intx CICompilerCount                          = 4                                         {product} {ergonomic}
     uint ConcGCThreads                            = 2                                         {product} {ergonomic}
     uint G1ConcRefinementThreads                  = 8                                         {product} {ergonomic}
   size_t G1HeapRegionSize                         = 1048576                                   {product} {ergonomic}
    uintx GCDrainStackTargetSize                   = 64                                        {product} {ergonomic}
   size_t InitialHeapSize                          = 268435456                                 {product} {ergonomic}
   size_t MarkStackSize                            = 4194304                                   {product} {ergonomic}
   size_t MaxHeapSize                              = 4286578688                                {product} {ergonomic}
   size_t MaxNewSize                               = 2571108352                                {product} {ergonomic}
   size_t MinHeapDeltaBytes                        = 1048576                                   {product} {ergonomic}
    uintx NonNMethodCodeHeapSize                   = 5836300                                {pd product} {ergonomic}
    uintx NonProfiledCodeHeapSize                  = 122910970                              {pd product} {ergonomic}
    uintx ProfiledCodeHeapSize                     = 122910970                              {pd product} {ergonomic}
    uintx ReservedCodeCacheSize                    = 251658240                              {pd product} {ergonomic}
     bool SegmentedCodeCache                       = true                                      {product} {ergonomic}
     bool UseCompressedClassPointers               = true                                 {lp64_product} {ergonomic}
     bool UseCompressedOops                        = true                                 {lp64_product} {ergonomic}
     bool UseG1GC                                  = true                                      {product} {ergonomic}
     bool UseLargePagesIndividualAllocation        = false                                  {pd product} {ergonomic}

Logging:
Log output configuration:
 #0: stdout all=warning uptime,level,tags
 #1: stderr all=off uptime,level,tags

Environment Variables:
JAVA_HOME=C:\Program Files (x86)\Java\jdk1.8.0_181
PATH=C:\Program Files (x86)\Common Files\Oracle\Java\javapath;C:\Program Files\Microsoft MPI\Bin\;C:\Program Files (x86)\Intel\iCLS Client\;C:\Program Files\Intel\iCLS Client\;C:\Windows\system32;C:\Windows;C:\Windows\System32\Wbem;C:\Windows\System32\WindowsPowerShell\v1.0\;C:\Program Files (x86)\Intel\Intel(R) Management Engine Components\DAL;C:\Program Files\Intel\Intel(R) Management Engine Components\DAL;C:\Program Files (x86)\Intel\Intel(R) Management Engine Components\IPT;C:\Program Files\Intel\Intel(R) Management Engine Components\IPT;C:\Program Files (x86)\NVIDIA Corporation\PhysX\Common;C:\WINDOWS\system32;C:\WINDOWS;C:\WINDOWS\System32\Wbem;C:\WINDOWS\System32\WindowsPowerShell\v1.0\;C:\WINDOWS\System32\OpenSSH\;C:\Program Files\dotnet\;C:\Program Files\Microsoft SQL Server\130\Tools\Binn\;C:\Program Files\NVIDIA Corporation\NVIDIA NvDLISR;C:\Program Files (x86)\Microsoft SQL Server\Client SDK\ODBC\130\Tools\Binn\;C:\Program Files (x86)\Microsoft SQL Server\140\Tools\Binn\;C:\Program Files (x86)\Microsoft SQL Server\140\DTS\Binn\;C:\Program Files (x86)\Microsoft SQL Server\140\Tools\Binn\ManagementStudio\;C:\Program Files\Microsoft SQL Server\Client SDK\ODBC\170\Tools\Binn\;C:\WINDOWS\system32;C:\WINDOWS;C:\WINDOWS\System32\Wbem;C:\WINDOWS\System32\WindowsPowerShell\v1.0\;C:\WINDOWS\System32\OpenSSH\;C:\Program Files\Git\cmd;C:\Ruby26-x64\bin;C:\Users\areeb\AppData\Local\Microsoft\WindowsApps;C:\Users\areeb\AppData\Local\atom\bin;C:\Users\areeb\AppData\Local\Programs\Microsoft VS Code\bin;C:\Users\areeb\AppData\Local\Microsoft\WindowsApps;C:\Users\areeb\AppData\Local\GitHubDesktop\bin
USERNAME=areeb
OS=Windows_NT
PROCESSOR_IDENTIFIER=Intel64 Family 6 Model 158 Stepping 9, GenuineIntel



---------------  S Y S T E M  ---------------

OS: Windows 10 , 64 bit Build 19041 (10.0.19041.546)

CPU:total 8 (initial active 8) (4 cores per cpu, 2 threads per core) family 6 model 158 stepping 9, cmov, cx8, fxsr, mmx, sse, sse2, sse3, ssse3, sse4.1, sse4.2, popcnt, avx, avx2, aes, clmul, erms, rtm, 3dnowpref, lzcnt, ht, tsc, tscinvbit, bmi1, bmi2, adx, fma

Memory: 4k page, system-wide physical 16348M (8458M free)
TotalPageFile size 18780M (AvailPageFile size 5921M)
current process WorkingSet (physical memory assigned to process): 170M, peak: 172M
current process commit charge ("private bytes"): 451M, peak: 451M

vm_info: Java HotSpot(TM) 64-Bit Server VM (11.0.8+10-LTS) for windows-amd64 JRE (11.0.8+10-LTS), built on Jun 16 2020 05:53:08 by "mach5one" with unknown MS VC++:1916

END.
