#
# A fatal error has been detected by the Java Runtime Environment:
#
#  EXCEPTION_ACCESS_VIOLATION (0xc0000005) at pc=0x00007ffb1fcab655, pid=10260, tid=11872
#
# JRE version: Java(TM) SE Runtime Environment 18.9 (11.0.8+10) (build 11.0.8+10-LTS)
# Java VM: Java HotSpot(TM) 64-Bit Server VM 18.9 (11.0.8+10-LTS, mixed mode, tiered, compressed oops, g1 gc, windows-amd64)
# Problematic frame:
# V  [jvm.dll+0x1eb655]
#
# No core dump will be written. Minidumps are not enabled by default on client versions of Windows
#
# If you would like to submit a bug report, please visit:
#   https://bugreport.java.com/bugreport/crash.jsp
#

---------------  S U M M A R Y ------------

Command Line: -Dfile.encoding=UTF-8 --add-modules=javafx.controls,javafx.fxml --module-path=C:\Users\areeb\Desktop\Documents\NetBeansProjects\TestProjectGUI\build\classes;C:\Program Files\Java\javafx-sdk-11.0.2\lib\javafx-swt.jar;C:\Program Files\Java\javafx-sdk-11.0.2\lib\javafx.base.jar;C:\Program Files\Java\javafx-sdk-11.0.2\lib\javafx.controls.jar;C:\Program Files\Java\javafx-sdk-11.0.2\lib\javafx.fxml.jar;C:\Program Files\Java\javafx-sdk-11.0.2\lib\javafx.graphics.jar;C:\Program Files\Java\javafx-sdk-11.0.2\lib\javafx.media.jar;C:\Program Files\Java\javafx-sdk-11.0.2\lib\javafx.swing.jar;C:\Program Files\Java\javafx-sdk-11.0.2\lib\javafx.web.jar BankSystem.Main

Host: Intel(R) Core(TM) i7-7700 CPU @ 3.60GHz, 8 cores, 15G,  Windows 10 , 64 bit Build 19041 (10.0.19041.546)
Time: Wed Nov 18 23:24:58 2020 Eastern Standard Time elapsed time: 3 seconds (0d 0h 0m 3s)

---------------  T H R E A D  ---------------

Current thread (0x000001d1e6a99000):  ConcurrentGCThread "G1 Conc#1" [stack: 0x00000060c1140000,0x00000060c1240000] [id=11872]

Stack: [0x00000060c1140000,0x00000060c1240000],  sp=0x00000060c123f690,  free space=1021k
Native frames: (J=compiled Java code, j=interpreted, Vv=VM code, C=native code)
V  [jvm.dll+0x1eb655]
V  [jvm.dll+0x2dab08]
V  [jvm.dll+0x2e0fb4]
V  [jvm.dll+0x7644f0]
V  [jvm.dll+0x6f845c]
V  [jvm.dll+0x600d66]
C  [ucrtbase.dll+0x214c2]
C  [KERNEL32.DLL+0x17034]
C  [ntdll.dll+0x4cec1]


siginfo: EXCEPTION_ACCESS_VIOLATION (0xc0000005), reading address 0xffffffffffffffff


Register to memory mapping:

RIP=0x00007ffb1fcab655 jvm.dll
RAX=0x000001d1b563c840 points into unknown readable memory: 74 42 79 74 65 73 55 54
RBX=0x000000070e33e7f0 is pointing into object: [Ljava.lang.Object; 
{0x000000070e33e7d8} - klass: 'java/lang/Object'[]
 - length: 10
RCX=0x0000000000000014 is an unknown value
RDX=0x0000000000000001 is an unknown value
RSP=0x00000060c123f690 points into unknown readable memory: b8 60 00 00 08 00 00 00
RBP=0x0 is NULL
RSI=0x000000070e33e810 is an oop: java.lang.reflect.Method 
{0x000000070e33e810} - klass: 'java/lang/reflect/Method'
RDI=0x0000000000004000 is an unknown value
R8 =0x0000000000004000 is an unknown value
R9 =0x0 is NULL
R10=0x5455736574794274 is an unknown value
R11=0x0000000000000246 is an unknown value
R12=0x0000000000000001 is an unknown value
R13=0x00007ffb204712e0 jvm.dll
R14=0x000001d1b5699c08 points into unknown readable memory: a8 4b 64 b5 d1 01 00 00
R15=0x000001d1b5699b60 points into unknown readable memory: 00 a8 6a b5 d1 01 00 00


Registers:
RAX=0x000001d1b563c840, RBX=0x000000070e33e7f0, RCX=0x0000000000000014, RDX=0x0000000000000001
RSP=0x00000060c123f690, RBP=0x0000000000000000, RSI=0x000000070e33e810, RDI=0x0000000000004000
R8 =0x0000000000004000, R9 =0x0000000000000000, R10=0x5455736574794274, R11=0x0000000000000246
R12=0x0000000000000001, R13=0x00007ffb204712e0, R14=0x000001d1b5699c08, R15=0x000001d1b5699b60
RIP=0x00007ffb1fcab655, EFLAGS=0x0000000000010246

Top of Stack: (sp=0x00000060c123f690)
0x00000060c123f690:   00000008000060b8 000000070e600000
0x00000060c123f6a0:   000000070e33e7c0 0000000000000001
0x00000060c123f6b0:   00000060bf6ff560 0000000000000001
0x00000060c123f6c0:   00000060c123f720 00007ffb1fd9ab08
0x00000060c123f6d0:   0000000800013f08 000000070e33e7d8
0x00000060c123f6e0:   00000060bf6ff560 000000070e400000
0x00000060c123f6f0:   0000000000000007 00007ffb1fda0fb4
0x00000060c123f700:   0000000800013f08 000000070e33e7d8
0x00000060c123f710:   000000070e33e7c0 0000000000000000
0x00000060c123f720:   00007ffb202fa848 0000000000000000
0x00000060c123f730:   000001d1b56446e0 000001d1b5699b60
0x00000060c123f740:   0000000000000001 00007ffb20224a0b
0x00000060c123f750:   0000000000000000 00000000000075a3
0x00000060c123f760:   0000000000000000 000001d1e6a99000
0x00000060c123f770:   0000000000000000 00007ffb202244f0
0x00000060c123f780:   000001d1e6a99000 00000060c123f9b0 

Instructions: (pc=0x00007ffb1fcab655)
0x00007ffb1fcab635:   4d 8b d0 44 8b e2 49 8b e9 49 8b f8 8b 88 c0 02
0x00007ffb1fcab645:   00 00 48 8b 80 b0 02 00 00 49 d3 ea 4e 8b 14 d0
0x00007ffb1fcab655:   4d 3b 82 60 01 00 00 72 11 32 c0 48 8b 6c 24 58
0x00007ffb1fcab665:   48 83 c4 20 41 5f 41 5c 5f c3 49 8b 87 90 00 00 


Stack slot to memory mapping:
stack at sp + 0 slots: 0x00000008000060b8 is a pointer to class: 
java.lang.ref.WeakReference {0x00000008000060c0}
stack at sp + 1 slots: 0x000000070e600000 is an oop: [F 
{0x000000070e600000} - klass: {type array float}
 - length: 114688
stack at sp + 2 slots: 0x000000070e33e7c0 is an oop: java.util.ArrayList 
{0x000000070e33e7c0} - klass: 'java/util/ArrayList'
stack at sp + 3 slots: 0x0000000000000001 is an unknown value
stack at sp + 4 slots: 0x00000060bf6ff560 points into unknown readable memory: d8 ae 2f 20 fb 7f 00 00
stack at sp + 5 slots: 0x0000000000000001 is an unknown value
stack at sp + 6 slots: 0x00000060c123f720 points into unknown readable memory: 48 a8 2f 20 fb 7f 00 00
stack at sp + 7 slots: 0x00007ffb1fd9ab08 jvm.dll


---------------  P R O C E S S  ---------------

Threads class SMR info:
_java_thread_list=0x000001d1e3e767b0, length=18, elements={
0x000001d1b5636000, 0x000001d1da0c2000, 0x000001d1da0cd000, 0x000001d1da11e800,
0x000001d1da11f800, 0x000001d1da120800, 0x000001d1da130000, 0x000001d1d9837000,
0x000001d1da2a2800, 0x000001d1da2a6000, 0x000001d1da2a0800, 0x000001d1da2a4800,
0x000001d1da2a1000, 0x000001d1da2a3800, 0x000001d1da2a5000, 0x000001d1da2a7000,
0x000001d1da2a2000, 0x000001d1db515800
}

Java Threads: ( => current thread )
  0x000001d1b5636000 JavaThread "main" [_thread_blocked, id=9044, stack(0x00000060bf400000,0x00000060bf500000)]
  0x000001d1da0c2000 JavaThread "Reference Handler" daemon [_thread_blocked, id=6436, stack(0x00000060bfb00000,0x00000060bfc00000)]
  0x000001d1da0cd000 JavaThread "Finalizer" daemon [_thread_blocked, id=15664, stack(0x00000060bfc00000,0x00000060bfd00000)]
  0x000001d1da11e800 JavaThread "Signal Dispatcher" daemon [_thread_blocked, id=12384, stack(0x00000060bfd00000,0x00000060bfe00000)]
  0x000001d1da11f800 JavaThread "Attach Listener" daemon [_thread_blocked, id=16848, stack(0x00000060bfe00000,0x00000060bff00000)]
  0x000001d1da120800 JavaThread "C2 CompilerThread0" daemon [_thread_blocked, id=4776, stack(0x00000060bff00000,0x00000060c0000000)]
  0x000001d1da130000 JavaThread "C1 CompilerThread0" daemon [_thread_in_vm, id=5816, stack(0x00000060c0000000,0x00000060c0100000)]
  0x000001d1d9837000 JavaThread "Sweeper thread" daemon [_thread_blocked, id=9588, stack(0x00000060c0100000,0x00000060c0200000)]
  0x000001d1da2a2800 JavaThread "Common-Cleaner" daemon [_thread_blocked, id=11908, stack(0x00000060c0200000,0x00000060c0300000)]
  0x000001d1da2a6000 JavaThread "Service Thread" daemon [_thread_blocked, id=5752, stack(0x00000060c0500000,0x00000060c0600000)]
  0x000001d1da2a0800 JavaThread "QuantumRenderer-0" daemon [_thread_blocked, id=11960, stack(0x00000060c0400000,0x00000060c0500000)]
  0x000001d1da2a4800 JavaThread "InvokeLaterDispatcher" daemon [_thread_blocked, id=15116, stack(0x00000060c0800000,0x00000060c0900000)]
  0x000001d1da2a1000 JavaThread "JavaFX Application Thread" [_thread_in_native, id=8600, stack(0x00000060c0900000,0x00000060c0a00000)]
  0x000001d1da2a3800 JavaThread "JavaFX-Launcher" [_thread_blocked, id=12876, stack(0x00000060c0b40000,0x00000060c0c40000)]
  0x000001d1da2a5000 JavaThread "Thread-2" daemon [_thread_in_native, id=11416, stack(0x00000060c0300000,0x00000060c0400000)]
  0x000001d1da2a7000 JavaThread "Prism Font Disposer" daemon [_thread_blocked, id=14476, stack(0x00000060c1540000,0x00000060c1640000)]
  0x000001d1da2a2000 JavaThread "Cleaner-0" daemon [_thread_blocked, id=6008, stack(0x00000060c1740000,0x00000060c1840000)]
  0x000001d1db515800 JavaThread "C2 CompilerThread1" daemon [_thread_blocked, id=11808, stack(0x00000060c1640000,0x00000060c1740000)]

Other Threads:
  0x000001d1d980d800 VMThread "VM Thread" [stack: 0x00000060bfa00000,0x00000060bfb00000] [id=12748]
  0x000001d1da619800 WatcherThread [stack: 0x00000060c0600000,0x00000060c0700000] [id=16980]
  0x000001d1b564c800 GCTaskThread "GC Thread#0" [stack: 0x00000060bf500000,0x00000060bf600000] [id=6812]
  0x000001d1db378000 GCTaskThread "GC Thread#1" [stack: 0x00000060c0c40000,0x00000060c0d40000] [id=6964]
  0x000001d1db379000 GCTaskThread "GC Thread#2" [stack: 0x00000060c0d40000,0x00000060c0e40000] [id=16684]
  0x000001d1db3cb000 GCTaskThread "GC Thread#3" [stack: 0x00000060c0e40000,0x00000060c0f40000] [id=12196]
  0x000001d1db3cb800 GCTaskThread "GC Thread#4" [stack: 0x00000060c0f40000,0x00000060c1040000] [id=9536]
  0x000001d1db3bb800 GCTaskThread "GC Thread#5" [stack: 0x00000060c1040000,0x00000060c1140000] [id=10256]
  0x000001d1b56aa800 ConcurrentGCThread "G1 Main Marker" [stack: 0x00000060bf600000,0x00000060bf700000] [id=13340]
  0x000001d1b56ac000 ConcurrentGCThread "G1 Conc#0" [stack: 0x00000060bf700000,0x00000060bf800000] [id=5344]
=>0x000001d1e6a99000 ConcurrentGCThread "G1 Conc#1" [stack: 0x00000060c1140000,0x00000060c1240000] [id=11872]
  0x000001d1b571e800 ConcurrentGCThread "G1 Refine#0" [stack: 0x00000060bf800000,0x00000060bf900000] [id=4312]
  0x000001d1d96f9800 ConcurrentGCThread "G1 Young RemSet Sampling" [stack: 0x00000060bf900000,0x00000060bfa00000] [id=6688]

Threads with active compile tasks:

VM state:not at safepoint (normal execution)

VM Mutex/Monitor currently owned by a thread: None

Heap address: 0x0000000700800000, size: 4088 MB, Compressed Oops mode: Zero based, Oop shift amount: 3
Narrow klass base: 0x0000000800000000, Narrow klass shift: 0
Compressed class space size: 1073741824 Address: 0x0000000800000000

Heap:
 garbage-first heap   total 262144K, used 20130K [0x0000000700800000, 0x0000000800000000)
  region size 1024K, 19 young (19456K), 7 survivors (7168K)
 Metaspace       used 23290K, capacity 24208K, committed 24492K, reserved 1071104K
  class space    used 3031K, capacity 3414K, committed 3500K, reserved 1048576K
Heap Regions: E=young(eden), S=young(survivor), O=old, HS=humongous(starts), HC=humongous(continues), CS=collection set, F=free, A=archive, TAMS=top-at-mark-start (previous, next)
|   0|0x0000000700800000, 0x0000000700812000, 0x0000000700900000|  7%| O|  |TAMS 0x0000000700800000, 0x0000000700812000| Untracked 
|   1|0x0000000700900000, 0x0000000700a00000, 0x0000000700a00000|100%|HS|  |TAMS 0x0000000700900000, 0x0000000700a00000| Complete 
|   2|0x0000000700a00000, 0x0000000700b00000, 0x0000000700b00000|100%|HC|  |TAMS 0x0000000700a00000, 0x0000000700b00000| Complete 
|   3|0x0000000700b00000, 0x0000000700b00000, 0x0000000700c00000|  0%| F|  |TAMS 0x0000000700b00000, 0x0000000700b00000| Untracked 
|   4|0x0000000700c00000, 0x0000000700c00000, 0x0000000700d00000|  0%| F|  |TAMS 0x0000000700c00000, 0x0000000700c00000| Untracked 
|   5|0x0000000700d00000, 0x0000000700d00000, 0x0000000700e00000|  0%| F|  |TAMS 0x0000000700d00000, 0x0000000700d00000| Untracked 
|   6|0x0000000700e00000, 0x0000000700e00000, 0x0000000700f00000|  0%| F|  |TAMS 0x0000000700e00000, 0x0000000700e00000| Untracked 
|   7|0x0000000700f00000, 0x0000000700f00000, 0x0000000701000000|  0%| F|  |TAMS 0x0000000700f00000, 0x0000000700f00000| Untracked 
|   8|0x0000000701000000, 0x0000000701000000, 0x0000000701100000|  0%| F|  |TAMS 0x0000000701000000, 0x0000000701000000| Untracked 
|   9|0x0000000701100000, 0x0000000701100000, 0x0000000701200000|  0%| F|  |TAMS 0x0000000701100000, 0x0000000701100000| Untracked 
|  10|0x0000000701200000, 0x0000000701200000, 0x0000000701300000|  0%| F|  |TAMS 0x0000000701200000, 0x0000000701200000| Untracked 
|  11|0x0000000701300000, 0x0000000701300000, 0x0000000701400000|  0%| F|  |TAMS 0x0000000701300000, 0x0000000701300000| Untracked 
|  12|0x0000000701400000, 0x0000000701400000, 0x0000000701500000|  0%| F|  |TAMS 0x0000000701400000, 0x0000000701400000| Untracked 
|  13|0x0000000701500000, 0x0000000701500000, 0x0000000701600000|  0%| F|  |TAMS 0x0000000701500000, 0x0000000701500000| Untracked 
|  14|0x0000000701600000, 0x0000000701600000, 0x0000000701700000|  0%| F|  |TAMS 0x0000000701600000, 0x0000000701600000| Untracked 
|  15|0x0000000701700000, 0x0000000701700000, 0x0000000701800000|  0%| F|  |TAMS 0x0000000701700000, 0x0000000701700000| Untracked 
|  16|0x0000000701800000, 0x0000000701800000, 0x0000000701900000|  0%| F|  |TAMS 0x0000000701800000, 0x0000000701800000| Untracked 
|  17|0x0000000701900000, 0x0000000701900000, 0x0000000701a00000|  0%| F|  |TAMS 0x0000000701900000, 0x0000000701900000| Untracked 
|  18|0x0000000701a00000, 0x0000000701a00000, 0x0000000701b00000|  0%| F|  |TAMS 0x0000000701a00000, 0x0000000701a00000| Untracked 
|  19|0x0000000701b00000, 0x0000000701b00000, 0x0000000701c00000|  0%| F|  |TAMS 0x0000000701b00000, 0x0000000701b00000| Untracked 
|  20|0x0000000701c00000, 0x0000000701c00000, 0x0000000701d00000|  0%| F|  |TAMS 0x0000000701c00000, 0x0000000701c00000| Untracked 
|  21|0x0000000701d00000, 0x0000000701d00000, 0x0000000701e00000|  0%| F|  |TAMS 0x0000000701d00000, 0x0000000701d00000| Untracked 
|  22|0x0000000701e00000, 0x0000000701e00000, 0x0000000701f00000|  0%| F|  |TAMS 0x0000000701e00000, 0x0000000701e00000| Untracked 
|  23|0x0000000701f00000, 0x0000000701f00000, 0x0000000702000000|  0%| F|  |TAMS 0x0000000701f00000, 0x0000000701f00000| Untracked 
|  24|0x0000000702000000, 0x0000000702000000, 0x0000000702100000|  0%| F|  |TAMS 0x0000000702000000, 0x0000000702000000| Untracked 
|  25|0x0000000702100000, 0x0000000702100000, 0x0000000702200000|  0%| F|  |TAMS 0x0000000702100000, 0x0000000702100000| Untracked 
|  26|0x0000000702200000, 0x0000000702200000, 0x0000000702300000|  0%| F|  |TAMS 0x0000000702200000, 0x0000000702200000| Untracked 
|  27|0x0000000702300000, 0x0000000702300000, 0x0000000702400000|  0%| F|  |TAMS 0x0000000702300000, 0x0000000702300000| Untracked 
|  28|0x0000000702400000, 0x0000000702400000, 0x0000000702500000|  0%| F|  |TAMS 0x0000000702400000, 0x0000000702400000| Untracked 
|  29|0x0000000702500000, 0x0000000702500000, 0x0000000702600000|  0%| F|  |TAMS 0x0000000702500000, 0x0000000702500000| Untracked 
|  30|0x0000000702600000, 0x0000000702600000, 0x0000000702700000|  0%| F|  |TAMS 0x0000000702600000, 0x0000000702600000| Untracked 
|  31|0x0000000702700000, 0x0000000702700000, 0x0000000702800000|  0%| F|  |TAMS 0x0000000702700000, 0x0000000702700000| Untracked 
|  32|0x0000000702800000, 0x0000000702800000, 0x0000000702900000|  0%| F|  |TAMS 0x0000000702800000, 0x0000000702800000| Untracked 
|  33|0x0000000702900000, 0x0000000702900000, 0x0000000702a00000|  0%| F|  |TAMS 0x0000000702900000, 0x0000000702900000| Untracked 
|  34|0x0000000702a00000, 0x0000000702a00000, 0x0000000702b00000|  0%| F|  |TAMS 0x0000000702a00000, 0x0000000702a00000| Untracked 
|  35|0x0000000702b00000, 0x0000000702b00000, 0x0000000702c00000|  0%| F|  |TAMS 0x0000000702b00000, 0x0000000702b00000| Untracked 
|  36|0x0000000702c00000, 0x0000000702c00000, 0x0000000702d00000|  0%| F|  |TAMS 0x0000000702c00000, 0x0000000702c00000| Untracked 
|  37|0x0000000702d00000, 0x0000000702d00000, 0x0000000702e00000|  0%| F|  |TAMS 0x0000000702d00000, 0x0000000702d00000| Untracked 
|  38|0x0000000702e00000, 0x0000000702e00000, 0x0000000702f00000|  0%| F|  |TAMS 0x0000000702e00000, 0x0000000702e00000| Untracked 
|  39|0x0000000702f00000, 0x0000000702f00000, 0x0000000703000000|  0%| F|  |TAMS 0x0000000702f00000, 0x0000000702f00000| Untracked 
|  40|0x0000000703000000, 0x0000000703000000, 0x0000000703100000|  0%| F|  |TAMS 0x0000000703000000, 0x0000000703000000| Untracked 
|  41|0x0000000703100000, 0x0000000703100000, 0x0000000703200000|  0%| F|  |TAMS 0x0000000703100000, 0x0000000703100000| Untracked 
|  42|0x0000000703200000, 0x0000000703200000, 0x0000000703300000|  0%| F|  |TAMS 0x0000000703200000, 0x0000000703200000| Untracked 
|  43|0x0000000703300000, 0x0000000703300000, 0x0000000703400000|  0%| F|  |TAMS 0x0000000703300000, 0x0000000703300000| Untracked 
|  44|0x0000000703400000, 0x0000000703400000, 0x0000000703500000|  0%| F|  |TAMS 0x0000000703400000, 0x0000000703400000| Untracked 
|  45|0x0000000703500000, 0x0000000703500000, 0x0000000703600000|  0%| F|  |TAMS 0x0000000703500000, 0x0000000703500000| Untracked 
|  46|0x0000000703600000, 0x0000000703600000, 0x0000000703700000|  0%| F|  |TAMS 0x0000000703600000, 0x0000000703600000| Untracked 
|  47|0x0000000703700000, 0x0000000703700000, 0x0000000703800000|  0%| F|  |TAMS 0x0000000703700000, 0x0000000703700000| Untracked 
|  48|0x0000000703800000, 0x0000000703800000, 0x0000000703900000|  0%| F|  |TAMS 0x0000000703800000, 0x0000000703800000| Untracked 
|  49|0x0000000703900000, 0x0000000703900000, 0x0000000703a00000|  0%| F|  |TAMS 0x0000000703900000, 0x0000000703900000| Untracked 
|  50|0x0000000703a00000, 0x0000000703a00000, 0x0000000703b00000|  0%| F|  |TAMS 0x0000000703a00000, 0x0000000703a00000| Untracked 
|  51|0x0000000703b00000, 0x0000000703b00000, 0x0000000703c00000|  0%| F|  |TAMS 0x0000000703b00000, 0x0000000703b00000| Untracked 
|  52|0x0000000703c00000, 0x0000000703c00000, 0x0000000703d00000|  0%| F|  |TAMS 0x0000000703c00000, 0x0000000703c00000| Untracked 
|  53|0x0000000703d00000, 0x0000000703d00000, 0x0000000703e00000|  0%| F|  |TAMS 0x0000000703d00000, 0x0000000703d00000| Untracked 
|  54|0x0000000703e00000, 0x0000000703e00000, 0x0000000703f00000|  0%| F|  |TAMS 0x0000000703e00000, 0x0000000703e00000| Untracked 
|  55|0x0000000703f00000, 0x0000000703f00000, 0x0000000704000000|  0%| F|  |TAMS 0x0000000703f00000, 0x0000000703f00000| Untracked 
|  56|0x0000000704000000, 0x0000000704000000, 0x0000000704100000|  0%| F|  |TAMS 0x0000000704000000, 0x0000000704000000| Untracked 
|  57|0x0000000704100000, 0x0000000704100000, 0x0000000704200000|  0%| F|  |TAMS 0x0000000704100000, 0x0000000704100000| Untracked 
|  58|0x0000000704200000, 0x0000000704200000, 0x0000000704300000|  0%| F|  |TAMS 0x0000000704200000, 0x0000000704200000| Untracked 
|  59|0x0000000704300000, 0x0000000704300000, 0x0000000704400000|  0%| F|  |TAMS 0x0000000704300000, 0x0000000704300000| Untracked 
|  60|0x0000000704400000, 0x0000000704400000, 0x0000000704500000|  0%| F|  |TAMS 0x0000000704400000, 0x0000000704400000| Untracked 
|  61|0x0000000704500000, 0x0000000704500000, 0x0000000704600000|  0%| F|  |TAMS 0x0000000704500000, 0x0000000704500000| Untracked 
|  62|0x0000000704600000, 0x0000000704600000, 0x0000000704700000|  0%| F|  |TAMS 0x0000000704600000, 0x0000000704600000| Untracked 
|  63|0x0000000704700000, 0x0000000704700000, 0x0000000704800000|  0%| F|  |TAMS 0x0000000704700000, 0x0000000704700000| Untracked 
|  64|0x0000000704800000, 0x0000000704800000, 0x0000000704900000|  0%| F|  |TAMS 0x0000000704800000, 0x0000000704800000| Untracked 
|  65|0x0000000704900000, 0x0000000704900000, 0x0000000704a00000|  0%| F|  |TAMS 0x0000000704900000, 0x0000000704900000| Untracked 
|  66|0x0000000704a00000, 0x0000000704a00000, 0x0000000704b00000|  0%| F|  |TAMS 0x0000000704a00000, 0x0000000704a00000| Untracked 
|  67|0x0000000704b00000, 0x0000000704b00000, 0x0000000704c00000|  0%| F|  |TAMS 0x0000000704b00000, 0x0000000704b00000| Untracked 
|  68|0x0000000704c00000, 0x0000000704c00000, 0x0000000704d00000|  0%| F|  |TAMS 0x0000000704c00000, 0x0000000704c00000| Untracked 
|  69|0x0000000704d00000, 0x0000000704d00000, 0x0000000704e00000|  0%| F|  |TAMS 0x0000000704d00000, 0x0000000704d00000| Untracked 
|  70|0x0000000704e00000, 0x0000000704e00000, 0x0000000704f00000|  0%| F|  |TAMS 0x0000000704e00000, 0x0000000704e00000| Untracked 
|  71|0x0000000704f00000, 0x0000000704f00000, 0x0000000705000000|  0%| F|  |TAMS 0x0000000704f00000, 0x0000000704f00000| Untracked 
|  72|0x0000000705000000, 0x0000000705000000, 0x0000000705100000|  0%| F|  |TAMS 0x0000000705000000, 0x0000000705000000| Untracked 
|  73|0x0000000705100000, 0x0000000705100000, 0x0000000705200000|  0%| F|  |TAMS 0x0000000705100000, 0x0000000705100000| Untracked 
|  74|0x0000000705200000, 0x0000000705200000, 0x0000000705300000|  0%| F|  |TAMS 0x0000000705200000, 0x0000000705200000| Untracked 
|  75|0x0000000705300000, 0x0000000705300000, 0x0000000705400000|  0%| F|  |TAMS 0x0000000705300000, 0x0000000705300000| Untracked 
|  76|0x0000000705400000, 0x0000000705400000, 0x0000000705500000|  0%| F|  |TAMS 0x0000000705400000, 0x0000000705400000| Untracked 
|  77|0x0000000705500000, 0x0000000705500000, 0x0000000705600000|  0%| F|  |TAMS 0x0000000705500000, 0x0000000705500000| Untracked 
|  78|0x0000000705600000, 0x0000000705600000, 0x0000000705700000|  0%| F|  |TAMS 0x0000000705600000, 0x0000000705600000| Untracked 
|  79|0x0000000705700000, 0x0000000705700000, 0x0000000705800000|  0%| F|  |TAMS 0x0000000705700000, 0x0000000705700000| Untracked 
|  80|0x0000000705800000, 0x0000000705800000, 0x0000000705900000|  0%| F|  |TAMS 0x0000000705800000, 0x0000000705800000| Untracked 
|  81|0x0000000705900000, 0x0000000705900000, 0x0000000705a00000|  0%| F|  |TAMS 0x0000000705900000, 0x0000000705900000| Untracked 
|  82|0x0000000705a00000, 0x0000000705a00000, 0x0000000705b00000|  0%| F|  |TAMS 0x0000000705a00000, 0x0000000705a00000| Untracked 
|  83|0x0000000705b00000, 0x0000000705b00000, 0x0000000705c00000|  0%| F|  |TAMS 0x0000000705b00000, 0x0000000705b00000| Untracked 
|  84|0x0000000705c00000, 0x0000000705c00000, 0x0000000705d00000|  0%| F|  |TAMS 0x0000000705c00000, 0x0000000705c00000| Untracked 
|  85|0x0000000705d00000, 0x0000000705d00000, 0x0000000705e00000|  0%| F|  |TAMS 0x0000000705d00000, 0x0000000705d00000| Untracked 
|  86|0x0000000705e00000, 0x0000000705e00000, 0x0000000705f00000|  0%| F|  |TAMS 0x0000000705e00000, 0x0000000705e00000| Untracked 
|  87|0x0000000705f00000, 0x0000000705f00000, 0x0000000706000000|  0%| F|  |TAMS 0x0000000705f00000, 0x0000000705f00000| Untracked 
|  88|0x0000000706000000, 0x0000000706000000, 0x0000000706100000|  0%| F|  |TAMS 0x0000000706000000, 0x0000000706000000| Untracked 
|  89|0x0000000706100000, 0x0000000706100000, 0x0000000706200000|  0%| F|  |TAMS 0x0000000706100000, 0x0000000706100000| Untracked 
|  90|0x0000000706200000, 0x0000000706200000, 0x0000000706300000|  0%| F|  |TAMS 0x0000000706200000, 0x0000000706200000| Untracked 
|  91|0x0000000706300000, 0x0000000706300000, 0x0000000706400000|  0%| F|  |TAMS 0x0000000706300000, 0x0000000706300000| Untracked 
|  92|0x0000000706400000, 0x0000000706400000, 0x0000000706500000|  0%| F|  |TAMS 0x0000000706400000, 0x0000000706400000| Untracked 
|  93|0x0000000706500000, 0x0000000706500000, 0x0000000706600000|  0%| F|  |TAMS 0x0000000706500000, 0x0000000706500000| Untracked 
|  94|0x0000000706600000, 0x0000000706600000, 0x0000000706700000|  0%| F|  |TAMS 0x0000000706600000, 0x0000000706600000| Untracked 
|  95|0x0000000706700000, 0x0000000706700000, 0x0000000706800000|  0%| F|  |TAMS 0x0000000706700000, 0x0000000706700000| Untracked 
|  96|0x0000000706800000, 0x0000000706800000, 0x0000000706900000|  0%| F|  |TAMS 0x0000000706800000, 0x0000000706800000| Untracked 
|  97|0x0000000706900000, 0x0000000706900000, 0x0000000706a00000|  0%| F|  |TAMS 0x0000000706900000, 0x0000000706900000| Untracked 
|  98|0x0000000706a00000, 0x0000000706a00000, 0x0000000706b00000|  0%| F|  |TAMS 0x0000000706a00000, 0x0000000706a00000| Untracked 
|  99|0x0000000706b00000, 0x0000000706b00000, 0x0000000706c00000|  0%| F|  |TAMS 0x0000000706b00000, 0x0000000706b00000| Untracked 
| 100|0x0000000706c00000, 0x0000000706c00000, 0x0000000706d00000|  0%| F|  |TAMS 0x0000000706c00000, 0x0000000706c00000| Untracked 
| 101|0x0000000706d00000, 0x0000000706d00000, 0x0000000706e00000|  0%| F|  |TAMS 0x0000000706d00000, 0x0000000706d00000| Untracked 
| 102|0x0000000706e00000, 0x0000000706e00000, 0x0000000706f00000|  0%| F|  |TAMS 0x0000000706e00000, 0x0000000706e00000| Untracked 
| 103|0x0000000706f00000, 0x0000000706f00000, 0x0000000707000000|  0%| F|  |TAMS 0x0000000706f00000, 0x0000000706f00000| Untracked 
| 104|0x0000000707000000, 0x0000000707000000, 0x0000000707100000|  0%| F|  |TAMS 0x0000000707000000, 0x0000000707000000| Untracked 
| 105|0x0000000707100000, 0x0000000707100000, 0x0000000707200000|  0%| F|  |TAMS 0x0000000707100000, 0x0000000707100000| Untracked 
| 106|0x0000000707200000, 0x0000000707200000, 0x0000000707300000|  0%| F|  |TAMS 0x0000000707200000, 0x0000000707200000| Untracked 
| 107|0x0000000707300000, 0x0000000707300000, 0x0000000707400000|  0%| F|  |TAMS 0x0000000707300000, 0x0000000707300000| Untracked 
| 108|0x0000000707400000, 0x0000000707400000, 0x0000000707500000|  0%| F|  |TAMS 0x0000000707400000, 0x0000000707400000| Untracked 
| 109|0x0000000707500000, 0x0000000707500000, 0x0000000707600000|  0%| F|  |TAMS 0x0000000707500000, 0x0000000707500000| Untracked 
| 110|0x0000000707600000, 0x0000000707600000, 0x0000000707700000|  0%| F|  |TAMS 0x0000000707600000, 0x0000000707600000| Untracked 
| 111|0x0000000707700000, 0x0000000707700000, 0x0000000707800000|  0%| F|  |TAMS 0x0000000707700000, 0x0000000707700000| Untracked 
| 112|0x0000000707800000, 0x0000000707800000, 0x0000000707900000|  0%| F|  |TAMS 0x0000000707800000, 0x0000000707800000| Untracked 
| 113|0x0000000707900000, 0x0000000707900000, 0x0000000707a00000|  0%| F|  |TAMS 0x0000000707900000, 0x0000000707900000| Untracked 
| 114|0x0000000707a00000, 0x0000000707a00000, 0x0000000707b00000|  0%| F|  |TAMS 0x0000000707a00000, 0x0000000707a00000| Untracked 
| 115|0x0000000707b00000, 0x0000000707b00000, 0x0000000707c00000|  0%| F|  |TAMS 0x0000000707b00000, 0x0000000707b00000| Untracked 
| 116|0x0000000707c00000, 0x0000000707c00000, 0x0000000707d00000|  0%| F|  |TAMS 0x0000000707c00000, 0x0000000707c00000| Untracked 
| 117|0x0000000707d00000, 0x0000000707d00000, 0x0000000707e00000|  0%| F|  |TAMS 0x0000000707d00000, 0x0000000707d00000| Untracked 
| 118|0x0000000707e00000, 0x0000000707e00000, 0x0000000707f00000|  0%| F|  |TAMS 0x0000000707e00000, 0x0000000707e00000| Untracked 
| 119|0x0000000707f00000, 0x0000000707f00000, 0x0000000708000000|  0%| F|  |TAMS 0x0000000707f00000, 0x0000000707f00000| Untracked 
| 120|0x0000000708000000, 0x0000000708000000, 0x0000000708100000|  0%| F|  |TAMS 0x0000000708000000, 0x0000000708000000| Untracked 
| 121|0x0000000708100000, 0x0000000708100000, 0x0000000708200000|  0%| F|  |TAMS 0x0000000708100000, 0x0000000708100000| Untracked 
| 122|0x0000000708200000, 0x0000000708200000, 0x0000000708300000|  0%| F|  |TAMS 0x0000000708200000, 0x0000000708200000| Untracked 
| 123|0x0000000708300000, 0x0000000708300000, 0x0000000708400000|  0%| F|  |TAMS 0x0000000708300000, 0x0000000708300000| Untracked 
| 124|0x0000000708400000, 0x0000000708400000, 0x0000000708500000|  0%| F|  |TAMS 0x0000000708400000, 0x0000000708400000| Untracked 
| 125|0x0000000708500000, 0x0000000708500000, 0x0000000708600000|  0%| F|  |TAMS 0x0000000708500000, 0x0000000708500000| Untracked 
| 126|0x0000000708600000, 0x0000000708600000, 0x0000000708700000|  0%| F|  |TAMS 0x0000000708600000, 0x0000000708600000| Untracked 
| 127|0x0000000708700000, 0x0000000708700000, 0x0000000708800000|  0%| F|  |TAMS 0x0000000708700000, 0x0000000708700000| Untracked 
| 128|0x0000000708800000, 0x0000000708800000, 0x0000000708900000|  0%| F|  |TAMS 0x0000000708800000, 0x0000000708800000| Untracked 
| 129|0x0000000708900000, 0x0000000708900000, 0x0000000708a00000|  0%| F|  |TAMS 0x0000000708900000, 0x0000000708900000| Untracked 
| 130|0x0000000708a00000, 0x0000000708a00000, 0x0000000708b00000|  0%| F|  |TAMS 0x0000000708a00000, 0x0000000708a00000| Untracked 
| 131|0x0000000708b00000, 0x0000000708b00000, 0x0000000708c00000|  0%| F|  |TAMS 0x0000000708b00000, 0x0000000708b00000| Untracked 
| 132|0x0000000708c00000, 0x0000000708c00000, 0x0000000708d00000|  0%| F|  |TAMS 0x0000000708c00000, 0x0000000708c00000| Untracked 
| 133|0x0000000708d00000, 0x0000000708d00000, 0x0000000708e00000|  0%| F|  |TAMS 0x0000000708d00000, 0x0000000708d00000| Untracked 
| 134|0x0000000708e00000, 0x0000000708e00000, 0x0000000708f00000|  0%| F|  |TAMS 0x0000000708e00000, 0x0000000708e00000| Untracked 
| 135|0x0000000708f00000, 0x0000000708f00000, 0x0000000709000000|  0%| F|  |TAMS 0x0000000708f00000, 0x0000000708f00000| Untracked 
| 136|0x0000000709000000, 0x0000000709000000, 0x0000000709100000|  0%| F|  |TAMS 0x0000000709000000, 0x0000000709000000| Untracked 
| 137|0x0000000709100000, 0x0000000709100000, 0x0000000709200000|  0%| F|  |TAMS 0x0000000709100000, 0x0000000709100000| Untracked 
| 138|0x0000000709200000, 0x0000000709200000, 0x0000000709300000|  0%| F|  |TAMS 0x0000000709200000, 0x0000000709200000| Untracked 
| 139|0x0000000709300000, 0x0000000709300000, 0x0000000709400000|  0%| F|  |TAMS 0x0000000709300000, 0x0000000709300000| Untracked 
| 140|0x0000000709400000, 0x0000000709400000, 0x0000000709500000|  0%| F|  |TAMS 0x0000000709400000, 0x0000000709400000| Untracked 
| 141|0x0000000709500000, 0x0000000709500000, 0x0000000709600000|  0%| F|  |TAMS 0x0000000709500000, 0x0000000709500000| Untracked 
| 142|0x0000000709600000, 0x0000000709600000, 0x0000000709700000|  0%| F|  |TAMS 0x0000000709600000, 0x0000000709600000| Untracked 
| 143|0x0000000709700000, 0x0000000709700000, 0x0000000709800000|  0%| F|  |TAMS 0x0000000709700000, 0x0000000709700000| Untracked 
| 144|0x0000000709800000, 0x0000000709800000, 0x0000000709900000|  0%| F|  |TAMS 0x0000000709800000, 0x0000000709800000| Untracked 
| 145|0x0000000709900000, 0x0000000709900000, 0x0000000709a00000|  0%| F|  |TAMS 0x0000000709900000, 0x0000000709900000| Untracked 
| 146|0x0000000709a00000, 0x0000000709a00000, 0x0000000709b00000|  0%| F|  |TAMS 0x0000000709a00000, 0x0000000709a00000| Untracked 
| 147|0x0000000709b00000, 0x0000000709b00000, 0x0000000709c00000|  0%| F|  |TAMS 0x0000000709b00000, 0x0000000709b00000| Untracked 
| 148|0x0000000709c00000, 0x0000000709c00000, 0x0000000709d00000|  0%| F|  |TAMS 0x0000000709c00000, 0x0000000709c00000| Untracked 
| 149|0x0000000709d00000, 0x0000000709d00000, 0x0000000709e00000|  0%| F|  |TAMS 0x0000000709d00000, 0x0000000709d00000| Untracked 
| 150|0x0000000709e00000, 0x0000000709e00000, 0x0000000709f00000|  0%| F|  |TAMS 0x0000000709e00000, 0x0000000709e00000| Untracked 
| 151|0x0000000709f00000, 0x0000000709f00000, 0x000000070a000000|  0%| F|  |TAMS 0x0000000709f00000, 0x0000000709f00000| Untracked 
| 152|0x000000070a000000, 0x000000070a000000, 0x000000070a100000|  0%| F|  |TAMS 0x000000070a000000, 0x000000070a000000| Untracked 
| 153|0x000000070a100000, 0x000000070a100000, 0x000000070a200000|  0%| F|  |TAMS 0x000000070a100000, 0x000000070a100000| Untracked 
| 154|0x000000070a200000, 0x000000070a200000, 0x000000070a300000|  0%| F|  |TAMS 0x000000070a200000, 0x000000070a200000| Untracked 
| 155|0x000000070a300000, 0x000000070a300000, 0x000000070a400000|  0%| F|  |TAMS 0x000000070a300000, 0x000000070a300000| Untracked 
| 156|0x000000070a400000, 0x000000070a400000, 0x000000070a500000|  0%| F|  |TAMS 0x000000070a400000, 0x000000070a400000| Untracked 
| 157|0x000000070a500000, 0x000000070a500000, 0x000000070a600000|  0%| F|  |TAMS 0x000000070a500000, 0x000000070a500000| Untracked 
| 158|0x000000070a600000, 0x000000070a600000, 0x000000070a700000|  0%| F|  |TAMS 0x000000070a600000, 0x000000070a600000| Untracked 
| 159|0x000000070a700000, 0x000000070a700000, 0x000000070a800000|  0%| F|  |TAMS 0x000000070a700000, 0x000000070a700000| Untracked 
| 160|0x000000070a800000, 0x000000070a800000, 0x000000070a900000|  0%| F|  |TAMS 0x000000070a800000, 0x000000070a800000| Untracked 
| 161|0x000000070a900000, 0x000000070a900000, 0x000000070aa00000|  0%| F|  |TAMS 0x000000070a900000, 0x000000070a900000| Untracked 
| 162|0x000000070aa00000, 0x000000070aa00000, 0x000000070ab00000|  0%| F|  |TAMS 0x000000070aa00000, 0x000000070aa00000| Untracked 
| 163|0x000000070ab00000, 0x000000070ab00000, 0x000000070ac00000|  0%| F|  |TAMS 0x000000070ab00000, 0x000000070ab00000| Untracked 
| 164|0x000000070ac00000, 0x000000070ac00000, 0x000000070ad00000|  0%| F|  |TAMS 0x000000070ac00000, 0x000000070ac00000| Untracked 
| 165|0x000000070ad00000, 0x000000070ad00000, 0x000000070ae00000|  0%| F|  |TAMS 0x000000070ad00000, 0x000000070ad00000| Untracked 
| 166|0x000000070ae00000, 0x000000070ae00000, 0x000000070af00000|  0%| F|  |TAMS 0x000000070ae00000, 0x000000070ae00000| Untracked 
| 167|0x000000070af00000, 0x000000070af00000, 0x000000070b000000|  0%| F|  |TAMS 0x000000070af00000, 0x000000070af00000| Untracked 
| 168|0x000000070b000000, 0x000000070b000000, 0x000000070b100000|  0%| F|  |TAMS 0x000000070b000000, 0x000000070b000000| Untracked 
| 169|0x000000070b100000, 0x000000070b100000, 0x000000070b200000|  0%| F|  |TAMS 0x000000070b100000, 0x000000070b100000| Untracked 
| 170|0x000000070b200000, 0x000000070b200000, 0x000000070b300000|  0%| F|  |TAMS 0x000000070b200000, 0x000000070b200000| Untracked 
| 171|0x000000070b300000, 0x000000070b300000, 0x000000070b400000|  0%| F|  |TAMS 0x000000070b300000, 0x000000070b300000| Untracked 
| 172|0x000000070b400000, 0x000000070b400000, 0x000000070b500000|  0%| F|  |TAMS 0x000000070b400000, 0x000000070b400000| Untracked 
| 173|0x000000070b500000, 0x000000070b500000, 0x000000070b600000|  0%| F|  |TAMS 0x000000070b500000, 0x000000070b500000| Untracked 
| 174|0x000000070b600000, 0x000000070b600000, 0x000000070b700000|  0%| F|  |TAMS 0x000000070b600000, 0x000000070b600000| Untracked 
| 175|0x000000070b700000, 0x000000070b700000, 0x000000070b800000|  0%| F|  |TAMS 0x000000070b700000, 0x000000070b700000| Untracked 
| 176|0x000000070b800000, 0x000000070b800000, 0x000000070b900000|  0%| F|  |TAMS 0x000000070b800000, 0x000000070b800000| Untracked 
| 177|0x000000070b900000, 0x000000070b900000, 0x000000070ba00000|  0%| F|  |TAMS 0x000000070b900000, 0x000000070b900000| Untracked 
| 178|0x000000070ba00000, 0x000000070ba00000, 0x000000070bb00000|  0%| F|  |TAMS 0x000000070ba00000, 0x000000070ba00000| Untracked 
| 179|0x000000070bb00000, 0x000000070bb00000, 0x000000070bc00000|  0%| F|  |TAMS 0x000000070bb00000, 0x000000070bb00000| Untracked 
| 180|0x000000070bc00000, 0x000000070bc00000, 0x000000070bd00000|  0%| F|  |TAMS 0x000000070bc00000, 0x000000070bc00000| Untracked 
| 181|0x000000070bd00000, 0x000000070bd00000, 0x000000070be00000|  0%| F|  |TAMS 0x000000070bd00000, 0x000000070bd00000| Untracked 
| 182|0x000000070be00000, 0x000000070be00000, 0x000000070bf00000|  0%| F|  |TAMS 0x000000070be00000, 0x000000070be00000| Untracked 
| 183|0x000000070bf00000, 0x000000070bf00000, 0x000000070c000000|  0%| F|  |TAMS 0x000000070bf00000, 0x000000070bf00000| Untracked 
| 184|0x000000070c000000, 0x000000070c000000, 0x000000070c100000|  0%| F|  |TAMS 0x000000070c000000, 0x000000070c000000| Untracked 
| 185|0x000000070c100000, 0x000000070c100000, 0x000000070c200000|  0%| F|  |TAMS 0x000000070c100000, 0x000000070c100000| Untracked 
| 186|0x000000070c200000, 0x000000070c200000, 0x000000070c300000|  0%| F|  |TAMS 0x000000070c200000, 0x000000070c200000| Untracked 
| 187|0x000000070c300000, 0x000000070c300000, 0x000000070c400000|  0%| F|  |TAMS 0x000000070c300000, 0x000000070c300000| Untracked 
| 188|0x000000070c400000, 0x000000070c400000, 0x000000070c500000|  0%| F|  |TAMS 0x000000070c400000, 0x000000070c400000| Untracked 
| 189|0x000000070c500000, 0x000000070c500000, 0x000000070c600000|  0%| F|  |TAMS 0x000000070c500000, 0x000000070c500000| Untracked 
| 190|0x000000070c600000, 0x000000070c600000, 0x000000070c700000|  0%| F|  |TAMS 0x000000070c600000, 0x000000070c600000| Untracked 
| 191|0x000000070c700000, 0x000000070c700000, 0x000000070c800000|  0%| F|  |TAMS 0x000000070c700000, 0x000000070c700000| Untracked 
| 192|0x000000070c800000, 0x000000070c800000, 0x000000070c900000|  0%| F|  |TAMS 0x000000070c800000, 0x000000070c800000| Untracked 
| 193|0x000000070c900000, 0x000000070c900000, 0x000000070ca00000|  0%| F|  |TAMS 0x000000070c900000, 0x000000070c900000| Untracked 
| 194|0x000000070ca00000, 0x000000070ca00000, 0x000000070cb00000|  0%| F|  |TAMS 0x000000070ca00000, 0x000000070ca00000| Untracked 
| 195|0x000000070cb00000, 0x000000070cb00000, 0x000000070cc00000|  0%| F|  |TAMS 0x000000070cb00000, 0x000000070cb00000| Untracked 
| 196|0x000000070cc00000, 0x000000070cc00000, 0x000000070cd00000|  0%| F|  |TAMS 0x000000070cc00000, 0x000000070cc00000| Untracked 
| 197|0x000000070cd00000, 0x000000070cd00000, 0x000000070ce00000|  0%| F|  |TAMS 0x000000070cd00000, 0x000000070cd00000| Untracked 
| 198|0x000000070ce00000, 0x000000070ce00000, 0x000000070cf00000|  0%| F|  |TAMS 0x000000070ce00000, 0x000000070ce00000| Untracked 
| 199|0x000000070cf00000, 0x000000070cf00000, 0x000000070d000000|  0%| F|  |TAMS 0x000000070cf00000, 0x000000070cf00000| Untracked 
| 200|0x000000070d000000, 0x000000070d000000, 0x000000070d100000|  0%| F|  |TAMS 0x000000070d000000, 0x000000070d000000| Untracked 
| 201|0x000000070d100000, 0x000000070d100000, 0x000000070d200000|  0%| F|  |TAMS 0x000000070d100000, 0x000000070d100000| Untracked 
| 202|0x000000070d200000, 0x000000070d200000, 0x000000070d300000|  0%| F|  |TAMS 0x000000070d200000, 0x000000070d200000| Untracked 
| 203|0x000000070d300000, 0x000000070d300000, 0x000000070d400000|  0%| F|  |TAMS 0x000000070d300000, 0x000000070d300000| Untracked 
| 204|0x000000070d400000, 0x000000070d400000, 0x000000070d500000|  0%| F|  |TAMS 0x000000070d400000, 0x000000070d400000| Untracked 
| 205|0x000000070d500000, 0x000000070d500000, 0x000000070d600000|  0%| F|  |TAMS 0x000000070d500000, 0x000000070d500000| Untracked 
| 206|0x000000070d600000, 0x000000070d600000, 0x000000070d700000|  0%| F|  |TAMS 0x000000070d600000, 0x000000070d600000| Untracked 
| 207|0x000000070d700000, 0x000000070d700000, 0x000000070d800000|  0%| F|  |TAMS 0x000000070d700000, 0x000000070d700000| Untracked 
| 208|0x000000070d800000, 0x000000070d800000, 0x000000070d900000|  0%| F|  |TAMS 0x000000070d800000, 0x000000070d800000| Untracked 
| 209|0x000000070d900000, 0x000000070d900000, 0x000000070da00000|  0%| F|  |TAMS 0x000000070d900000, 0x000000070d900000| Untracked 
| 210|0x000000070da00000, 0x000000070da00000, 0x000000070db00000|  0%| F|  |TAMS 0x000000070da00000, 0x000000070da00000| Untracked 
| 211|0x000000070db00000, 0x000000070db00000, 0x000000070dc00000|  0%| F|  |TAMS 0x000000070db00000, 0x000000070db00000| Untracked 
| 212|0x000000070dc00000, 0x000000070dc00000, 0x000000070dd00000|  0%| F|  |TAMS 0x000000070dc00000, 0x000000070dc00000| Untracked 
| 213|0x000000070dd00000, 0x000000070dd00000, 0x000000070de00000|  0%| F|  |TAMS 0x000000070dd00000, 0x000000070dd00000| Untracked 
| 214|0x000000070de00000, 0x000000070de00000, 0x000000070df00000|  0%| F|  |TAMS 0x000000070de00000, 0x000000070de00000| Untracked 
| 215|0x000000070df00000, 0x000000070df00000, 0x000000070e000000|  0%| F|  |TAMS 0x000000070df00000, 0x000000070df00000| Untracked 
| 216|0x000000070e000000, 0x000000070e000000, 0x000000070e100000|  0%| F|  |TAMS 0x000000070e000000, 0x000000070e000000| Untracked 
| 217|0x000000070e100000, 0x000000070e100000, 0x000000070e200000|  0%| F|  |TAMS 0x000000070e100000, 0x000000070e100000| Untracked 
| 218|0x000000070e200000, 0x000000070e296900, 0x000000070e300000| 58%| S|CS|TAMS 0x000000070e200000, 0x000000070e200000| Complete 
| 219|0x000000070e300000, 0x000000070e400000, 0x000000070e400000|100%| S|CS|TAMS 0x000000070e300000, 0x000000070e300000| Complete 
| 220|0x000000070e400000, 0x000000070e500000, 0x000000070e500000|100%| S|CS|TAMS 0x000000070e400000, 0x000000070e400000| Complete 
| 221|0x000000070e500000, 0x000000070e600000, 0x000000070e600000|100%| S|CS|TAMS 0x000000070e500000, 0x000000070e500000| Complete 
| 222|0x000000070e600000, 0x000000070e700000, 0x000000070e700000|100%| S|CS|TAMS 0x000000070e600000, 0x000000070e600000| Complete 
| 223|0x000000070e700000, 0x000000070e800000, 0x000000070e800000|100%| S|CS|TAMS 0x000000070e700000, 0x000000070e700000| Complete 
| 224|0x000000070e800000, 0x000000070e900000, 0x000000070e900000|100%| S|CS|TAMS 0x000000070e800000, 0x000000070e800000| Complete 
| 225|0x000000070e900000, 0x000000070e900000, 0x000000070ea00000|  0%| F|  |TAMS 0x000000070e900000, 0x000000070e900000| Untracked 
| 226|0x000000070ea00000, 0x000000070ea00000, 0x000000070eb00000|  0%| F|  |TAMS 0x000000070ea00000, 0x000000070ea00000| Untracked 
| 227|0x000000070eb00000, 0x000000070eb00000, 0x000000070ec00000|  0%| F|  |TAMS 0x000000070eb00000, 0x000000070eb00000| Untracked 
| 228|0x000000070ec00000, 0x000000070ec00000, 0x000000070ed00000|  0%| F|  |TAMS 0x000000070ec00000, 0x000000070ec00000| Untracked 
| 229|0x000000070ed00000, 0x000000070ed00000, 0x000000070ee00000|  0%| F|  |TAMS 0x000000070ed00000, 0x000000070ed00000| Untracked 
| 230|0x000000070ee00000, 0x000000070ee00000, 0x000000070ef00000|  0%| F|  |TAMS 0x000000070ee00000, 0x000000070ee00000| Untracked 
| 231|0x000000070ef00000, 0x000000070ef00000, 0x000000070f000000|  0%| F|  |TAMS 0x000000070ef00000, 0x000000070ef00000| Untracked 
| 232|0x000000070f000000, 0x000000070f000000, 0x000000070f100000|  0%| F|  |TAMS 0x000000070f000000, 0x000000070f000000| Untracked 
| 233|0x000000070f100000, 0x000000070f100000, 0x000000070f200000|  0%| F|  |TAMS 0x000000070f100000, 0x000000070f100000| Untracked 
| 234|0x000000070f200000, 0x000000070f200000, 0x000000070f300000|  0%| F|  |TAMS 0x000000070f200000, 0x000000070f200000| Untracked 
| 235|0x000000070f300000, 0x000000070f300000, 0x000000070f400000|  0%| F|  |TAMS 0x000000070f300000, 0x000000070f300000| Untracked 
| 236|0x000000070f400000, 0x000000070f400000, 0x000000070f500000|  0%| F|  |TAMS 0x000000070f400000, 0x000000070f400000| Untracked 
| 237|0x000000070f500000, 0x000000070f500000, 0x000000070f600000|  0%| F|  |TAMS 0x000000070f500000, 0x000000070f500000| Untracked 
| 238|0x000000070f600000, 0x000000070f600000, 0x000000070f700000|  0%| F|  |TAMS 0x000000070f600000, 0x000000070f600000| Untracked 
| 239|0x000000070f700000, 0x000000070f700000, 0x000000070f800000|  0%| F|  |TAMS 0x000000070f700000, 0x000000070f700000| Untracked 
| 240|0x000000070f800000, 0x000000070f800000, 0x000000070f900000|  0%| F|  |TAMS 0x000000070f800000, 0x000000070f800000| Untracked 
| 241|0x000000070f900000, 0x000000070f900000, 0x000000070fa00000|  0%| F|  |TAMS 0x000000070f900000, 0x000000070f900000| Untracked 
| 242|0x000000070fa00000, 0x000000070fa00000, 0x000000070fb00000|  0%| F|  |TAMS 0x000000070fa00000, 0x000000070fa00000| Untracked 
| 243|0x000000070fb00000, 0x000000070fb00000, 0x000000070fc00000|  0%| F|  |TAMS 0x000000070fb00000, 0x000000070fb00000| Untracked 
| 244|0x000000070fc00000, 0x000000070fd00000, 0x000000070fd00000|100%| E|  |TAMS 0x000000070fc00000, 0x000000070fc00000| Complete 
| 245|0x000000070fd00000, 0x000000070fe00000, 0x000000070fe00000|100%| E|CS|TAMS 0x000000070fd00000, 0x000000070fd00000| Complete 
| 246|0x000000070fe00000, 0x000000070ff00000, 0x000000070ff00000|100%| E|CS|TAMS 0x000000070fe00000, 0x000000070fe00000| Complete 
| 247|0x000000070ff00000, 0x0000000710000000, 0x0000000710000000|100%| E|CS|TAMS 0x000000070ff00000, 0x000000070ff00000| Complete 
| 248|0x0000000710000000, 0x0000000710100000, 0x0000000710100000|100%| E|CS|TAMS 0x0000000710000000, 0x0000000710000000| Complete 
| 249|0x0000000710100000, 0x0000000710200000, 0x0000000710200000|100%| E|CS|TAMS 0x0000000710100000, 0x0000000710100000| Complete 
| 250|0x0000000710200000, 0x0000000710300000, 0x0000000710300000|100%| E|CS|TAMS 0x0000000710200000, 0x0000000710200000| Complete 
| 251|0x0000000710300000, 0x0000000710400000, 0x0000000710400000|100%| E|CS|TAMS 0x0000000710300000, 0x0000000710300000| Complete 
| 252|0x0000000710400000, 0x0000000710500000, 0x0000000710500000|100%| E|CS|TAMS 0x0000000710400000, 0x0000000710400000| Complete 
| 253|0x0000000710500000, 0x0000000710600000, 0x0000000710600000|100%| E|CS|TAMS 0x0000000710500000, 0x0000000710500000| Complete 
| 254|0x0000000710600000, 0x0000000710700000, 0x0000000710700000|100%| E|CS|TAMS 0x0000000710600000, 0x0000000710600000| Complete 
| 255|0x0000000710700000, 0x0000000710800000, 0x0000000710800000|100%| E|CS|TAMS 0x0000000710700000, 0x0000000710700000| Complete 

Card table byte_map: [0x000001d1cdcf0000,0x000001d1ce4f0000] _byte_map_base: 0x000001d1ca4ec000

Marking Bits (Prev, Next): (CMBitMap*) 0x000001d1b5699b78, (CMBitMap*) 0x000001d1b5699bb0
 Prev Bits: [0x000001d1cecf0000, 0x000001d1d2cd0000)
 Next Bits: [0x000001d1d2cd0000, 0x000001d1d6cb0000)

Polling page: 0x000001d1bda50000

Metaspace:

Usage:
  Non-class:     20.31 MB capacity,    19.79 MB ( 97%) used,   429.74 KB (  2%) free+waste,   103.88 KB ( <1%) overhead. 
      Class:      3.33 MB capacity,     2.96 MB ( 89%) used,   329.40 KB ( 10%) free+waste,    53.19 KB (  2%) overhead. 
       Both:     23.64 MB capacity,    22.75 MB ( 96%) used,   759.14 KB (  3%) free+waste,   157.06 KB ( <1%) overhead. 

Virtual space:
  Non-class space:       22.00 MB reserved,      20.50 MB ( 93%) committed 
      Class space:        1.00 GB reserved,       3.42 MB ( <1%) committed 
             Both:        1.02 GB reserved,      23.92 MB (  2%) committed 

Chunk freelists:
   Non-Class:  512 bytes
       Class:  1.25 KB
        Both:  1.75 KB

CodeHeap 'non-profiled nmethods': size=120000Kb used=979Kb max_used=979Kb free=119020Kb
 bounds [0x000001d1c5540000, 0x000001d1c57b0000, 0x000001d1cca70000]
CodeHeap 'profiled nmethods': size=120000Kb used=4340Kb max_used=4340Kb free=115659Kb
 bounds [0x000001d1be010000, 0x000001d1be450000, 0x000001d1c5540000]
CodeHeap 'non-nmethods': size=5760Kb used=1338Kb max_used=1396Kb free=4422Kb
 bounds [0x000001d1bda70000, 0x000001d1bdce0000, 0x000001d1be010000]
 total_blobs=3111 nmethods=2358 adapters=664
 compilation: enabled
              stopped_count=0, restarted_count=0
 full_count=0

Compilation events (10 events):
Event: 3.407 Thread 0x000001d1da130000 1941       3       java.nio.MappedByteBuffer::limit (6 bytes)
Event: 3.407 Thread 0x000001d1da130000 nmethod 1941 0x000001d1be376d10 code [0x000001d1be376ec0, 0x000001d1be377130]
Event: 3.407 Thread 0x000001d1da130000 1944       3       java.lang.String::regionMatches (150 bytes)
Event: 3.408 Thread 0x000001d1da130000 nmethod 1944 0x000001d1be377210 code [0x000001d1be377480, 0x000001d1be377eb0]
Event: 3.408 Thread 0x000001d1da130000 1945       3       com.sun.org.apache.xerces.internal.util.XMLChar::isInvalid (13 bytes)
Event: 3.409 Thread 0x000001d1da130000 nmethod 1945 0x000001d1be378210 code [0x000001d1be3783c0, 0x000001d1be3786f8]
Event: 3.409 Thread 0x000001d1da130000 1946       3       com.sun.org.apache.xerces.internal.util.XMLChar::isValid (34 bytes)
Event: 3.409 Thread 0x000001d1da130000 nmethod 1946 0x000001d1be378810 code [0x000001d1be3789c0, 0x000001d1be378c38]
Event: 3.409 Thread 0x000001d1da120800 nmethod 1937 0x000001d1c560ad10 code [0x000001d1c560aea0, 0x000001d1c560b048]
Event: 3.409 Thread 0x000001d1da120800 1942 %     4       java.lang.StringLatin1::inflate @ 3 (34 bytes)

GC Heap History (4 events):
Event: 1.606 GC heap before
{Heap before GC invocations=0 (full 0):
 garbage-first heap   total 262144K, used 23552K [0x0000000700800000, 0x0000000800000000)
  region size 1024K, 24 young (24576K), 0 survivors (0K)
 Metaspace       used 12715K, capacity 13082K, committed 13312K, reserved 1060864K
  class space    used 1364K, capacity 1520K, committed 1536K, reserved 1048576K
}
Event: 1.612 GC heap after
{Heap after GC invocations=1 (full 0):
 garbage-first heap   total 262144K, used 3144K [0x0000000700800000, 0x0000000800000000)
  region size 1024K, 3 young (3072K), 3 survivors (3072K)
 Metaspace       used 12715K, capacity 13082K, committed 13312K, reserved 1060864K
  class space    used 1364K, capacity 1520K, committed 1536K, reserved 1048576K
}
Event: 3.384 GC heap before
{Heap before GC invocations=1 (full 0):
 garbage-first heap   total 262144K, used 32840K [0x0000000700800000, 0x0000000800000000)
  region size 1024K, 31 young (31744K), 3 survivors (3072K)
 Metaspace       used 20543K, capacity 21179K, committed 21248K, reserved 1067008K
  class space    used 2511K, capacity 2810K, committed 2816K, reserved 1048576K
}
Event: 3.391 GC heap after
{Heap after GC invocations=2 (full 0):
 garbage-first heap   total 262144K, used 8866K [0x0000000700800000, 0x0000000800000000)
  region size 1024K, 7 young (7168K), 7 survivors (7168K)
 Metaspace       used 20543K, capacity 21179K, committed 21248K, reserved 1067008K
  class space    used 2511K, capacity 2810K, committed 2816K, reserved 1048576K
}

Deoptimization events (10 events):
Event: 1.855 Thread 0x000001d1da2a1000 Uncommon trap: reason=intrinsic_or_type_checked_inlining action=make_not_entrant pc=0x000001d1c55a78f0 method=java.util.Arrays.copyOf([Ljava/lang/Object;ILjava/lang/Class;)[Ljava/lang/Object; @ 35 c2
Event: 1.983 Thread 0x000001d1da2a1000 Uncommon trap: reason=unstable_if action=reinterpret pc=0x000001d1c55abf60 method=java.util.HashMap.hash(Ljava/lang/Object;)I @ 1 c2
Event: 1.983 Thread 0x000001d1da2a1000 Uncommon trap: reason=unstable_if action=reinterpret pc=0x000001d1c559e6f4 method=java.util.HashMap.hash(Ljava/lang/Object;)I @ 1 c2
Event: 2.010 Thread 0x000001d1da2a1000 Uncommon trap: reason=unstable_if action=reinterpret pc=0x000001d1c55603b8 method=java.util.HashMap.hash(Ljava/lang/Object;)I @ 1 c2
Event: 2.034 Thread 0x000001d1da2a1000 Uncommon trap: reason=unstable_if action=reinterpret pc=0x000001d1c555ed54 method=java.lang.StringLatin1.canEncode(I)Z @ 4 c2
Event: 2.170 Thread 0x000001d1da2a1000 Uncommon trap: reason=class_check action=maybe_recompile pc=0x000001d1c5550f6c method=java.lang.String.equals(Ljava/lang/Object;)Z @ 8 c2
Event: 2.170 Thread 0x000001d1da2a1000 Uncommon trap: reason=class_check action=maybe_recompile pc=0x000001d1c5550f6c method=java.lang.String.equals(Ljava/lang/Object;)Z @ 8 c2
Event: 2.170 Thread 0x000001d1da2a1000 Uncommon trap: reason=class_check action=maybe_recompile pc=0x000001d1c5550f6c method=java.lang.String.equals(Ljava/lang/Object;)Z @ 8 c2
Event: 2.172 Thread 0x000001d1da2a1000 Uncommon trap: reason=class_check action=maybe_recompile pc=0x000001d1c5550f6c method=java.lang.String.equals(Ljava/lang/Object;)Z @ 8 c2
Event: 3.371 Thread 0x000001d1da2a1000 Uncommon trap: reason=unstable_if action=reinterpret pc=0x000001d1c55a1d30 method=jdk.internal.org.objectweb.asm.Type.getArgumentsAndReturnSizes(Ljava/lang/String;)I @ 47 c2

Classes redefined (0 events):
No events

Internal exceptions (10 events):
Event: 2.188 Thread 0x000001d1da2a1000 Exception <a 'java/lang/ClassNotFoundException'{0x000000070f625af0}: com/sun/javafx/scene/control/skin/resources/controls> (0x000000070f625af0) thrown at [./open/src/hotspot/share/prims/jni.cpp, line 632]
Event: 2.189 Thread 0x000001d1da2a1000 Exception <a 'java/lang/ClassNotFoundException'{0x000000070f633640}: com/sun/javafx/scene/control/skin/resources/controls_en> (0x000000070f633640) thrown at [./open/src/hotspot/share/prims/jni.cpp, line 632]
Event: 2.189 Thread 0x000001d1da2a1000 Exception <a 'java/lang/ClassNotFoundException'{0x000000070f635c90}: com/sun/javafx/scene/control/skin/resources/controls_en_US> (0x000000070f635c90) thrown at [./open/src/hotspot/share/prims/jni.cpp, line 632]
Event: 2.210 Thread 0x000001d1da2a1000 Exception <a 'java/lang/NoSuchMethodError'{0x000000070f6e7bb8}: java.lang.invoke.DirectMethodHandle$Holder.invokeInterface(Ljava/lang/Object;Ljava/lang/Object;Ljava/lang/Object;)Ljava/lang/Object;> (0x000000070f6e7bb8) thrown at [./open/src/hotspot/share/
Event: 2.210 Thread 0x000001d1da2a1000 Exception <a 'java/lang/IncompatibleClassChangeError'{0x000000070f6ead70}: Found class java.lang.Object, but interface was expected> (0x000000070f6ead70) thrown at [./open/src/hotspot/share/interpreter/linkResolver.cpp, line 838]
Event: 2.250 Thread 0x000001d1da2a1000 Exception <a 'java/lang/NoSuchMethodError'{0x000000070f42d808}: java.lang.invoke.Invokers$Holder.linkToTargetMethod(Ljava/lang/Object;ILjava/lang/Object;)Ljava/lang/Object;> (0x000000070f42d808) thrown at [./open/src/hotspot/share/interpreter/linkResolver
Event: 2.413 Thread 0x000001d1da2a0800 Exception <a 'java/lang/NoSuchMethodError'{0x000000070f199ba8}: java.lang.invoke.DirectMethodHandle$Holder.invokeStaticInit(Ljava/lang/Object;Ljava/lang/Object;)I> (0x000000070f199ba8) thrown at [./open/src/hotspot/share/interpreter/linkResolver.cpp, line
Event: 3.372 Thread 0x000001d1da2a1000 Exception <a 'java/lang/NoSuchMethodError'{0x000000070e913cb8}: java.lang.invoke.DirectMethodHandle$Holder.invokeStaticInit(Ljava/lang/Object;Ljava/lang/Object;Ljava/lang/Object;)J> (0x000000070e913cb8) thrown at [./open/src/hotspot/share/interpreter/link
Event: 3.374 Thread 0x000001d1da2a1000 Exception <a 'java/lang/NoSuchMethodError'{0x000000070e92c2f8}: java.lang.invoke.DirectMethodHandle$Holder.invokeStatic(Ljava/lang/Object;Ljava/lang/Object;J)Ljava/lang/Object;> (0x000000070e92c2f8) thrown at [./open/src/hotspot/share/interpreter/linkReso
Event: 3.375 Thread 0x000001d1da2a1000 Exception <a 'java/lang/NoSuchMethodError'{0x000000070e932470}: java.lang.invoke.Invokers$Holder.linkToTargetMethod(Ljava/lang/Object;JLjava/lang/Object;)Ljava/lang/Object;> (0x000000070e932470) thrown at [./open/src/hotspot/share/interpreter/linkResolver

Events (10 events):
Event: 3.373 loading class com/sun/scenario/animation/AnimationPulse$PulseData$Accessor
Event: 3.373 loading class com/sun/scenario/animation/AnimationPulse$PulseData$Accessor done
Event: 3.373 loading class com/sun/scenario/animation/AnimationPulse$PulseData
Event: 3.373 loading class com/sun/scenario/animation/AnimationPulse$PulseData done
Event: 3.373 loading class com/sun/scenario/animation/AnimationPulse$PulseData$Accessor
Event: 3.373 loading class com/sun/scenario/animation/AnimationPulse$PulseData$Accessor done
Event: 3.374 loading class javafx/animation/Animation$1
Event: 3.374 loading class javafx/animation/Animation$1 done
Event: 3.383 Executing VM operation: CollectForMetadataAllocation
Event: 3.391 Executing VM operation: CollectForMetadataAllocation done


Dynamic libraries:
0x00007ff71fbe0000 - 0x00007ff71fbef000 	C:\Program Files\Java\jdk-11.0.8\bin\java.exe
0x00007ffb6c730000 - 0x00007ffb6c926000 	C:\WINDOWS\SYSTEM32\ntdll.dll
0x00007ffb6aef0000 - 0x00007ffb6afad000 	C:\WINDOWS\System32\KERNEL32.DLL
0x00007ffb69fa0000 - 0x00007ffb6a268000 	C:\WINDOWS\System32\KERNELBASE.dll
0x00007ffb69e70000 - 0x00007ffb69f70000 	C:\WINDOWS\System32\ucrtbase.dll
0x00007ffb5efd0000 - 0x00007ffb5efe5000 	C:\Program Files\Java\jdk-11.0.8\bin\VCRUNTIME140.dll
0x00007ffb5f3f0000 - 0x00007ffb5f408000 	C:\Program Files\Java\jdk-11.0.8\bin\jli.dll
0x00007ffb6aca0000 - 0x00007ffb6ad4c000 	C:\WINDOWS\System32\ADVAPI32.dll
0x00007ffb6a8a0000 - 0x00007ffb6a93e000 	C:\WINDOWS\System32\msvcrt.dll
0x00007ffb6b160000 - 0x00007ffb6b1fb000 	C:\WINDOWS\System32\sechost.dll
0x00007ffb6b820000 - 0x00007ffb6b944000 	C:\WINDOWS\System32\RPCRT4.dll
0x00007ffb6ad50000 - 0x00007ffb6aef0000 	C:\WINDOWS\System32\USER32.dll
0x00007ffb548f0000 - 0x00007ffb54b8b000 	C:\WINDOWS\WinSxS\amd64_microsoft.windows.common-controls_6595b64144ccf1df_6.0.19041.488_none_ca04af081b815d21\COMCTL32.dll
0x00007ffb69f70000 - 0x00007ffb69f92000 	C:\WINDOWS\System32\win32u.dll
0x00007ffb6b130000 - 0x00007ffb6b15a000 	C:\WINDOWS\System32\GDI32.dll
0x00007ffb6a350000 - 0x00007ffb6a459000 	C:\WINDOWS\System32\gdi32full.dll
0x00007ffb6a6f0000 - 0x00007ffb6a78d000 	C:\WINDOWS\System32\msvcp_win.dll
0x00007ffb65600000 - 0x00007ffb6560a000 	C:\WINDOWS\SYSTEM32\VERSION.dll
0x00007ffb6b7f0000 - 0x00007ffb6b820000 	C:\WINDOWS\System32\IMM32.DLL
0x00007ffb3fe70000 - 0x00007ffb3ff0b000 	C:\Program Files\Java\jdk-11.0.8\bin\msvcp140.dll
0x00007ffb1fac0000 - 0x00007ffb205a6000 	C:\Program Files\Java\jdk-11.0.8\bin\server\jvm.dll
0x00007ffb6b2d0000 - 0x00007ffb6b2d8000 	C:\WINDOWS\System32\PSAPI.DLL
0x00007ffb566d0000 - 0x00007ffb566d9000 	C:\WINDOWS\SYSTEM32\WSOCK32.dll
0x00007ffb5fdb0000 - 0x00007ffb5fdd7000 	C:\WINDOWS\SYSTEM32\WINMM.dll
0x00007ffb6b260000 - 0x00007ffb6b2cb000 	C:\WINDOWS\System32\WS2_32.dll
0x00007ffb68760000 - 0x00007ffb68772000 	C:\WINDOWS\SYSTEM32\kernel.appcore.dll
0x00007ffb63c60000 - 0x00007ffb63c70000 	C:\Program Files\Java\jdk-11.0.8\bin\verify.dll
0x00007ffb50f90000 - 0x00007ffb51174000 	C:\WINDOWS\SYSTEM32\DBGHELP.DLL
0x00007ffb50f60000 - 0x00007ffb50f8c000 	C:\WINDOWS\SYSTEM32\dbgcore.DLL
0x00007ffb6a670000 - 0x00007ffb6a6ef000 	C:\WINDOWS\System32\bcryptPrimitives.dll
0x00007ffb5efa0000 - 0x00007ffb5efc8000 	C:\Program Files\Java\jdk-11.0.8\bin\java.dll
0x00007ffb629b0000 - 0x00007ffb629ba000 	C:\Program Files\Java\jdk-11.0.8\bin\jimage.dll
0x00007ffb5c430000 - 0x00007ffb5c446000 	C:\Program Files\Java\jdk-11.0.8\bin\zip.dll
0x00007ffb6bc90000 - 0x00007ffb6c3d1000 	C:\WINDOWS\System32\SHELL32.dll
0x00007ffb67fc0000 - 0x00007ffb68755000 	C:\WINDOWS\SYSTEM32\windows.storage.dll
0x00007ffb6a940000 - 0x00007ffb6ac95000 	C:\WINDOWS\System32\combase.dll
0x00007ffb69810000 - 0x00007ffb6983c000 	C:\WINDOWS\SYSTEM32\Wldp.dll
0x00007ffb6bbe0000 - 0x00007ffb6bc8e000 	C:\WINDOWS\System32\SHCORE.dll
0x00007ffb6a840000 - 0x00007ffb6a895000 	C:\WINDOWS\System32\shlwapi.dll
0x00007ffb69da0000 - 0x00007ffb69dc6000 	C:\WINDOWS\SYSTEM32\profapi.dll
0x00007ffb57f40000 - 0x00007ffb57f59000 	C:\Program Files\Java\jdk-11.0.8\bin\net.dll
0x00007ffb63790000 - 0x00007ffb63890000 	C:\WINDOWS\SYSTEM32\WINHTTP.dll
0x00007ffb69590000 - 0x00007ffb695fa000 	C:\WINDOWS\system32\mswsock.dll
0x00007ffb50510000 - 0x00007ffb50522000 	C:\Program Files\Java\jdk-11.0.8\bin\nio.dll
0x000001d1dbd20000 - 0x000001d1dbd23000 	C:\Program Files\Java\javafx-sdk-11.0.2\bin\api-ms-win-core-console-l1-1-0.dll
0x000001d1dbd30000 - 0x000001d1dbd33000 	C:\Program Files\Java\javafx-sdk-11.0.2\bin\api-ms-win-core-datetime-l1-1-0.dll
0x000001d1dbd40000 - 0x000001d1dbd43000 	C:\Program Files\Java\javafx-sdk-11.0.2\bin\api-ms-win-core-debug-l1-1-0.dll
0x000001d1dbd50000 - 0x000001d1dbd53000 	C:\Program Files\Java\javafx-sdk-11.0.2\bin\api-ms-win-core-errorhandling-l1-1-0.dll
0x000001d1dbd60000 - 0x000001d1dbd64000 	C:\Program Files\Java\javafx-sdk-11.0.2\bin\api-ms-win-core-file-l1-1-0.dll
0x000001d1dbd70000 - 0x000001d1dbd73000 	C:\Program Files\Java\javafx-sdk-11.0.2\bin\api-ms-win-core-file-l1-2-0.dll
0x000001d1dbd80000 - 0x000001d1dbd83000 	C:\Program Files\Java\javafx-sdk-11.0.2\bin\api-ms-win-core-file-l2-1-0.dll
0x000001d1dbd90000 - 0x000001d1dbd93000 	C:\Program Files\Java\javafx-sdk-11.0.2\bin\api-ms-win-core-handle-l1-1-0.dll
0x000001d1dbda0000 - 0x000001d1dbda3000 	C:\Program Files\Java\javafx-sdk-11.0.2\bin\api-ms-win-core-heap-l1-1-0.dll
0x000001d1dbdb0000 - 0x000001d1dbdb3000 	C:\Program Files\Java\javafx-sdk-11.0.2\bin\api-ms-win-core-interlocked-l1-1-0.dll
0x000001d1dbdc0000 - 0x000001d1dbdc3000 	C:\Program Files\Java\javafx-sdk-11.0.2\bin\api-ms-win-core-libraryloader-l1-1-0.dll
0x000001d1dbdd0000 - 0x000001d1dbdd3000 	C:\Program Files\Java\javafx-sdk-11.0.2\bin\api-ms-win-core-localization-l1-2-0.dll
0x000001d1dbde0000 - 0x000001d1dbde3000 	C:\Program Files\Java\javafx-sdk-11.0.2\bin\api-ms-win-core-memory-l1-1-0.dll
0x000001d1dbdf0000 - 0x000001d1dbdf3000 	C:\Program Files\Java\javafx-sdk-11.0.2\bin\api-ms-win-core-namedpipe-l1-1-0.dll
0x000001d1dbe00000 - 0x000001d1dbe03000 	C:\Program Files\Java\javafx-sdk-11.0.2\bin\api-ms-win-core-processenvironment-l1-1-0.dll
0x000001d1dbe10000 - 0x000001d1dbe13000 	C:\Program Files\Java\javafx-sdk-11.0.2\bin\api-ms-win-core-processthreads-l1-1-0.dll
0x000001d1dbe20000 - 0x000001d1dbe23000 	C:\Program Files\Java\javafx-sdk-11.0.2\bin\api-ms-win-core-processthreads-l1-1-1.dll
0x000001d1dbe30000 - 0x000001d1dbe33000 	C:\Program Files\Java\javafx-sdk-11.0.2\bin\api-ms-win-core-profile-l1-1-0.dll
0x000001d1dbe40000 - 0x000001d1dbe43000 	C:\Program Files\Java\javafx-sdk-11.0.2\bin\api-ms-win-core-rtlsupport-l1-1-0.dll
0x000001d1dbe50000 - 0x000001d1dbe53000 	C:\Program Files\Java\javafx-sdk-11.0.2\bin\api-ms-win-core-string-l1-1-0.dll
0x000001d1dbe60000 - 0x000001d1dbe63000 	C:\Program Files\Java\javafx-sdk-11.0.2\bin\api-ms-win-core-synch-l1-1-0.dll
0x000001d1dbe70000 - 0x000001d1dbe73000 	C:\Program Files\Java\javafx-sdk-11.0.2\bin\api-ms-win-core-synch-l1-2-0.dll
0x000001d1dbe80000 - 0x000001d1dbe83000 	C:\Program Files\Java\javafx-sdk-11.0.2\bin\api-ms-win-core-sysinfo-l1-1-0.dll
0x000001d1dbe90000 - 0x000001d1dbe93000 	C:\Program Files\Java\javafx-sdk-11.0.2\bin\api-ms-win-core-timezone-l1-1-0.dll
0x000001d1dbea0000 - 0x000001d1dbea3000 	C:\Program Files\Java\javafx-sdk-11.0.2\bin\api-ms-win-core-util-l1-1-0.dll
0x000001d1dbeb0000 - 0x000001d1dbeb3000 	C:\Program Files\Java\javafx-sdk-11.0.2\bin\api-ms-win-crt-conio-l1-1-0.dll
0x000001d1dbec0000 - 0x000001d1dbec4000 	C:\Program Files\Java\javafx-sdk-11.0.2\bin\api-ms-win-crt-convert-l1-1-0.dll
0x000001d1dbed0000 - 0x000001d1dbed3000 	C:\Program Files\Java\javafx-sdk-11.0.2\bin\api-ms-win-crt-environment-l1-1-0.dll
0x000001d1dbee0000 - 0x000001d1dbee3000 	C:\Program Files\Java\javafx-sdk-11.0.2\bin\api-ms-win-crt-filesystem-l1-1-0.dll
0x000001d1dbef0000 - 0x000001d1dbef3000 	C:\Program Files\Java\javafx-sdk-11.0.2\bin\api-ms-win-crt-heap-l1-1-0.dll
0x000001d1dbf00000 - 0x000001d1dbf03000 	C:\Program Files\Java\javafx-sdk-11.0.2\bin\api-ms-win-crt-locale-l1-1-0.dll
0x000001d1dbf10000 - 0x000001d1dbf15000 	C:\Program Files\Java\javafx-sdk-11.0.2\bin\api-ms-win-crt-math-l1-1-0.dll
0x000001d1dbf20000 - 0x000001d1dbf25000 	C:\Program Files\Java\javafx-sdk-11.0.2\bin\api-ms-win-crt-multibyte-l1-1-0.dll
0x000001d1dbf30000 - 0x000001d1dbf40000 	C:\Program Files\Java\javafx-sdk-11.0.2\bin\api-ms-win-crt-private-l1-1-0.dll
0x000001d1dbf40000 - 0x000001d1dbf43000 	C:\Program Files\Java\javafx-sdk-11.0.2\bin\api-ms-win-crt-process-l1-1-0.dll
0x000001d1dbf50000 - 0x000001d1dbf54000 	C:\Program Files\Java\javafx-sdk-11.0.2\bin\api-ms-win-crt-runtime-l1-1-0.dll
0x000001d1dbf60000 - 0x000001d1dbf64000 	C:\Program Files\Java\javafx-sdk-11.0.2\bin\api-ms-win-crt-stdio-l1-1-0.dll
0x000001d1dbf70000 - 0x000001d1dbf74000 	C:\Program Files\Java\javafx-sdk-11.0.2\bin\api-ms-win-crt-string-l1-1-0.dll
0x000001d1dbf80000 - 0x000001d1dbf83000 	C:\Program Files\Java\javafx-sdk-11.0.2\bin\api-ms-win-crt-time-l1-1-0.dll
0x000001d1dbf90000 - 0x000001d1dbf93000 	C:\Program Files\Java\javafx-sdk-11.0.2\bin\api-ms-win-crt-utility-l1-1-0.dll
0x00007ffb413c0000 - 0x00007ffb414ba000 	C:\Program Files\Java\javafx-sdk-11.0.2\bin\ucrtbase.dll
0x00007ffb5f390000 - 0x00007ffb5f3a6000 	C:\Program Files\Java\javafx-sdk-11.0.2\bin\vcruntime140.dll
0x00007ffb41310000 - 0x00007ffb413b6000 	C:\Program Files\Java\javafx-sdk-11.0.2\bin\msvcp140.dll
0x00007ffb42be0000 - 0x00007ffb42c31000 	C:\Program Files\Java\javafx-sdk-11.0.2\bin\concrt140.dll
0x00007ffb5d6d0000 - 0x00007ffb5d6f3000 	C:\Program Files\Java\javafx-sdk-11.0.2\bin\prism_d3d.dll
0x00007ffb4fea0000 - 0x00007ffb5006e000 	C:\WINDOWS\system32\d3d9.dll
0x00007ffb67970000 - 0x00007ffb6799f000 	C:\WINDOWS\SYSTEM32\dwmapi.dll
0x00007ffb67790000 - 0x00007ffb6782e000 	C:\WINDOWS\system32\uxtheme.dll
0x00007ffb628c0000 - 0x00007ffb629ae000 	C:\WINDOWS\System32\DriverStore\FileRepository\nv_dispi.inf_amd64_db678424d2641c3d\nvldumdx.dll
0x00007ffb6a460000 - 0x00007ffb6a5bd000 	C:\WINDOWS\System32\crypt32.dll
0x00007ffb6a2f0000 - 0x00007ffb6a350000 	C:\WINDOWS\System32\WINTRUST.DLL
0x00007ffb699f0000 - 0x00007ffb69a02000 	C:\WINDOWS\SYSTEM32\MSASN1.dll
0x00007ffb6c6d0000 - 0x00007ffb6c6ed000 	C:\WINDOWS\System32\imagehlp.dll
0x00007ffb69760000 - 0x00007ffb69778000 	C:\WINDOWS\SYSTEM32\CRYPTSP.dll
0x00007ffb68f20000 - 0x00007ffb68f54000 	C:\WINDOWS\system32\rsaenh.dll
0x00007ffb6a2c0000 - 0x00007ffb6a2e7000 	C:\WINDOWS\System32\bcrypt.dll
0x00007ffb69780000 - 0x00007ffb6978c000 	C:\WINDOWS\SYSTEM32\CRYPTBASE.dll
0x00007ffb09990000 - 0x00007ffb0ae2b000 	C:\WINDOWS\System32\DriverStore\FileRepository\nv_dispi.inf_amd64_db678424d2641c3d\nvd3dumx.dll
0x00007ffb412c0000 - 0x00007ffb41305000 	C:\Program Files\Java\javafx-sdk-11.0.2\bin\glass.dll
0x00007ffb6c5f0000 - 0x00007ffb6c6ca000 	C:\WINDOWS\System32\COMDLG32.dll
0x00007ffb6b9e0000 - 0x00007ffb6bb0a000 	C:\WINDOWS\System32\ole32.dll
0x00007ffb6bb10000 - 0x00007ffb6bbdd000 	C:\WINDOWS\System32\OLEAUT32.dll
0x00007ffb6b010000 - 0x00007ffb6b125000 	C:\WINDOWS\System32\MSCTF.dll
0x00007ffb69cd0000 - 0x00007ffb69d1b000 	C:\WINDOWS\system32\powrprof.dll
0x00007ffb69cb0000 - 0x00007ffb69cc2000 	C:\WINDOWS\SYSTEM32\UMPDC.dll
0x00007ffb426a0000 - 0x00007ffb42966000 	C:\WINDOWS\system32\nvspcap64.dll
0x00007ffb68bb0000 - 0x00007ffb68be3000 	C:\WINDOWS\SYSTEM32\ntmarta.dll
0x00007ffb68790000 - 0x00007ffb687b3000 	C:\WINDOWS\SYSTEM32\gpapi.dll
0x00007ffb578d0000 - 0x00007ffb57901000 	C:\WINDOWS\SYSTEM32\cryptnet.dll
0x00007ffb65470000 - 0x00007ffb654ab000 	C:\WINDOWS\SYSTEM32\dxcore.dll
0x00007ffb6a270000 - 0x00007ffb6a2be000 	C:\WINDOWS\System32\cfgmgr32.dll
0x00007ffb5d6b0000 - 0x00007ffb5d6c4000 	C:\Program Files\Java\javafx-sdk-11.0.2\bin\javafx_font.dll
0x00007ffb5d410000 - 0x00007ffb5d68f000 	C:\WINDOWS\SYSTEM32\dwrite.dll
0x00007ffb6a790000 - 0x00007ffb6a839000 	C:\WINDOWS\System32\clbcatq.dll
0x00007ffb63560000 - 0x00007ffb63714000 	C:\WINDOWS\SYSTEM32\WindowsCodecs.dll
0x00007ffb54870000 - 0x00007ffb548ae000 	C:\WINDOWS\system32\dataexchange.dll
0x00007ffb65da0000 - 0x00007ffb66004000 	C:\WINDOWS\system32\d3d11.dll
0x00007ffb66660000 - 0x00007ffb66845000 	C:\WINDOWS\system32\dcomp.dll
0x00007ffb687c0000 - 0x00007ffb688b3000 	C:\WINDOWS\system32\dxgi.dll
0x00007ffb645c0000 - 0x00007ffb647c8000 	C:\WINDOWS\system32\twinapi.appcore.dll
0x00007ffb5d9b0000 - 0x00007ffb5d9e4000 	C:\Program Files\Common Files\Microsoft Shared\Ink\rtscom.dll
0x00007ffb5ebe0000 - 0x00007ffb5ecdc000 	C:\WINDOWS\SYSTEM32\textinputframework.dll
0x00007ffb66850000 - 0x00007ffb66bae000 	C:\WINDOWS\System32\CoreUIComponents.dll
0x00007ffb65160000 - 0x00007ffb65252000 	C:\WINDOWS\System32\CoreMessaging.dll

dbghelp: loaded successfully - version: 4.0.5 - missing functions: none
symbol engine: initialized successfully - sym options: 0x614 - pdb path: .;C:\Program Files\Java\jdk-11.0.8\bin;C:\WINDOWS\SYSTEM32;C:\WINDOWS\WinSxS\amd64_microsoft.windows.common-controls_6595b64144ccf1df_6.0.19041.488_none_ca04af081b815d21;C:\Program Files\Java\jdk-11.0.8\bin\server;C:\Program Files\Java\javafx-sdk-11.0.2\bin;C:\WINDOWS\System32\DriverStore\FileRepository\nv_dispi.inf_amd64_db678424d2641c3d;C:\Program Files\Common Files\Microsoft Shared\Ink

VM Arguments:
jvm_args: -Dfile.encoding=UTF-8 --add-modules=javafx.controls,javafx.fxml --module-path=C:\Users\areeb\Desktop\Documents\NetBeansProjects\TestProjectGUI\build\classes;C:\Program Files\Java\javafx-sdk-11.0.2\lib\javafx-swt.jar;C:\Program Files\Java\javafx-sdk-11.0.2\lib\javafx.base.jar;C:\Program Files\Java\javafx-sdk-11.0.2\lib\javafx.controls.jar;C:\Program Files\Java\javafx-sdk-11.0.2\lib\javafx.fxml.jar;C:\Program Files\Java\javafx-sdk-11.0.2\lib\javafx.graphics.jar;C:\Program Files\Java\javafx-sdk-11.0.2\lib\javafx.media.jar;C:\Program Files\Java\javafx-sdk-11.0.2\lib\javafx.swing.jar;C:\Program Files\Java\javafx-sdk-11.0.2\lib\javafx.web.jar 
java_command: BankSystem.Main
java_class_path (initial): C:\Program Files\Java\javafx-sdk-11.0.2;C:\Program Files\Java\javafx-sdk-11.0.2\lib\javafx-swt.jar;C:\Program Files\Java\javafx-sdk-11.0.2\lib\javafx.base.jar;C:\Program Files\Java\javafx-sdk-11.0.2\lib\javafx.controls.jar;C:\Program Files\Java\javafx-sdk-11.0.2\lib\javafx.fxml.jar;C:\Program Files\Java\javafx-sdk-11.0.2\lib\javafx.graphics.jar;C:\Program Files\Java\javafx-sdk-11.0.2\lib\javafx.media.jar;C:\Program Files\Java\javafx-sdk-11.0.2\lib\javafx.swing.jar;C:\Program Files\Java\javafx-sdk-11.0.2\lib\javafx.web.jar;C:\Users\areeb\Desktop\Documents\NetBeansProjects\TestProjectGUI\build\classes
Launcher Type: SUN_STANDARD

[Global flags]
     intx CICompilerCount                          = 4                                         {product} {ergonomic}
     uint ConcGCThreads                            = 2                                         {product} {ergonomic}
     uint G1ConcRefinementThreads                  = 8                                         {product} {ergonomic}
   size_t G1HeapRegionSize                         = 1048576                                   {product} {ergonomic}
    uintx GCDrainStackTargetSize                   = 64                                        {product} {ergonomic}
   size_t InitialHeapSize                          = 268435456                                 {product} {ergonomic}
   size_t MarkStackSize                            = 4194304                                   {product} {ergonomic}
   size_t MaxHeapSize                              = 4286578688                                {product} {ergonomic}
   size_t MaxNewSize                               = 2571108352                                {product} {ergonomic}
   size_t MinHeapDeltaBytes                        = 1048576                                   {product} {ergonomic}
    uintx NonNMethodCodeHeapSize                   = 5836300                                {pd product} {ergonomic}
    uintx NonProfiledCodeHeapSize                  = 122910970                              {pd product} {ergonomic}
    uintx ProfiledCodeHeapSize                     = 122910970                              {pd product} {ergonomic}
    uintx ReservedCodeCacheSize                    = 251658240                              {pd product} {ergonomic}
     bool SegmentedCodeCache                       = true                                      {product} {ergonomic}
     bool UseCompressedClassPointers               = true                                 {lp64_product} {ergonomic}
     bool UseCompressedOops                        = true                                 {lp64_product} {ergonomic}
     bool UseG1GC                                  = true                                      {product} {ergonomic}
     bool UseLargePagesIndividualAllocation        = false                                  {pd product} {ergonomic}

Logging:
Log output configuration:
 #0: stdout all=warning uptime,level,tags
 #1: stderr all=off uptime,level,tags

Environment Variables:
JAVA_HOME=C:\Program Files (x86)\Java\jdk1.8.0_181
PATH=C:\Program Files (x86)\Common Files\Oracle\Java\javapath;C:\Program Files\Microsoft MPI\Bin\;C:\Program Files (x86)\Intel\iCLS Client\;C:\Program Files\Intel\iCLS Client\;C:\Windows\system32;C:\Windows;C:\Windows\System32\Wbem;C:\Windows\System32\WindowsPowerShell\v1.0\;C:\Program Files (x86)\Intel\Intel(R) Management Engine Components\DAL;C:\Program Files\Intel\Intel(R) Management Engine Components\DAL;C:\Program Files (x86)\Intel\Intel(R) Management Engine Components\IPT;C:\Program Files\Intel\Intel(R) Management Engine Components\IPT;C:\Program Files (x86)\NVIDIA Corporation\PhysX\Common;C:\WINDOWS\system32;C:\WINDOWS;C:\WINDOWS\System32\Wbem;C:\WINDOWS\System32\WindowsPowerShell\v1.0\;C:\WINDOWS\System32\OpenSSH\;C:\Program Files\dotnet\;C:\Program Files\Microsoft SQL Server\130\Tools\Binn\;C:\Program Files\NVIDIA Corporation\NVIDIA NvDLISR;C:\Program Files (x86)\Microsoft SQL Server\Client SDK\ODBC\130\Tools\Binn\;C:\Program Files (x86)\Microsoft SQL Server\140\Tools\Binn\;C:\Program Files (x86)\Microsoft SQL Server\140\DTS\Binn\;C:\Program Files (x86)\Microsoft SQL Server\140\Tools\Binn\ManagementStudio\;C:\Program Files\Microsoft SQL Server\Client SDK\ODBC\170\Tools\Binn\;C:\WINDOWS\system32;C:\WINDOWS;C:\WINDOWS\System32\Wbem;C:\WINDOWS\System32\WindowsPowerShell\v1.0\;C:\WINDOWS\System32\OpenSSH\;C:\Program Files\Git\cmd;C:\Ruby26-x64\bin;C:\Users\areeb\AppData\Local\Microsoft\WindowsApps;C:\Users\areeb\AppData\Local\atom\bin;C:\Users\areeb\AppData\Local\Programs\Microsoft VS Code\bin;C:\Users\areeb\AppData\Local\Microsoft\WindowsApps;C:\Users\areeb\AppData\Local\GitHubDesktop\bin
USERNAME=areeb
OS=Windows_NT
PROCESSOR_IDENTIFIER=Intel64 Family 6 Model 158 Stepping 9, GenuineIntel



---------------  S Y S T E M  ---------------

OS: Windows 10 , 64 bit Build 19041 (10.0.19041.546)

CPU:total 8 (initial active 8) (4 cores per cpu, 2 threads per core) family 6 model 158 stepping 9, cmov, cx8, fxsr, mmx, sse, sse2, sse3, ssse3, sse4.1, sse4.2, popcnt, avx, avx2, aes, clmul, erms, rtm, 3dnowpref, lzcnt, ht, tsc, tscinvbit, bmi1, bmi2, adx, fma

Memory: 4k page, system-wide physical 16348M (8675M free)
TotalPageFile size 22213M (AvailPageFile size 8083M)
current process WorkingSet (physical memory assigned to process): 155M, peak: 159M
current process commit charge ("private bytes"): 433M, peak: 438M

vm_info: Java HotSpot(TM) 64-Bit Server VM (11.0.8+10-LTS) for windows-amd64 JRE (11.0.8+10-LTS), built on Jun 16 2020 05:53:08 by "mach5one" with unknown MS VC++:1916

END.
