#
# A fatal error has been detected by the Java Runtime Environment:
#
#  EXCEPTION_ACCESS_VIOLATION (0xc0000005) at pc=0x00007ffb1ffd3a8d, pid=14824, tid=13048
#
# JRE version: Java(TM) SE Runtime Environment 18.9 (11.0.8+10) (build 11.0.8+10-LTS)
# Java VM: Java HotSpot(TM) 64-Bit Server VM 18.9 (11.0.8+10-LTS, mixed mode, tiered, compressed oops, g1 gc, windows-amd64)
# Problematic frame:
# V  [jvm.dll+0x513a8d]
#
# No core dump will be written. Minidumps are not enabled by default on client versions of Windows
#
# If you would like to submit a bug report, please visit:
#   https://bugreport.java.com/bugreport/crash.jsp
#

---------------  S U M M A R Y ------------

Command Line: -Dfile.encoding=UTF-8 --add-modules=javafx.controls,javafx.fxml --module-path=C:\Users\areeb\Desktop\Documents\NetBeansProjects\TestProjectGUI\build\classes;C:\Program Files\Java\javafx-sdk-11.0.2\lib\javafx-swt.jar;C:\Program Files\Java\javafx-sdk-11.0.2\lib\javafx.base.jar;C:\Program Files\Java\javafx-sdk-11.0.2\lib\javafx.controls.jar;C:\Program Files\Java\javafx-sdk-11.0.2\lib\javafx.fxml.jar;C:\Program Files\Java\javafx-sdk-11.0.2\lib\javafx.graphics.jar;C:\Program Files\Java\javafx-sdk-11.0.2\lib\javafx.media.jar;C:\Program Files\Java\javafx-sdk-11.0.2\lib\javafx.swing.jar;C:\Program Files\Java\javafx-sdk-11.0.2\lib\javafx.web.jar BankSystem.Main

Host: Intel(R) Core(TM) i7-7700 CPU @ 3.60GHz, 8 cores, 15G,  Windows 10 , 64 bit Build 19041 (10.0.19041.546)
Time: Wed Nov 18 23:25:21 2020 Eastern Standard Time elapsed time: 1 seconds (0d 0h 0m 1s)

---------------  T H R E A D  ---------------

Current thread (0x0000015cee4c6800):  JavaThread "C2 CompilerThread0" daemon [_thread_in_native, id=13048, stack(0x0000002379400000,0x0000002379500000)]


Current CompileTask:
C2:   1789 1200   !   4       com.sun.javafx.css.ParsedValueImpl::readBinary (688 bytes)

Stack: [0x0000002379400000,0x0000002379500000],  sp=0x00000023794faad0,  free space=1002k
Native frames: (J=compiled Java code, j=interpreted, Vv=VM code, C=native code)
V  [jvm.dll+0x513a8d]
V  [jvm.dll+0x524ab0]
V  [jvm.dll+0x524918]
V  [jvm.dll+0x523ceb]
V  [jvm.dll+0x2044ad]
V  [jvm.dll+0x1fe3fa]
V  [jvm.dll+0x1fb37f]
V  [jvm.dll+0x17e0fc]
V  [jvm.dll+0x20aaa4]
V  [jvm.dll+0x208b7b]
V  [jvm.dll+0x6ff90c]
V  [jvm.dll+0x6f845c]
V  [jvm.dll+0x600d66]
C  [ucrtbase.dll+0x214c2]
C  [KERNEL32.DLL+0x17034]
C  [ntdll.dll+0x4cec1]


siginfo: EXCEPTION_ACCESS_VIOLATION (0xc0000005), reading address 0x0000000000000000


Register to memory mapping:

RIP=0x00007ffb1ffd3a8d jvm.dll
RAX=0x0 is NULL
RBX=0x0000015ceee12920 points into unknown readable memory: 7e 09 00 00 80 00 00 00
RCX=0x00000023794fb0c0 is pointing into the stack for thread: 0x0000015cee4c6800
RDX=0x0000000000004000 is an unknown value
RSP=0x00000023794faad0 is pointing into the stack for thread: 0x0000015cee4c6800
RBP=0x00000023794facb0 is pointing into the stack for thread: 0x0000015cee4c6800
RSI=0x000000000000061b is an unknown value
RDI=0x00000000000014ee is an unknown value
R8 =0x0000000000000079 is an unknown value
R9 =0x00000023794fb0c0 is pointing into the stack for thread: 0x0000015cee4c6800
R10=0x0 is NULL
R11=0x8080808080808080 is an unknown value
R12=0x00000023794fabf0 is pointing into the stack for thread: 0x0000015cee4c6800
R13=0x00000023794fabd0 is pointing into the stack for thread: 0x0000015cee4c6800
R14=0x0000015ceee127a8 points into unknown readable memory: 70 f2 2b 20 fb 7f 00 00
R15=0x0000015ceee127a8 points into unknown readable memory: 70 f2 2b 20 fb 7f 00 00


Registers:
RAX=0x0000000000000000, RBX=0x0000015ceee12920, RCX=0x00000023794fb0c0, RDX=0x0000000000004000
RSP=0x00000023794faad0, RBP=0x00000023794facb0, RSI=0x000000000000061b, RDI=0x00000000000014ee
R8 =0x0000000000000079, R9 =0x00000023794fb0c0, R10=0x0000000000000000, R11=0x8080808080808080
R12=0x00000023794fabf0, R13=0x00000023794fabd0, R14=0x0000015ceee127a8, R15=0x0000015ceee127a8
RIP=0x00007ffb1ffd3a8d, EFLAGS=0x0000000000010202

Top of Stack: (sp=0x00000023794faad0)
0x00000023794faad0:   00000023794facb0 0000015ceee12878
0x00000023794faae0:   00000023794fabd0 00000023794fabf0
0x00000023794faaf0:   00000023794fb0c0 00007ffb1ffe4ab0
0x00000023794fab00:   0000015ceee12810 000000000000061b
0x00000023794fab10:   0000015cef918920 000000230000000a
0x00000023794fab20:   0000015ceee127a8 0000000000000001
0x00000023794fab30:   00000023794fac58 00007ffb1ffe4918
0x00000023794fab40:   0000015ceee12810 00000023794facb0
0x00000023794fab50:   000000000000061b 0000015cef8f0bd0
0x00000023794fab60:   0000015ceed6b7e8 00007ffb200a1f9f
0x00000023794fab70:   0000000000000000 0000015ceed6b7e8
0x00000023794fab80:   00000023794fb0c0 00000023794facb0
0x00000023794fab90:   000000000000000b 00000023794fbc00
0x00000023794faba0:   0000015ceedda658 00007ffb1ffe3ceb
0x00000023794fabb0:   00000023794fb0c0 0000000000000001
0x00000023794fabc0:   0000002300000001 00000023794fb0c0 

Instructions: (pc=0x00007ffb1ffd3a8d)
0x00007ffb1ffd3a6d:   ec 20 8b 7a 28 8b 51 28 3b fa 73 0a 48 8b 59 30
0x00007ffb1ffd3a7d:   48 8b 1c fb eb 02 33 db 48 83 e3 fe 48 8b 43 08
0x00007ffb1ffd3a8d:   48 83 38 00 75 35 8b 43 28 3b c2 73 0a 48 8b 59
0x00007ffb1ffd3a9d:   30 48 8b 1c c3 eb 02 33 db 48 83 e3 fe 4c 8b cb 


Stack slot to memory mapping:
stack at sp + 0 slots: 0x00000023794facb0 is pointing into the stack for thread: 0x0000015cee4c6800
stack at sp + 1 slots: 0x0000015ceee12878 points into unknown readable memory: d8 f7 2b 20 fb 7f 00 00
stack at sp + 2 slots: 0x00000023794fabd0 is pointing into the stack for thread: 0x0000015cee4c6800
stack at sp + 3 slots: 0x00000023794fabf0 is pointing into the stack for thread: 0x0000015cee4c6800
stack at sp + 4 slots: 0x00000023794fb0c0 is pointing into the stack for thread: 0x0000015cee4c6800
stack at sp + 5 slots: 0x00007ffb1ffe4ab0 jvm.dll
stack at sp + 6 slots: 0x0000015ceee12810 points into unknown readable memory: 48 83 30 20 fb 7f 00 00
stack at sp + 7 slots: 0x000000000000061b is an unknown value


---------------  P R O C E S S  ---------------

Threads class SMR info:
_java_thread_list=0x0000015cf05e7090, length=17, elements={
0x0000015cca2f8000, 0x0000015cee49e000, 0x0000015cee49f000, 0x0000015cee4c4000,
0x0000015cee4c5800, 0x0000015cee4c6800, 0x0000015cee4cb800, 0x0000015ceedb7000,
0x0000015ceef2c000, 0x0000015cef458000, 0x0000015cef43c000, 0x0000015ceff4e000,
0x0000015cefd25000, 0x0000015cef60f800, 0x0000015ceef80000, 0x0000015cf0145800,
0x0000015cf03a0800
}

Java Threads: ( => current thread )
  0x0000015cca2f8000 JavaThread "main" [_thread_blocked, id=9008, stack(0x0000002378900000,0x0000002378a00000)]
  0x0000015cee49e000 JavaThread "Reference Handler" daemon [_thread_blocked, id=17208, stack(0x0000002379000000,0x0000002379100000)]
  0x0000015cee49f000 JavaThread "Finalizer" daemon [_thread_blocked, id=8012, stack(0x0000002379100000,0x0000002379200000)]
  0x0000015cee4c4000 JavaThread "Signal Dispatcher" daemon [_thread_blocked, id=1644, stack(0x0000002379200000,0x0000002379300000)]
  0x0000015cee4c5800 JavaThread "Attach Listener" daemon [_thread_blocked, id=15024, stack(0x0000002379300000,0x0000002379400000)]
=>0x0000015cee4c6800 JavaThread "C2 CompilerThread0" daemon [_thread_in_native, id=13048, stack(0x0000002379400000,0x0000002379500000)]
  0x0000015cee4cb800 JavaThread "C1 CompilerThread0" daemon [_thread_blocked, id=9436, stack(0x0000002379500000,0x0000002379600000)]
  0x0000015ceedb7000 JavaThread "Sweeper thread" daemon [_thread_blocked, id=8924, stack(0x0000002379600000,0x0000002379700000)]
  0x0000015ceef2c000 JavaThread "Common-Cleaner" daemon [_thread_blocked, id=10960, stack(0x0000002379700000,0x0000002379800000)]
  0x0000015cef458000 JavaThread "Service Thread" daemon [_thread_blocked, id=1152, stack(0x0000002379a00000,0x0000002379b00000)]
  0x0000015cef43c000 JavaThread "QuantumRenderer-0" daemon [_thread_blocked, id=10372, stack(0x0000002379c00000,0x0000002379d00000)]
  0x0000015ceff4e000 JavaThread "InvokeLaterDispatcher" daemon [_thread_blocked, id=14112, stack(0x0000002379e00000,0x0000002379f00000)]
  0x0000015cefd25000 JavaThread "JavaFX Application Thread" [_thread_in_native, id=2228, stack(0x0000002379f00000,0x000000237a000000)]
  0x0000015cef60f800 JavaThread "JavaFX-Launcher" [_thread_blocked, id=11992, stack(0x0000002379900000,0x0000002379a00000)]
  0x0000015ceef80000 JavaThread "Thread-2" daemon [_thread_in_native, id=11648, stack(0x0000002379800000,0x0000002379900000)]
  0x0000015cf0145800 JavaThread "C2 CompilerThread1" daemon [_thread_in_native, id=8336, stack(0x000000237a600000,0x000000237a700000)]
  0x0000015cf03a0800 JavaThread "Prism Font Disposer" daemon [_thread_blocked, id=11684, stack(0x000000237aa00000,0x000000237ab00000)]

Other Threads:
  0x0000015cee49c000 VMThread "VM Thread" [stack: 0x0000002378f00000,0x0000002379000000] [id=6860]
  0x0000015cefa04000 WatcherThread [stack: 0x0000002379b00000,0x0000002379c00000] [id=17380]
  0x0000015cca310800 GCTaskThread "GC Thread#0" [stack: 0x0000002378a00000,0x0000002378b00000] [id=1424]
  0x0000015ceff3f800 GCTaskThread "GC Thread#1" [stack: 0x000000237a100000,0x000000237a200000] [id=16728]
  0x0000015ceff10800 GCTaskThread "GC Thread#2" [stack: 0x000000237a200000,0x000000237a300000] [id=7960]
  0x0000015ceef81000 GCTaskThread "GC Thread#3" [stack: 0x000000237a300000,0x000000237a400000] [id=9432]
  0x0000015cf0105800 GCTaskThread "GC Thread#4" [stack: 0x000000237a400000,0x000000237a500000] [id=12684]
  0x0000015cf0208800 GCTaskThread "GC Thread#5" [stack: 0x000000237a500000,0x000000237a600000] [id=12800]
  0x0000015cca36d800 ConcurrentGCThread "G1 Main Marker" [stack: 0x0000002378b00000,0x0000002378c00000] [id=15896]
  0x0000015cca36e800 ConcurrentGCThread "G1 Conc#0" [stack: 0x0000002378c00000,0x0000002378d00000] [id=9568]
  0x0000015cee38a000 ConcurrentGCThread "G1 Refine#0" [stack: 0x0000002378d00000,0x0000002378e00000] [id=7892]
  0x0000015cee38b000 ConcurrentGCThread "G1 Young RemSet Sampling" [stack: 0x0000002378e00000,0x0000002378f00000] [id=11528]

Threads with active compile tasks:
C2 CompilerThread0   2132 1200   !   4       com.sun.javafx.css.ParsedValueImpl::readBinary (688 bytes)
C2 CompilerThread1   2132 1414       4       java.lang.invoke.MethodType::makeImpl (108 bytes)

VM state:not at safepoint (normal execution)

VM Mutex/Monitor currently owned by a thread: None

Heap address: 0x0000000700800000, size: 4088 MB, Compressed Oops mode: Zero based, Oop shift amount: 3
Narrow klass base: 0x0000000800000000, Narrow klass shift: 0
Compressed class space size: 1073741824 Address: 0x0000000800000000

Heap:
 garbage-first heap   total 262144K, used 23533K [0x0000000700800000, 0x0000000800000000)
  region size 1024K, 24 young (24576K), 3 survivors (3072K)
 Metaspace       used 18740K, capacity 19324K, committed 19456K, reserved 1067008K
  class space    used 2294K, capacity 2527K, committed 2560K, reserved 1048576K
Heap Regions: E=young(eden), S=young(survivor), O=old, HS=humongous(starts), HC=humongous(continues), CS=collection set, F=free, A=archive, TAMS=top-at-mark-start (previous, next)
|   0|0x0000000700800000, 0x0000000700800000, 0x0000000700900000|  0%| F|  |TAMS 0x0000000700800000, 0x0000000700800000| Untracked 
|   1|0x0000000700900000, 0x0000000700900000, 0x0000000700a00000|  0%| F|  |TAMS 0x0000000700900000, 0x0000000700900000| Untracked 
|   2|0x0000000700a00000, 0x0000000700a00000, 0x0000000700b00000|  0%| F|  |TAMS 0x0000000700a00000, 0x0000000700a00000| Untracked 
|   3|0x0000000700b00000, 0x0000000700b00000, 0x0000000700c00000|  0%| F|  |TAMS 0x0000000700b00000, 0x0000000700b00000| Untracked 
|   4|0x0000000700c00000, 0x0000000700c00000, 0x0000000700d00000|  0%| F|  |TAMS 0x0000000700c00000, 0x0000000700c00000| Untracked 
|   5|0x0000000700d00000, 0x0000000700d00000, 0x0000000700e00000|  0%| F|  |TAMS 0x0000000700d00000, 0x0000000700d00000| Untracked 
|   6|0x0000000700e00000, 0x0000000700e00000, 0x0000000700f00000|  0%| F|  |TAMS 0x0000000700e00000, 0x0000000700e00000| Untracked 
|   7|0x0000000700f00000, 0x0000000700f00000, 0x0000000701000000|  0%| F|  |TAMS 0x0000000700f00000, 0x0000000700f00000| Untracked 
|   8|0x0000000701000000, 0x0000000701000000, 0x0000000701100000|  0%| F|  |TAMS 0x0000000701000000, 0x0000000701000000| Untracked 
|   9|0x0000000701100000, 0x0000000701100000, 0x0000000701200000|  0%| F|  |TAMS 0x0000000701100000, 0x0000000701100000| Untracked 
|  10|0x0000000701200000, 0x0000000701200000, 0x0000000701300000|  0%| F|  |TAMS 0x0000000701200000, 0x0000000701200000| Untracked 
|  11|0x0000000701300000, 0x0000000701300000, 0x0000000701400000|  0%| F|  |TAMS 0x0000000701300000, 0x0000000701300000| Untracked 
|  12|0x0000000701400000, 0x0000000701400000, 0x0000000701500000|  0%| F|  |TAMS 0x0000000701400000, 0x0000000701400000| Untracked 
|  13|0x0000000701500000, 0x0000000701500000, 0x0000000701600000|  0%| F|  |TAMS 0x0000000701500000, 0x0000000701500000| Untracked 
|  14|0x0000000701600000, 0x0000000701600000, 0x0000000701700000|  0%| F|  |TAMS 0x0000000701600000, 0x0000000701600000| Untracked 
|  15|0x0000000701700000, 0x0000000701700000, 0x0000000701800000|  0%| F|  |TAMS 0x0000000701700000, 0x0000000701700000| Untracked 
|  16|0x0000000701800000, 0x0000000701800000, 0x0000000701900000|  0%| F|  |TAMS 0x0000000701800000, 0x0000000701800000| Untracked 
|  17|0x0000000701900000, 0x0000000701900000, 0x0000000701a00000|  0%| F|  |TAMS 0x0000000701900000, 0x0000000701900000| Untracked 
|  18|0x0000000701a00000, 0x0000000701a00000, 0x0000000701b00000|  0%| F|  |TAMS 0x0000000701a00000, 0x0000000701a00000| Untracked 
|  19|0x0000000701b00000, 0x0000000701b00000, 0x0000000701c00000|  0%| F|  |TAMS 0x0000000701b00000, 0x0000000701b00000| Untracked 
|  20|0x0000000701c00000, 0x0000000701c00000, 0x0000000701d00000|  0%| F|  |TAMS 0x0000000701c00000, 0x0000000701c00000| Untracked 
|  21|0x0000000701d00000, 0x0000000701d00000, 0x0000000701e00000|  0%| F|  |TAMS 0x0000000701d00000, 0x0000000701d00000| Untracked 
|  22|0x0000000701e00000, 0x0000000701e00000, 0x0000000701f00000|  0%| F|  |TAMS 0x0000000701e00000, 0x0000000701e00000| Untracked 
|  23|0x0000000701f00000, 0x0000000701f00000, 0x0000000702000000|  0%| F|  |TAMS 0x0000000701f00000, 0x0000000701f00000| Untracked 
|  24|0x0000000702000000, 0x0000000702000000, 0x0000000702100000|  0%| F|  |TAMS 0x0000000702000000, 0x0000000702000000| Untracked 
|  25|0x0000000702100000, 0x0000000702100000, 0x0000000702200000|  0%| F|  |TAMS 0x0000000702100000, 0x0000000702100000| Untracked 
|  26|0x0000000702200000, 0x0000000702200000, 0x0000000702300000|  0%| F|  |TAMS 0x0000000702200000, 0x0000000702200000| Untracked 
|  27|0x0000000702300000, 0x0000000702300000, 0x0000000702400000|  0%| F|  |TAMS 0x0000000702300000, 0x0000000702300000| Untracked 
|  28|0x0000000702400000, 0x0000000702400000, 0x0000000702500000|  0%| F|  |TAMS 0x0000000702400000, 0x0000000702400000| Untracked 
|  29|0x0000000702500000, 0x0000000702500000, 0x0000000702600000|  0%| F|  |TAMS 0x0000000702500000, 0x0000000702500000| Untracked 
|  30|0x0000000702600000, 0x0000000702600000, 0x0000000702700000|  0%| F|  |TAMS 0x0000000702600000, 0x0000000702600000| Untracked 
|  31|0x0000000702700000, 0x0000000702700000, 0x0000000702800000|  0%| F|  |TAMS 0x0000000702700000, 0x0000000702700000| Untracked 
|  32|0x0000000702800000, 0x0000000702800000, 0x0000000702900000|  0%| F|  |TAMS 0x0000000702800000, 0x0000000702800000| Untracked 
|  33|0x0000000702900000, 0x0000000702900000, 0x0000000702a00000|  0%| F|  |TAMS 0x0000000702900000, 0x0000000702900000| Untracked 
|  34|0x0000000702a00000, 0x0000000702a00000, 0x0000000702b00000|  0%| F|  |TAMS 0x0000000702a00000, 0x0000000702a00000| Untracked 
|  35|0x0000000702b00000, 0x0000000702b00000, 0x0000000702c00000|  0%| F|  |TAMS 0x0000000702b00000, 0x0000000702b00000| Untracked 
|  36|0x0000000702c00000, 0x0000000702c00000, 0x0000000702d00000|  0%| F|  |TAMS 0x0000000702c00000, 0x0000000702c00000| Untracked 
|  37|0x0000000702d00000, 0x0000000702d00000, 0x0000000702e00000|  0%| F|  |TAMS 0x0000000702d00000, 0x0000000702d00000| Untracked 
|  38|0x0000000702e00000, 0x0000000702e00000, 0x0000000702f00000|  0%| F|  |TAMS 0x0000000702e00000, 0x0000000702e00000| Untracked 
|  39|0x0000000702f00000, 0x0000000702f00000, 0x0000000703000000|  0%| F|  |TAMS 0x0000000702f00000, 0x0000000702f00000| Untracked 
|  40|0x0000000703000000, 0x0000000703000000, 0x0000000703100000|  0%| F|  |TAMS 0x0000000703000000, 0x0000000703000000| Untracked 
|  41|0x0000000703100000, 0x0000000703100000, 0x0000000703200000|  0%| F|  |TAMS 0x0000000703100000, 0x0000000703100000| Untracked 
|  42|0x0000000703200000, 0x0000000703200000, 0x0000000703300000|  0%| F|  |TAMS 0x0000000703200000, 0x0000000703200000| Untracked 
|  43|0x0000000703300000, 0x0000000703300000, 0x0000000703400000|  0%| F|  |TAMS 0x0000000703300000, 0x0000000703300000| Untracked 
|  44|0x0000000703400000, 0x0000000703400000, 0x0000000703500000|  0%| F|  |TAMS 0x0000000703400000, 0x0000000703400000| Untracked 
|  45|0x0000000703500000, 0x0000000703500000, 0x0000000703600000|  0%| F|  |TAMS 0x0000000703500000, 0x0000000703500000| Untracked 
|  46|0x0000000703600000, 0x0000000703600000, 0x0000000703700000|  0%| F|  |TAMS 0x0000000703600000, 0x0000000703600000| Untracked 
|  47|0x0000000703700000, 0x0000000703700000, 0x0000000703800000|  0%| F|  |TAMS 0x0000000703700000, 0x0000000703700000| Untracked 
|  48|0x0000000703800000, 0x0000000703800000, 0x0000000703900000|  0%| F|  |TAMS 0x0000000703800000, 0x0000000703800000| Untracked 
|  49|0x0000000703900000, 0x0000000703900000, 0x0000000703a00000|  0%| F|  |TAMS 0x0000000703900000, 0x0000000703900000| Untracked 
|  50|0x0000000703a00000, 0x0000000703a00000, 0x0000000703b00000|  0%| F|  |TAMS 0x0000000703a00000, 0x0000000703a00000| Untracked 
|  51|0x0000000703b00000, 0x0000000703b00000, 0x0000000703c00000|  0%| F|  |TAMS 0x0000000703b00000, 0x0000000703b00000| Untracked 
|  52|0x0000000703c00000, 0x0000000703c00000, 0x0000000703d00000|  0%| F|  |TAMS 0x0000000703c00000, 0x0000000703c00000| Untracked 
|  53|0x0000000703d00000, 0x0000000703d00000, 0x0000000703e00000|  0%| F|  |TAMS 0x0000000703d00000, 0x0000000703d00000| Untracked 
|  54|0x0000000703e00000, 0x0000000703e00000, 0x0000000703f00000|  0%| F|  |TAMS 0x0000000703e00000, 0x0000000703e00000| Untracked 
|  55|0x0000000703f00000, 0x0000000703f00000, 0x0000000704000000|  0%| F|  |TAMS 0x0000000703f00000, 0x0000000703f00000| Untracked 
|  56|0x0000000704000000, 0x0000000704000000, 0x0000000704100000|  0%| F|  |TAMS 0x0000000704000000, 0x0000000704000000| Untracked 
|  57|0x0000000704100000, 0x0000000704100000, 0x0000000704200000|  0%| F|  |TAMS 0x0000000704100000, 0x0000000704100000| Untracked 
|  58|0x0000000704200000, 0x0000000704200000, 0x0000000704300000|  0%| F|  |TAMS 0x0000000704200000, 0x0000000704200000| Untracked 
|  59|0x0000000704300000, 0x0000000704300000, 0x0000000704400000|  0%| F|  |TAMS 0x0000000704300000, 0x0000000704300000| Untracked 
|  60|0x0000000704400000, 0x0000000704400000, 0x0000000704500000|  0%| F|  |TAMS 0x0000000704400000, 0x0000000704400000| Untracked 
|  61|0x0000000704500000, 0x0000000704500000, 0x0000000704600000|  0%| F|  |TAMS 0x0000000704500000, 0x0000000704500000| Untracked 
|  62|0x0000000704600000, 0x0000000704600000, 0x0000000704700000|  0%| F|  |TAMS 0x0000000704600000, 0x0000000704600000| Untracked 
|  63|0x0000000704700000, 0x0000000704700000, 0x0000000704800000|  0%| F|  |TAMS 0x0000000704700000, 0x0000000704700000| Untracked 
|  64|0x0000000704800000, 0x0000000704800000, 0x0000000704900000|  0%| F|  |TAMS 0x0000000704800000, 0x0000000704800000| Untracked 
|  65|0x0000000704900000, 0x0000000704900000, 0x0000000704a00000|  0%| F|  |TAMS 0x0000000704900000, 0x0000000704900000| Untracked 
|  66|0x0000000704a00000, 0x0000000704a00000, 0x0000000704b00000|  0%| F|  |TAMS 0x0000000704a00000, 0x0000000704a00000| Untracked 
|  67|0x0000000704b00000, 0x0000000704b00000, 0x0000000704c00000|  0%| F|  |TAMS 0x0000000704b00000, 0x0000000704b00000| Untracked 
|  68|0x0000000704c00000, 0x0000000704c00000, 0x0000000704d00000|  0%| F|  |TAMS 0x0000000704c00000, 0x0000000704c00000| Untracked 
|  69|0x0000000704d00000, 0x0000000704d00000, 0x0000000704e00000|  0%| F|  |TAMS 0x0000000704d00000, 0x0000000704d00000| Untracked 
|  70|0x0000000704e00000, 0x0000000704e00000, 0x0000000704f00000|  0%| F|  |TAMS 0x0000000704e00000, 0x0000000704e00000| Untracked 
|  71|0x0000000704f00000, 0x0000000704f00000, 0x0000000705000000|  0%| F|  |TAMS 0x0000000704f00000, 0x0000000704f00000| Untracked 
|  72|0x0000000705000000, 0x0000000705000000, 0x0000000705100000|  0%| F|  |TAMS 0x0000000705000000, 0x0000000705000000| Untracked 
|  73|0x0000000705100000, 0x0000000705100000, 0x0000000705200000|  0%| F|  |TAMS 0x0000000705100000, 0x0000000705100000| Untracked 
|  74|0x0000000705200000, 0x0000000705200000, 0x0000000705300000|  0%| F|  |TAMS 0x0000000705200000, 0x0000000705200000| Untracked 
|  75|0x0000000705300000, 0x0000000705300000, 0x0000000705400000|  0%| F|  |TAMS 0x0000000705300000, 0x0000000705300000| Untracked 
|  76|0x0000000705400000, 0x0000000705400000, 0x0000000705500000|  0%| F|  |TAMS 0x0000000705400000, 0x0000000705400000| Untracked 
|  77|0x0000000705500000, 0x0000000705500000, 0x0000000705600000|  0%| F|  |TAMS 0x0000000705500000, 0x0000000705500000| Untracked 
|  78|0x0000000705600000, 0x0000000705600000, 0x0000000705700000|  0%| F|  |TAMS 0x0000000705600000, 0x0000000705600000| Untracked 
|  79|0x0000000705700000, 0x0000000705700000, 0x0000000705800000|  0%| F|  |TAMS 0x0000000705700000, 0x0000000705700000| Untracked 
|  80|0x0000000705800000, 0x0000000705800000, 0x0000000705900000|  0%| F|  |TAMS 0x0000000705800000, 0x0000000705800000| Untracked 
|  81|0x0000000705900000, 0x0000000705900000, 0x0000000705a00000|  0%| F|  |TAMS 0x0000000705900000, 0x0000000705900000| Untracked 
|  82|0x0000000705a00000, 0x0000000705a00000, 0x0000000705b00000|  0%| F|  |TAMS 0x0000000705a00000, 0x0000000705a00000| Untracked 
|  83|0x0000000705b00000, 0x0000000705b00000, 0x0000000705c00000|  0%| F|  |TAMS 0x0000000705b00000, 0x0000000705b00000| Untracked 
|  84|0x0000000705c00000, 0x0000000705c00000, 0x0000000705d00000|  0%| F|  |TAMS 0x0000000705c00000, 0x0000000705c00000| Untracked 
|  85|0x0000000705d00000, 0x0000000705d00000, 0x0000000705e00000|  0%| F|  |TAMS 0x0000000705d00000, 0x0000000705d00000| Untracked 
|  86|0x0000000705e00000, 0x0000000705e00000, 0x0000000705f00000|  0%| F|  |TAMS 0x0000000705e00000, 0x0000000705e00000| Untracked 
|  87|0x0000000705f00000, 0x0000000705f00000, 0x0000000706000000|  0%| F|  |TAMS 0x0000000705f00000, 0x0000000705f00000| Untracked 
|  88|0x0000000706000000, 0x0000000706000000, 0x0000000706100000|  0%| F|  |TAMS 0x0000000706000000, 0x0000000706000000| Untracked 
|  89|0x0000000706100000, 0x0000000706100000, 0x0000000706200000|  0%| F|  |TAMS 0x0000000706100000, 0x0000000706100000| Untracked 
|  90|0x0000000706200000, 0x0000000706200000, 0x0000000706300000|  0%| F|  |TAMS 0x0000000706200000, 0x0000000706200000| Untracked 
|  91|0x0000000706300000, 0x0000000706300000, 0x0000000706400000|  0%| F|  |TAMS 0x0000000706300000, 0x0000000706300000| Untracked 
|  92|0x0000000706400000, 0x0000000706400000, 0x0000000706500000|  0%| F|  |TAMS 0x0000000706400000, 0x0000000706400000| Untracked 
|  93|0x0000000706500000, 0x0000000706500000, 0x0000000706600000|  0%| F|  |TAMS 0x0000000706500000, 0x0000000706500000| Untracked 
|  94|0x0000000706600000, 0x0000000706600000, 0x0000000706700000|  0%| F|  |TAMS 0x0000000706600000, 0x0000000706600000| Untracked 
|  95|0x0000000706700000, 0x0000000706700000, 0x0000000706800000|  0%| F|  |TAMS 0x0000000706700000, 0x0000000706700000| Untracked 
|  96|0x0000000706800000, 0x0000000706800000, 0x0000000706900000|  0%| F|  |TAMS 0x0000000706800000, 0x0000000706800000| Untracked 
|  97|0x0000000706900000, 0x0000000706900000, 0x0000000706a00000|  0%| F|  |TAMS 0x0000000706900000, 0x0000000706900000| Untracked 
|  98|0x0000000706a00000, 0x0000000706a00000, 0x0000000706b00000|  0%| F|  |TAMS 0x0000000706a00000, 0x0000000706a00000| Untracked 
|  99|0x0000000706b00000, 0x0000000706b00000, 0x0000000706c00000|  0%| F|  |TAMS 0x0000000706b00000, 0x0000000706b00000| Untracked 
| 100|0x0000000706c00000, 0x0000000706c00000, 0x0000000706d00000|  0%| F|  |TAMS 0x0000000706c00000, 0x0000000706c00000| Untracked 
| 101|0x0000000706d00000, 0x0000000706d00000, 0x0000000706e00000|  0%| F|  |TAMS 0x0000000706d00000, 0x0000000706d00000| Untracked 
| 102|0x0000000706e00000, 0x0000000706e00000, 0x0000000706f00000|  0%| F|  |TAMS 0x0000000706e00000, 0x0000000706e00000| Untracked 
| 103|0x0000000706f00000, 0x0000000706f00000, 0x0000000707000000|  0%| F|  |TAMS 0x0000000706f00000, 0x0000000706f00000| Untracked 
| 104|0x0000000707000000, 0x0000000707000000, 0x0000000707100000|  0%| F|  |TAMS 0x0000000707000000, 0x0000000707000000| Untracked 
| 105|0x0000000707100000, 0x0000000707100000, 0x0000000707200000|  0%| F|  |TAMS 0x0000000707100000, 0x0000000707100000| Untracked 
| 106|0x0000000707200000, 0x0000000707200000, 0x0000000707300000|  0%| F|  |TAMS 0x0000000707200000, 0x0000000707200000| Untracked 
| 107|0x0000000707300000, 0x0000000707300000, 0x0000000707400000|  0%| F|  |TAMS 0x0000000707300000, 0x0000000707300000| Untracked 
| 108|0x0000000707400000, 0x0000000707400000, 0x0000000707500000|  0%| F|  |TAMS 0x0000000707400000, 0x0000000707400000| Untracked 
| 109|0x0000000707500000, 0x0000000707500000, 0x0000000707600000|  0%| F|  |TAMS 0x0000000707500000, 0x0000000707500000| Untracked 
| 110|0x0000000707600000, 0x0000000707600000, 0x0000000707700000|  0%| F|  |TAMS 0x0000000707600000, 0x0000000707600000| Untracked 
| 111|0x0000000707700000, 0x0000000707700000, 0x0000000707800000|  0%| F|  |TAMS 0x0000000707700000, 0x0000000707700000| Untracked 
| 112|0x0000000707800000, 0x0000000707800000, 0x0000000707900000|  0%| F|  |TAMS 0x0000000707800000, 0x0000000707800000| Untracked 
| 113|0x0000000707900000, 0x0000000707900000, 0x0000000707a00000|  0%| F|  |TAMS 0x0000000707900000, 0x0000000707900000| Untracked 
| 114|0x0000000707a00000, 0x0000000707a00000, 0x0000000707b00000|  0%| F|  |TAMS 0x0000000707a00000, 0x0000000707a00000| Untracked 
| 115|0x0000000707b00000, 0x0000000707b00000, 0x0000000707c00000|  0%| F|  |TAMS 0x0000000707b00000, 0x0000000707b00000| Untracked 
| 116|0x0000000707c00000, 0x0000000707c00000, 0x0000000707d00000|  0%| F|  |TAMS 0x0000000707c00000, 0x0000000707c00000| Untracked 
| 117|0x0000000707d00000, 0x0000000707d00000, 0x0000000707e00000|  0%| F|  |TAMS 0x0000000707d00000, 0x0000000707d00000| Untracked 
| 118|0x0000000707e00000, 0x0000000707e00000, 0x0000000707f00000|  0%| F|  |TAMS 0x0000000707e00000, 0x0000000707e00000| Untracked 
| 119|0x0000000707f00000, 0x0000000707f00000, 0x0000000708000000|  0%| F|  |TAMS 0x0000000707f00000, 0x0000000707f00000| Untracked 
| 120|0x0000000708000000, 0x0000000708000000, 0x0000000708100000|  0%| F|  |TAMS 0x0000000708000000, 0x0000000708000000| Untracked 
| 121|0x0000000708100000, 0x0000000708100000, 0x0000000708200000|  0%| F|  |TAMS 0x0000000708100000, 0x0000000708100000| Untracked 
| 122|0x0000000708200000, 0x0000000708200000, 0x0000000708300000|  0%| F|  |TAMS 0x0000000708200000, 0x0000000708200000| Untracked 
| 123|0x0000000708300000, 0x0000000708300000, 0x0000000708400000|  0%| F|  |TAMS 0x0000000708300000, 0x0000000708300000| Untracked 
| 124|0x0000000708400000, 0x0000000708400000, 0x0000000708500000|  0%| F|  |TAMS 0x0000000708400000, 0x0000000708400000| Untracked 
| 125|0x0000000708500000, 0x0000000708500000, 0x0000000708600000|  0%| F|  |TAMS 0x0000000708500000, 0x0000000708500000| Untracked 
| 126|0x0000000708600000, 0x0000000708600000, 0x0000000708700000|  0%| F|  |TAMS 0x0000000708600000, 0x0000000708600000| Untracked 
| 127|0x0000000708700000, 0x0000000708700000, 0x0000000708800000|  0%| F|  |TAMS 0x0000000708700000, 0x0000000708700000| Untracked 
| 128|0x0000000708800000, 0x0000000708800000, 0x0000000708900000|  0%| F|  |TAMS 0x0000000708800000, 0x0000000708800000| Untracked 
| 129|0x0000000708900000, 0x0000000708900000, 0x0000000708a00000|  0%| F|  |TAMS 0x0000000708900000, 0x0000000708900000| Untracked 
| 130|0x0000000708a00000, 0x0000000708a00000, 0x0000000708b00000|  0%| F|  |TAMS 0x0000000708a00000, 0x0000000708a00000| Untracked 
| 131|0x0000000708b00000, 0x0000000708b00000, 0x0000000708c00000|  0%| F|  |TAMS 0x0000000708b00000, 0x0000000708b00000| Untracked 
| 132|0x0000000708c00000, 0x0000000708c00000, 0x0000000708d00000|  0%| F|  |TAMS 0x0000000708c00000, 0x0000000708c00000| Untracked 
| 133|0x0000000708d00000, 0x0000000708d00000, 0x0000000708e00000|  0%| F|  |TAMS 0x0000000708d00000, 0x0000000708d00000| Untracked 
| 134|0x0000000708e00000, 0x0000000708e00000, 0x0000000708f00000|  0%| F|  |TAMS 0x0000000708e00000, 0x0000000708e00000| Untracked 
| 135|0x0000000708f00000, 0x0000000708f00000, 0x0000000709000000|  0%| F|  |TAMS 0x0000000708f00000, 0x0000000708f00000| Untracked 
| 136|0x0000000709000000, 0x0000000709000000, 0x0000000709100000|  0%| F|  |TAMS 0x0000000709000000, 0x0000000709000000| Untracked 
| 137|0x0000000709100000, 0x0000000709100000, 0x0000000709200000|  0%| F|  |TAMS 0x0000000709100000, 0x0000000709100000| Untracked 
| 138|0x0000000709200000, 0x0000000709200000, 0x0000000709300000|  0%| F|  |TAMS 0x0000000709200000, 0x0000000709200000| Untracked 
| 139|0x0000000709300000, 0x0000000709300000, 0x0000000709400000|  0%| F|  |TAMS 0x0000000709300000, 0x0000000709300000| Untracked 
| 140|0x0000000709400000, 0x0000000709400000, 0x0000000709500000|  0%| F|  |TAMS 0x0000000709400000, 0x0000000709400000| Untracked 
| 141|0x0000000709500000, 0x0000000709500000, 0x0000000709600000|  0%| F|  |TAMS 0x0000000709500000, 0x0000000709500000| Untracked 
| 142|0x0000000709600000, 0x0000000709600000, 0x0000000709700000|  0%| F|  |TAMS 0x0000000709600000, 0x0000000709600000| Untracked 
| 143|0x0000000709700000, 0x0000000709700000, 0x0000000709800000|  0%| F|  |TAMS 0x0000000709700000, 0x0000000709700000| Untracked 
| 144|0x0000000709800000, 0x0000000709800000, 0x0000000709900000|  0%| F|  |TAMS 0x0000000709800000, 0x0000000709800000| Untracked 
| 145|0x0000000709900000, 0x0000000709900000, 0x0000000709a00000|  0%| F|  |TAMS 0x0000000709900000, 0x0000000709900000| Untracked 
| 146|0x0000000709a00000, 0x0000000709a00000, 0x0000000709b00000|  0%| F|  |TAMS 0x0000000709a00000, 0x0000000709a00000| Untracked 
| 147|0x0000000709b00000, 0x0000000709b00000, 0x0000000709c00000|  0%| F|  |TAMS 0x0000000709b00000, 0x0000000709b00000| Untracked 
| 148|0x0000000709c00000, 0x0000000709c00000, 0x0000000709d00000|  0%| F|  |TAMS 0x0000000709c00000, 0x0000000709c00000| Untracked 
| 149|0x0000000709d00000, 0x0000000709d00000, 0x0000000709e00000|  0%| F|  |TAMS 0x0000000709d00000, 0x0000000709d00000| Untracked 
| 150|0x0000000709e00000, 0x0000000709e00000, 0x0000000709f00000|  0%| F|  |TAMS 0x0000000709e00000, 0x0000000709e00000| Untracked 
| 151|0x0000000709f00000, 0x0000000709f00000, 0x000000070a000000|  0%| F|  |TAMS 0x0000000709f00000, 0x0000000709f00000| Untracked 
| 152|0x000000070a000000, 0x000000070a000000, 0x000000070a100000|  0%| F|  |TAMS 0x000000070a000000, 0x000000070a000000| Untracked 
| 153|0x000000070a100000, 0x000000070a100000, 0x000000070a200000|  0%| F|  |TAMS 0x000000070a100000, 0x000000070a100000| Untracked 
| 154|0x000000070a200000, 0x000000070a200000, 0x000000070a300000|  0%| F|  |TAMS 0x000000070a200000, 0x000000070a200000| Untracked 
| 155|0x000000070a300000, 0x000000070a300000, 0x000000070a400000|  0%| F|  |TAMS 0x000000070a300000, 0x000000070a300000| Untracked 
| 156|0x000000070a400000, 0x000000070a400000, 0x000000070a500000|  0%| F|  |TAMS 0x000000070a400000, 0x000000070a400000| Untracked 
| 157|0x000000070a500000, 0x000000070a500000, 0x000000070a600000|  0%| F|  |TAMS 0x000000070a500000, 0x000000070a500000| Untracked 
| 158|0x000000070a600000, 0x000000070a600000, 0x000000070a700000|  0%| F|  |TAMS 0x000000070a600000, 0x000000070a600000| Untracked 
| 159|0x000000070a700000, 0x000000070a700000, 0x000000070a800000|  0%| F|  |TAMS 0x000000070a700000, 0x000000070a700000| Untracked 
| 160|0x000000070a800000, 0x000000070a800000, 0x000000070a900000|  0%| F|  |TAMS 0x000000070a800000, 0x000000070a800000| Untracked 
| 161|0x000000070a900000, 0x000000070a900000, 0x000000070aa00000|  0%| F|  |TAMS 0x000000070a900000, 0x000000070a900000| Untracked 
| 162|0x000000070aa00000, 0x000000070aa00000, 0x000000070ab00000|  0%| F|  |TAMS 0x000000070aa00000, 0x000000070aa00000| Untracked 
| 163|0x000000070ab00000, 0x000000070ab00000, 0x000000070ac00000|  0%| F|  |TAMS 0x000000070ab00000, 0x000000070ab00000| Untracked 
| 164|0x000000070ac00000, 0x000000070ac00000, 0x000000070ad00000|  0%| F|  |TAMS 0x000000070ac00000, 0x000000070ac00000| Untracked 
| 165|0x000000070ad00000, 0x000000070ad00000, 0x000000070ae00000|  0%| F|  |TAMS 0x000000070ad00000, 0x000000070ad00000| Untracked 
| 166|0x000000070ae00000, 0x000000070ae00000, 0x000000070af00000|  0%| F|  |TAMS 0x000000070ae00000, 0x000000070ae00000| Untracked 
| 167|0x000000070af00000, 0x000000070af00000, 0x000000070b000000|  0%| F|  |TAMS 0x000000070af00000, 0x000000070af00000| Untracked 
| 168|0x000000070b000000, 0x000000070b000000, 0x000000070b100000|  0%| F|  |TAMS 0x000000070b000000, 0x000000070b000000| Untracked 
| 169|0x000000070b100000, 0x000000070b100000, 0x000000070b200000|  0%| F|  |TAMS 0x000000070b100000, 0x000000070b100000| Untracked 
| 170|0x000000070b200000, 0x000000070b200000, 0x000000070b300000|  0%| F|  |TAMS 0x000000070b200000, 0x000000070b200000| Untracked 
| 171|0x000000070b300000, 0x000000070b300000, 0x000000070b400000|  0%| F|  |TAMS 0x000000070b300000, 0x000000070b300000| Untracked 
| 172|0x000000070b400000, 0x000000070b400000, 0x000000070b500000|  0%| F|  |TAMS 0x000000070b400000, 0x000000070b400000| Untracked 
| 173|0x000000070b500000, 0x000000070b500000, 0x000000070b600000|  0%| F|  |TAMS 0x000000070b500000, 0x000000070b500000| Untracked 
| 174|0x000000070b600000, 0x000000070b600000, 0x000000070b700000|  0%| F|  |TAMS 0x000000070b600000, 0x000000070b600000| Untracked 
| 175|0x000000070b700000, 0x000000070b700000, 0x000000070b800000|  0%| F|  |TAMS 0x000000070b700000, 0x000000070b700000| Untracked 
| 176|0x000000070b800000, 0x000000070b800000, 0x000000070b900000|  0%| F|  |TAMS 0x000000070b800000, 0x000000070b800000| Untracked 
| 177|0x000000070b900000, 0x000000070b900000, 0x000000070ba00000|  0%| F|  |TAMS 0x000000070b900000, 0x000000070b900000| Untracked 
| 178|0x000000070ba00000, 0x000000070ba00000, 0x000000070bb00000|  0%| F|  |TAMS 0x000000070ba00000, 0x000000070ba00000| Untracked 
| 179|0x000000070bb00000, 0x000000070bb00000, 0x000000070bc00000|  0%| F|  |TAMS 0x000000070bb00000, 0x000000070bb00000| Untracked 
| 180|0x000000070bc00000, 0x000000070bc00000, 0x000000070bd00000|  0%| F|  |TAMS 0x000000070bc00000, 0x000000070bc00000| Untracked 
| 181|0x000000070bd00000, 0x000000070bd00000, 0x000000070be00000|  0%| F|  |TAMS 0x000000070bd00000, 0x000000070bd00000| Untracked 
| 182|0x000000070be00000, 0x000000070be00000, 0x000000070bf00000|  0%| F|  |TAMS 0x000000070be00000, 0x000000070be00000| Untracked 
| 183|0x000000070bf00000, 0x000000070bf00000, 0x000000070c000000|  0%| F|  |TAMS 0x000000070bf00000, 0x000000070bf00000| Untracked 
| 184|0x000000070c000000, 0x000000070c000000, 0x000000070c100000|  0%| F|  |TAMS 0x000000070c000000, 0x000000070c000000| Untracked 
| 185|0x000000070c100000, 0x000000070c100000, 0x000000070c200000|  0%| F|  |TAMS 0x000000070c100000, 0x000000070c100000| Untracked 
| 186|0x000000070c200000, 0x000000070c200000, 0x000000070c300000|  0%| F|  |TAMS 0x000000070c200000, 0x000000070c200000| Untracked 
| 187|0x000000070c300000, 0x000000070c300000, 0x000000070c400000|  0%| F|  |TAMS 0x000000070c300000, 0x000000070c300000| Untracked 
| 188|0x000000070c400000, 0x000000070c400000, 0x000000070c500000|  0%| F|  |TAMS 0x000000070c400000, 0x000000070c400000| Untracked 
| 189|0x000000070c500000, 0x000000070c500000, 0x000000070c600000|  0%| F|  |TAMS 0x000000070c500000, 0x000000070c500000| Untracked 
| 190|0x000000070c600000, 0x000000070c600000, 0x000000070c700000|  0%| F|  |TAMS 0x000000070c600000, 0x000000070c600000| Untracked 
| 191|0x000000070c700000, 0x000000070c700000, 0x000000070c800000|  0%| F|  |TAMS 0x000000070c700000, 0x000000070c700000| Untracked 
| 192|0x000000070c800000, 0x000000070c800000, 0x000000070c900000|  0%| F|  |TAMS 0x000000070c800000, 0x000000070c800000| Untracked 
| 193|0x000000070c900000, 0x000000070c900000, 0x000000070ca00000|  0%| F|  |TAMS 0x000000070c900000, 0x000000070c900000| Untracked 
| 194|0x000000070ca00000, 0x000000070ca00000, 0x000000070cb00000|  0%| F|  |TAMS 0x000000070ca00000, 0x000000070ca00000| Untracked 
| 195|0x000000070cb00000, 0x000000070cb00000, 0x000000070cc00000|  0%| F|  |TAMS 0x000000070cb00000, 0x000000070cb00000| Untracked 
| 196|0x000000070cc00000, 0x000000070cc00000, 0x000000070cd00000|  0%| F|  |TAMS 0x000000070cc00000, 0x000000070cc00000| Untracked 
| 197|0x000000070cd00000, 0x000000070cd00000, 0x000000070ce00000|  0%| F|  |TAMS 0x000000070cd00000, 0x000000070cd00000| Untracked 
| 198|0x000000070ce00000, 0x000000070ce00000, 0x000000070cf00000|  0%| F|  |TAMS 0x000000070ce00000, 0x000000070ce00000| Untracked 
| 199|0x000000070cf00000, 0x000000070cf00000, 0x000000070d000000|  0%| F|  |TAMS 0x000000070cf00000, 0x000000070cf00000| Untracked 
| 200|0x000000070d000000, 0x000000070d000000, 0x000000070d100000|  0%| F|  |TAMS 0x000000070d000000, 0x000000070d000000| Untracked 
| 201|0x000000070d100000, 0x000000070d100000, 0x000000070d200000|  0%| F|  |TAMS 0x000000070d100000, 0x000000070d100000| Untracked 
| 202|0x000000070d200000, 0x000000070d200000, 0x000000070d300000|  0%| F|  |TAMS 0x000000070d200000, 0x000000070d200000| Untracked 
| 203|0x000000070d300000, 0x000000070d300000, 0x000000070d400000|  0%| F|  |TAMS 0x000000070d300000, 0x000000070d300000| Untracked 
| 204|0x000000070d400000, 0x000000070d400000, 0x000000070d500000|  0%| F|  |TAMS 0x000000070d400000, 0x000000070d400000| Untracked 
| 205|0x000000070d500000, 0x000000070d500000, 0x000000070d600000|  0%| F|  |TAMS 0x000000070d500000, 0x000000070d500000| Untracked 
| 206|0x000000070d600000, 0x000000070d600000, 0x000000070d700000|  0%| F|  |TAMS 0x000000070d600000, 0x000000070d600000| Untracked 
| 207|0x000000070d700000, 0x000000070d700000, 0x000000070d800000|  0%| F|  |TAMS 0x000000070d700000, 0x000000070d700000| Untracked 
| 208|0x000000070d800000, 0x000000070d800000, 0x000000070d900000|  0%| F|  |TAMS 0x000000070d800000, 0x000000070d800000| Untracked 
| 209|0x000000070d900000, 0x000000070d900000, 0x000000070da00000|  0%| F|  |TAMS 0x000000070d900000, 0x000000070d900000| Untracked 
| 210|0x000000070da00000, 0x000000070da00000, 0x000000070db00000|  0%| F|  |TAMS 0x000000070da00000, 0x000000070da00000| Untracked 
| 211|0x000000070db00000, 0x000000070db00000, 0x000000070dc00000|  0%| F|  |TAMS 0x000000070db00000, 0x000000070db00000| Untracked 
| 212|0x000000070dc00000, 0x000000070dc00000, 0x000000070dd00000|  0%| F|  |TAMS 0x000000070dc00000, 0x000000070dc00000| Untracked 
| 213|0x000000070dd00000, 0x000000070dd00000, 0x000000070de00000|  0%| F|  |TAMS 0x000000070dd00000, 0x000000070dd00000| Untracked 
| 214|0x000000070de00000, 0x000000070de00000, 0x000000070df00000|  0%| F|  |TAMS 0x000000070de00000, 0x000000070de00000| Untracked 
| 215|0x000000070df00000, 0x000000070df00000, 0x000000070e000000|  0%| F|  |TAMS 0x000000070df00000, 0x000000070df00000| Untracked 
| 216|0x000000070e000000, 0x000000070e000000, 0x000000070e100000|  0%| F|  |TAMS 0x000000070e000000, 0x000000070e000000| Untracked 
| 217|0x000000070e100000, 0x000000070e100000, 0x000000070e200000|  0%| F|  |TAMS 0x000000070e100000, 0x000000070e100000| Untracked 
| 218|0x000000070e200000, 0x000000070e200000, 0x000000070e300000|  0%| F|  |TAMS 0x000000070e200000, 0x000000070e200000| Untracked 
| 219|0x000000070e300000, 0x000000070e300000, 0x000000070e400000|  0%| F|  |TAMS 0x000000070e300000, 0x000000070e300000| Untracked 
| 220|0x000000070e400000, 0x000000070e400000, 0x000000070e500000|  0%| F|  |TAMS 0x000000070e400000, 0x000000070e400000| Untracked 
| 221|0x000000070e500000, 0x000000070e500000, 0x000000070e600000|  0%| F|  |TAMS 0x000000070e500000, 0x000000070e500000| Untracked 
| 222|0x000000070e600000, 0x000000070e600000, 0x000000070e700000|  0%| F|  |TAMS 0x000000070e600000, 0x000000070e600000| Untracked 
| 223|0x000000070e700000, 0x000000070e700000, 0x000000070e800000|  0%| F|  |TAMS 0x000000070e700000, 0x000000070e700000| Untracked 
| 224|0x000000070e800000, 0x000000070e800000, 0x000000070e900000|  0%| F|  |TAMS 0x000000070e800000, 0x000000070e800000| Untracked 
| 225|0x000000070e900000, 0x000000070e900000, 0x000000070ea00000|  0%| F|  |TAMS 0x000000070e900000, 0x000000070e900000| Untracked 
| 226|0x000000070ea00000, 0x000000070ea00000, 0x000000070eb00000|  0%| F|  |TAMS 0x000000070ea00000, 0x000000070ea00000| Untracked 
| 227|0x000000070eb00000, 0x000000070eb00000, 0x000000070ec00000|  0%| F|  |TAMS 0x000000070eb00000, 0x000000070eb00000| Untracked 
| 228|0x000000070ec00000, 0x000000070ec00000, 0x000000070ed00000|  0%| F|  |TAMS 0x000000070ec00000, 0x000000070ec00000| Untracked 
| 229|0x000000070ed00000, 0x000000070edfb7a8, 0x000000070ee00000| 98%| S|CS|TAMS 0x000000070ed00000, 0x000000070ed00000| Complete 
| 230|0x000000070ee00000, 0x000000070ef00000, 0x000000070ef00000|100%| S|CS|TAMS 0x000000070ee00000, 0x000000070ee00000| Complete 
| 231|0x000000070ef00000, 0x000000070f000000, 0x000000070f000000|100%| S|CS|TAMS 0x000000070ef00000, 0x000000070ef00000| Complete 
| 232|0x000000070f000000, 0x000000070f000000, 0x000000070f100000|  0%| F|  |TAMS 0x000000070f000000, 0x000000070f000000| Untracked 
| 233|0x000000070f100000, 0x000000070f100000, 0x000000070f200000|  0%| F|  |TAMS 0x000000070f100000, 0x000000070f100000| Untracked 
| 234|0x000000070f200000, 0x000000070f200000, 0x000000070f300000|  0%| F|  |TAMS 0x000000070f200000, 0x000000070f200000| Untracked 
| 235|0x000000070f300000, 0x000000070f39fbe0, 0x000000070f400000| 62%| E|  |TAMS 0x000000070f300000, 0x000000070f300000| Complete 
| 236|0x000000070f400000, 0x000000070f500000, 0x000000070f500000|100%| E|CS|TAMS 0x000000070f400000, 0x000000070f400000| Complete 
| 237|0x000000070f500000, 0x000000070f600000, 0x000000070f600000|100%| E|CS|TAMS 0x000000070f500000, 0x000000070f500000| Complete 
| 238|0x000000070f600000, 0x000000070f700000, 0x000000070f700000|100%| E|CS|TAMS 0x000000070f600000, 0x000000070f600000| Complete 
| 239|0x000000070f700000, 0x000000070f800000, 0x000000070f800000|100%| E|CS|TAMS 0x000000070f700000, 0x000000070f700000| Complete 
| 240|0x000000070f800000, 0x000000070f900000, 0x000000070f900000|100%| E|CS|TAMS 0x000000070f800000, 0x000000070f800000| Complete 
| 241|0x000000070f900000, 0x000000070fa00000, 0x000000070fa00000|100%| E|CS|TAMS 0x000000070f900000, 0x000000070f900000| Complete 
| 242|0x000000070fa00000, 0x000000070fb00000, 0x000000070fb00000|100%| E|CS|TAMS 0x000000070fa00000, 0x000000070fa00000| Complete 
| 243|0x000000070fb00000, 0x000000070fc00000, 0x000000070fc00000|100%| E|CS|TAMS 0x000000070fb00000, 0x000000070fb00000| Complete 
| 244|0x000000070fc00000, 0x000000070fd00000, 0x000000070fd00000|100%| E|CS|TAMS 0x000000070fc00000, 0x000000070fc00000| Complete 
| 245|0x000000070fd00000, 0x000000070fe00000, 0x000000070fe00000|100%| E|CS|TAMS 0x000000070fd00000, 0x000000070fd00000| Complete 
| 246|0x000000070fe00000, 0x000000070ff00000, 0x000000070ff00000|100%| E|CS|TAMS 0x000000070fe00000, 0x000000070fe00000| Complete 
| 247|0x000000070ff00000, 0x0000000710000000, 0x0000000710000000|100%| E|CS|TAMS 0x000000070ff00000, 0x000000070ff00000| Complete 
| 248|0x0000000710000000, 0x0000000710100000, 0x0000000710100000|100%| E|CS|TAMS 0x0000000710000000, 0x0000000710000000| Complete 
| 249|0x0000000710100000, 0x0000000710200000, 0x0000000710200000|100%| E|CS|TAMS 0x0000000710100000, 0x0000000710100000| Complete 
| 250|0x0000000710200000, 0x0000000710300000, 0x0000000710300000|100%| E|CS|TAMS 0x0000000710200000, 0x0000000710200000| Complete 
| 251|0x0000000710300000, 0x0000000710400000, 0x0000000710400000|100%| E|CS|TAMS 0x0000000710300000, 0x0000000710300000| Complete 
| 252|0x0000000710400000, 0x0000000710500000, 0x0000000710500000|100%| E|CS|TAMS 0x0000000710400000, 0x0000000710400000| Complete 
| 253|0x0000000710500000, 0x0000000710600000, 0x0000000710600000|100%| E|CS|TAMS 0x0000000710500000, 0x0000000710500000| Complete 
| 254|0x0000000710600000, 0x0000000710700000, 0x0000000710700000|100%| E|CS|TAMS 0x0000000710600000, 0x0000000710600000| Complete 
| 255|0x0000000710700000, 0x0000000710800000, 0x0000000710800000|100%| E|CS|TAMS 0x0000000710700000, 0x0000000710700000| Complete 

Card table byte_map: [0x0000015ce2980000,0x0000015ce3180000] _byte_map_base: 0x0000015cdf17c000

Marking Bits (Prev, Next): (CMBitMap*) 0x0000015cca35ca08, (CMBitMap*) 0x0000015cca35ca40
 Prev Bits: [0x0000015ce3980000, 0x0000015ce7960000)
 Next Bits: [0x0000015ce7960000, 0x0000015ceb940000)

Polling page: 0x0000015cc8af0000

Metaspace:

Usage:
  Non-class:     16.47 MB capacity,    16.11 MB ( 98%) used,   306.88 KB (  2%) free+waste,    64.13 KB ( <1%) overhead. 
      Class:      2.50 MB capacity,     2.25 MB ( 90%) used,   227.70 KB (  9%) free+waste,    32.81 KB (  1%) overhead. 
       Both:     18.97 MB capacity,    18.36 MB ( 97%) used,   534.59 KB (  3%) free+waste,    96.94 KB ( <1%) overhead. 

Virtual space:
  Non-class space:       18.00 MB reserved,      16.50 MB ( 92%) committed 
      Class space:        1.00 GB reserved,       2.63 MB ( <1%) committed 
             Both:        1.02 GB reserved,      19.13 MB (  2%) committed 

Chunk freelists:
   Non-Class:  3.38 KB
       Class:  0 bytes
        Both:  3.38 KB

CodeHeap 'non-profiled nmethods': size=120000Kb used=526Kb max_used=526Kb free=119473Kb
 bounds [0x0000015cda1e0000, 0x0000015cda450000, 0x0000015ce1710000]
CodeHeap 'profiled nmethods': size=120000Kb used=2705Kb max_used=2705Kb free=117295Kb
 bounds [0x0000015cd2cb0000, 0x0000015cd2f60000, 0x0000015cda1e0000]
CodeHeap 'non-nmethods': size=5760Kb used=1268Kb max_used=1279Kb free=4492Kb
 bounds [0x0000015cd2710000, 0x0000015cd2980000, 0x0000015cd2cb0000]
 total_blobs=2115 nmethods=1465 adapters=561
 compilation: enabled
              stopped_count=0, restarted_count=0
 full_count=0

Compilation events (10 events):
Event: 1.731 Thread 0x0000015cee4cb800 1294       3       java.lang.invoke.DirectMethodHandle$Holder::invokeStatic (15 bytes)
Event: 1.731 Thread 0x0000015cf0145800 1297       4       java.util.Arrays::equals (57 bytes)
Event: 1.731 Thread 0x0000015cee4cb800 nmethod 1294 0x0000015cd2efa690 code [0x0000015cd2efa860, 0x0000015cd2efad40]
Event: 1.731 Thread 0x0000015cee4cb800 1295       3       java.lang.invoke.StringConcatFactory$MethodHandleInlineCopyStrategy::newArray (16 bytes)
Event: 1.731 Thread 0x0000015cee4cb800 nmethod 1295 0x0000015cd2efae90 code [0x0000015cd2efb040, 0x0000015cd2efb2d0]
Event: 1.731 Thread 0x0000015cee4cb800 1296       3       jdk.internal.misc.Unsafe::allocateUninitializedArray (52 bytes)
Event: 1.732 Thread 0x0000015cee4cb800 nmethod 1296 0x0000015cd2efb390 code [0x0000015cd2efb580, 0x0000015cd2efba60]
Event: 1.734 Thread 0x0000015cf0145800 nmethod 1297 0x0000015cda253510 code [0x0000015cda2536a0, 0x0000015cda253818]
Event: 1.744 Thread 0x0000015cf0145800 1298       4       java.util.zip.ZipFile$Source::getEntryPos (206 bytes)
Event: 1.760 Thread 0x0000015cee4cb800 1299       3       java.lang.invoke.TypeConvertingMethodAdapter::cast (42 bytes)

GC Heap History (2 events):
Event: 1.458 GC heap before
{Heap before GC invocations=0 (full 0):
 garbage-first heap   total 262144K, used 23552K [0x0000000700800000, 0x0000000800000000)
  region size 1024K, 24 young (24576K), 0 survivors (0K)
 Metaspace       used 12692K, capacity 13082K, committed 13312K, reserved 1060864K
  class space    used 1365K, capacity 1520K, committed 1536K, reserved 1048576K
}
Event: 1.463 GC heap after
{Heap after GC invocations=1 (full 0):
 garbage-first heap   total 262144K, used 3053K [0x0000000700800000, 0x0000000800000000)
  region size 1024K, 3 young (3072K), 3 survivors (3072K)
 Metaspace       used 12692K, capacity 13082K, committed 13312K, reserved 1060864K
  class space    used 1365K, capacity 1520K, committed 1536K, reserved 1048576K
}

Deoptimization events (10 events):
Event: 0.428 Thread 0x0000015cca2f8000 Uncommon trap: reason=unstable_if action=reinterpret pc=0x0000015cda1f4a28 method=java.lang.String.substring(II)Ljava/lang/String; @ 22 c2
Event: 1.272 Thread 0x0000015cca2f8000 Uncommon trap: reason=unstable_if action=reinterpret pc=0x0000015cda223a9c method=jdk.internal.org.objectweb.asm.Type.getArgumentsAndReturnSizes(Ljava/lang/String;)I @ 88 c2
Event: 1.515 Thread 0x0000015cefd25000 Uncommon trap: reason=unstable_if action=reinterpret pc=0x0000015cda2312e0 method=jdk.internal.org.objectweb.asm.Frame.execute(IILjdk/internal/org/objectweb/asm/ClassWriter;Ljdk/internal/org/objectweb/asm/Item;)V @ 1 c2
Event: 1.604 Thread 0x0000015cefd25000 Uncommon trap: reason=class_check action=maybe_recompile pc=0x0000015cda248474 method=java.io.DataInputStream.readShort()S @ 4 c2
Event: 1.604 Thread 0x0000015cefd25000 Uncommon trap: reason=class_check action=maybe_recompile pc=0x0000015cda248474 method=java.io.DataInputStream.readShort()S @ 4 c2
Event: 1.604 Thread 0x0000015cefd25000 Uncommon trap: reason=class_check action=maybe_recompile pc=0x0000015cda248474 method=java.io.DataInputStream.readShort()S @ 4 c2
Event: 1.607 Thread 0x0000015cefd25000 Uncommon trap: reason=class_check action=maybe_recompile pc=0x0000015cda248474 method=java.io.DataInputStream.readShort()S @ 4 c2
Event: 1.614 Thread 0x0000015cefd25000 Uncommon trap: reason=unstable_if action=reinterpret pc=0x0000015cda2429e0 method=java.util.HashMap.putVal(ILjava/lang/Object;Ljava/lang/Object;ZZ)Ljava/lang/Object; @ 162 c2
Event: 1.614 Thread 0x0000015cefd25000 Uncommon trap: reason=unstable_if action=reinterpret pc=0x0000015cda246ecc method=java.util.HashMap.getNode(ILjava/lang/Object;)Ljava/util/HashMap$Node; @ 84 c2
Event: 1.676 Thread 0x0000015cefd25000 Uncommon trap: reason=intrinsic_or_type_checked_inlining action=make_not_entrant pc=0x0000015cda249df0 method=java.util.Arrays.copyOf([Ljava/lang/Object;ILjava/lang/Class;)[Ljava/lang/Object; @ 35 c2

Classes redefined (0 events):
No events

Internal exceptions (10 events):
Event: 1.353 Thread 0x0000015cefd25000 Exception <a 'java/lang/NoSuchMethodError'{0x000000070f22e890}: java.lang.invoke.DirectMethodHandle$Holder.invokeStatic(Ljava/lang/Object;Ljava/lang/Object;Ljava/lang/Object;Ljava/lang/Object;I)Ljava/lang/Object;> (0x000000070f22e890) thrown at [./open/sr
Event: 1.468 Thread 0x0000015cefd25000 Exception <a 'java/lang/NoSuchMethodError'{0x00000007107138b8}: java.lang.invoke.DirectMethodHandle$Holder.invokeStaticInit(Ljava/lang/Object;Ljava/lang/Object;Ljava/lang/Object;Ljava/lang/Object;)Ljava/lang/Object;> (0x00000007107138b8) thrown at [./open
Event: 1.469 Thread 0x0000015cefd25000 Exception <a 'java/lang/NullPointerException'{0x0000000710721248}> (0x0000000710721248) thrown at [./open/src/hotspot/share/interpreter/linkResolver.cpp, line 1354]
Event: 1.469 Thread 0x0000015cefd25000 Exception <a 'java/lang/NullPointerException'{0x0000000710721248}> (0x0000000710721248) thrown at [./open/src/hotspot/share/prims/jvm.cpp, line 1300]
Event: 1.473 Thread 0x0000015cefd25000 Exception <a 'java/lang/NoSuchMethodError'{0x000000071073fe40}: java.lang.invoke.DirectMethodHandle$Holder.invokeSpecial(Ljava/lang/Object;Ljava/lang/Object;Ljava/lang/Object;Ljava/lang/Object;Ljava/lang/Object;)V> (0x000000071073fe40) thrown at [./open/s
Event: 1.520 Thread 0x0000015cefd25000 Exception <a 'java/lang/NoSuchMethodError'{0x00000007105dd090}: java.lang.invoke.DirectMethodHandle$Holder.invokeStatic(Ljava/lang/Object;Ljava/lang/Object;Ljava/lang/Object;Ljava/lang/Object;Ljava/lang/Object;Ljava/lang/Object;Ljava/lang/Object;Ljava/lan
Event: 1.523 Thread 0x0000015cefd25000 Exception <a 'java/lang/NoSuchMethodError'{0x00000007105fb230}: java.lang.invoke.DirectMethodHandle$Holder.invokeStatic(Ljava/lang/Object;Ljava/lang/Object;Ljava/lang/Object;Ljava/lang/Object;Ljava/lang/Object;Ljava/lang/Object;Ljava/lang/Object;Ljava/lan
Event: 1.524 Thread 0x0000015cefd25000 Exception <a 'java/lang/NoSuchMethodError'{0x000000071041a6f8}: java.lang.invoke.DirectMethodHandle$Holder.invokeStatic(Ljava/lang/Object;Ljava/lang/Object;Ljava/lang/Object;Ljava/lang/Object;Ljava/lang/Object;Ljava/lang/Object;Ljava/lang/Object;Ljava/lan
Event: 1.527 Thread 0x0000015cefd25000 Exception <a 'java/lang/NoSuchMethodError'{0x000000071043ae50}: java.lang.invoke.DirectMethodHandle$Holder.invokeStatic(Ljava/lang/Object;Ljava/lang/Object;Ljava/lang/Object;Ljava/lang/Object;Ljava/lang/Object;Ljava/lang/Object;Ljava/lang/Object;Ljava/lan
Event: 1.644 Thread 0x0000015cefd25000 Exception <a 'java/lang/NoSuchMethodError'{0x000000070ff2c4d8}: java.lang.invoke.DirectMethodHandle$Holder.invokeStaticInit(Ljava/lang/Object;Ljava/lang/Object;)V> (0x000000070ff2c4d8) thrown at [./open/src/hotspot/share/interpreter/linkResolver.cpp, line

Events (10 events):
Event: 1.759 loading class jdk/internal/logger/LazyLoggers$1
Event: 1.759 loading class jdk/internal/logger/LazyLoggers$1 done
Event: 1.759 loading class jdk/internal/logger/LazyLoggers$LazyLoggerFactories
Event: 1.759 loading class jdk/internal/logger/LazyLoggers$LazyLoggerFactories done
Event: 1.759 loading class jdk/internal/logger/DefaultLoggerFinder
Event: 1.759 loading class java/lang/System$LoggerFinder
Event: 1.759 loading class java/lang/System$LoggerFinder done
Event: 1.759 loading class jdk/internal/logger/DefaultLoggerFinder done
Event: 1.759 loading class jdk/internal/logger/DefaultLoggerFinder$1
Event: 1.759 loading class jdk/internal/logger/DefaultLoggerFinder$1 done


Dynamic libraries:
0x00007ff71fbe0000 - 0x00007ff71fbef000 	C:\Program Files\Java\jdk-11.0.8\bin\java.exe
0x00007ffb6c730000 - 0x00007ffb6c926000 	C:\WINDOWS\SYSTEM32\ntdll.dll
0x00007ffb6aef0000 - 0x00007ffb6afad000 	C:\WINDOWS\System32\KERNEL32.DLL
0x00007ffb69fa0000 - 0x00007ffb6a268000 	C:\WINDOWS\System32\KERNELBASE.dll
0x00007ffb69e70000 - 0x00007ffb69f70000 	C:\WINDOWS\System32\ucrtbase.dll
0x00007ffb5efd0000 - 0x00007ffb5efe5000 	C:\Program Files\Java\jdk-11.0.8\bin\VCRUNTIME140.dll
0x00007ffb5f3f0000 - 0x00007ffb5f408000 	C:\Program Files\Java\jdk-11.0.8\bin\jli.dll
0x00007ffb6aca0000 - 0x00007ffb6ad4c000 	C:\WINDOWS\System32\ADVAPI32.dll
0x00007ffb6a8a0000 - 0x00007ffb6a93e000 	C:\WINDOWS\System32\msvcrt.dll
0x00007ffb6b160000 - 0x00007ffb6b1fb000 	C:\WINDOWS\System32\sechost.dll
0x00007ffb6b820000 - 0x00007ffb6b944000 	C:\WINDOWS\System32\RPCRT4.dll
0x00007ffb6ad50000 - 0x00007ffb6aef0000 	C:\WINDOWS\System32\USER32.dll
0x00007ffb69f70000 - 0x00007ffb69f92000 	C:\WINDOWS\System32\win32u.dll
0x00007ffb548f0000 - 0x00007ffb54b8b000 	C:\WINDOWS\WinSxS\amd64_microsoft.windows.common-controls_6595b64144ccf1df_6.0.19041.488_none_ca04af081b815d21\COMCTL32.dll
0x00007ffb6b130000 - 0x00007ffb6b15a000 	C:\WINDOWS\System32\GDI32.dll
0x00007ffb6a350000 - 0x00007ffb6a459000 	C:\WINDOWS\System32\gdi32full.dll
0x00007ffb6a6f0000 - 0x00007ffb6a78d000 	C:\WINDOWS\System32\msvcp_win.dll
0x00007ffb65600000 - 0x00007ffb6560a000 	C:\WINDOWS\SYSTEM32\VERSION.dll
0x00007ffb6b7f0000 - 0x00007ffb6b820000 	C:\WINDOWS\System32\IMM32.DLL
0x00007ffb3fe70000 - 0x00007ffb3ff0b000 	C:\Program Files\Java\jdk-11.0.8\bin\msvcp140.dll
0x00007ffb1fac0000 - 0x00007ffb205a6000 	C:\Program Files\Java\jdk-11.0.8\bin\server\jvm.dll
0x00007ffb6b2d0000 - 0x00007ffb6b2d8000 	C:\WINDOWS\System32\PSAPI.DLL
0x00007ffb566d0000 - 0x00007ffb566d9000 	C:\WINDOWS\SYSTEM32\WSOCK32.dll
0x00007ffb5fdb0000 - 0x00007ffb5fdd7000 	C:\WINDOWS\SYSTEM32\WINMM.dll
0x00007ffb6b260000 - 0x00007ffb6b2cb000 	C:\WINDOWS\System32\WS2_32.dll
0x00007ffb68760000 - 0x00007ffb68772000 	C:\WINDOWS\SYSTEM32\kernel.appcore.dll
0x00007ffb63c60000 - 0x00007ffb63c70000 	C:\Program Files\Java\jdk-11.0.8\bin\verify.dll
0x00007ffb50f90000 - 0x00007ffb51174000 	C:\WINDOWS\SYSTEM32\DBGHELP.DLL
0x00007ffb50f60000 - 0x00007ffb50f8c000 	C:\WINDOWS\SYSTEM32\dbgcore.DLL
0x00007ffb6a670000 - 0x00007ffb6a6ef000 	C:\WINDOWS\System32\bcryptPrimitives.dll
0x00007ffb5efa0000 - 0x00007ffb5efc8000 	C:\Program Files\Java\jdk-11.0.8\bin\java.dll
0x00007ffb629b0000 - 0x00007ffb629ba000 	C:\Program Files\Java\jdk-11.0.8\bin\jimage.dll
0x00007ffb5c430000 - 0x00007ffb5c446000 	C:\Program Files\Java\jdk-11.0.8\bin\zip.dll
0x00007ffb6bc90000 - 0x00007ffb6c3d1000 	C:\WINDOWS\System32\SHELL32.dll
0x00007ffb67fc0000 - 0x00007ffb68755000 	C:\WINDOWS\SYSTEM32\windows.storage.dll
0x00007ffb6a940000 - 0x00007ffb6ac95000 	C:\WINDOWS\System32\combase.dll
0x00007ffb69810000 - 0x00007ffb6983c000 	C:\WINDOWS\SYSTEM32\Wldp.dll
0x00007ffb6bbe0000 - 0x00007ffb6bc8e000 	C:\WINDOWS\System32\SHCORE.dll
0x00007ffb6a840000 - 0x00007ffb6a895000 	C:\WINDOWS\System32\shlwapi.dll
0x00007ffb69da0000 - 0x00007ffb69dc6000 	C:\WINDOWS\SYSTEM32\profapi.dll
0x00007ffb57f40000 - 0x00007ffb57f59000 	C:\Program Files\Java\jdk-11.0.8\bin\net.dll
0x00007ffb63790000 - 0x00007ffb63890000 	C:\WINDOWS\SYSTEM32\WINHTTP.dll
0x00007ffb69590000 - 0x00007ffb695fa000 	C:\WINDOWS\system32\mswsock.dll
0x00007ffb50510000 - 0x00007ffb50522000 	C:\Program Files\Java\jdk-11.0.8\bin\nio.dll
0x0000015cf09a0000 - 0x0000015cf09a3000 	C:\Program Files\Java\javafx-sdk-11.0.2\bin\api-ms-win-core-console-l1-1-0.dll
0x0000015cf09b0000 - 0x0000015cf09b3000 	C:\Program Files\Java\javafx-sdk-11.0.2\bin\api-ms-win-core-datetime-l1-1-0.dll
0x0000015cf09c0000 - 0x0000015cf09c3000 	C:\Program Files\Java\javafx-sdk-11.0.2\bin\api-ms-win-core-debug-l1-1-0.dll
0x0000015cf09d0000 - 0x0000015cf09d3000 	C:\Program Files\Java\javafx-sdk-11.0.2\bin\api-ms-win-core-errorhandling-l1-1-0.dll
0x0000015cf09e0000 - 0x0000015cf09e4000 	C:\Program Files\Java\javafx-sdk-11.0.2\bin\api-ms-win-core-file-l1-1-0.dll
0x0000015cf09f0000 - 0x0000015cf09f3000 	C:\Program Files\Java\javafx-sdk-11.0.2\bin\api-ms-win-core-file-l1-2-0.dll
0x0000015cf0a00000 - 0x0000015cf0a03000 	C:\Program Files\Java\javafx-sdk-11.0.2\bin\api-ms-win-core-file-l2-1-0.dll
0x0000015cf0a10000 - 0x0000015cf0a13000 	C:\Program Files\Java\javafx-sdk-11.0.2\bin\api-ms-win-core-handle-l1-1-0.dll
0x0000015cf0a20000 - 0x0000015cf0a23000 	C:\Program Files\Java\javafx-sdk-11.0.2\bin\api-ms-win-core-heap-l1-1-0.dll
0x0000015cf0a30000 - 0x0000015cf0a33000 	C:\Program Files\Java\javafx-sdk-11.0.2\bin\api-ms-win-core-interlocked-l1-1-0.dll
0x0000015cf0a40000 - 0x0000015cf0a43000 	C:\Program Files\Java\javafx-sdk-11.0.2\bin\api-ms-win-core-libraryloader-l1-1-0.dll
0x0000015cf0a50000 - 0x0000015cf0a53000 	C:\Program Files\Java\javafx-sdk-11.0.2\bin\api-ms-win-core-localization-l1-2-0.dll
0x0000015cf0a60000 - 0x0000015cf0a63000 	C:\Program Files\Java\javafx-sdk-11.0.2\bin\api-ms-win-core-memory-l1-1-0.dll
0x0000015cf0a70000 - 0x0000015cf0a73000 	C:\Program Files\Java\javafx-sdk-11.0.2\bin\api-ms-win-core-namedpipe-l1-1-0.dll
0x0000015cf0a80000 - 0x0000015cf0a83000 	C:\Program Files\Java\javafx-sdk-11.0.2\bin\api-ms-win-core-processenvironment-l1-1-0.dll
0x0000015cf0a90000 - 0x0000015cf0a93000 	C:\Program Files\Java\javafx-sdk-11.0.2\bin\api-ms-win-core-processthreads-l1-1-0.dll
0x0000015cf0aa0000 - 0x0000015cf0aa3000 	C:\Program Files\Java\javafx-sdk-11.0.2\bin\api-ms-win-core-processthreads-l1-1-1.dll
0x0000015cf0ab0000 - 0x0000015cf0ab3000 	C:\Program Files\Java\javafx-sdk-11.0.2\bin\api-ms-win-core-profile-l1-1-0.dll
0x0000015cf0ac0000 - 0x0000015cf0ac3000 	C:\Program Files\Java\javafx-sdk-11.0.2\bin\api-ms-win-core-rtlsupport-l1-1-0.dll
0x0000015cf0ad0000 - 0x0000015cf0ad3000 	C:\Program Files\Java\javafx-sdk-11.0.2\bin\api-ms-win-core-string-l1-1-0.dll
0x0000015cf0ae0000 - 0x0000015cf0ae3000 	C:\Program Files\Java\javafx-sdk-11.0.2\bin\api-ms-win-core-synch-l1-1-0.dll
0x0000015cf0af0000 - 0x0000015cf0af3000 	C:\Program Files\Java\javafx-sdk-11.0.2\bin\api-ms-win-core-synch-l1-2-0.dll
0x0000015cf0b00000 - 0x0000015cf0b03000 	C:\Program Files\Java\javafx-sdk-11.0.2\bin\api-ms-win-core-sysinfo-l1-1-0.dll
0x0000015cf0b10000 - 0x0000015cf0b13000 	C:\Program Files\Java\javafx-sdk-11.0.2\bin\api-ms-win-core-timezone-l1-1-0.dll
0x0000015cf0b20000 - 0x0000015cf0b23000 	C:\Program Files\Java\javafx-sdk-11.0.2\bin\api-ms-win-core-util-l1-1-0.dll
0x0000015cf0b30000 - 0x0000015cf0b33000 	C:\Program Files\Java\javafx-sdk-11.0.2\bin\api-ms-win-crt-conio-l1-1-0.dll
0x0000015cf0b40000 - 0x0000015cf0b44000 	C:\Program Files\Java\javafx-sdk-11.0.2\bin\api-ms-win-crt-convert-l1-1-0.dll
0x0000015cf0b50000 - 0x0000015cf0b53000 	C:\Program Files\Java\javafx-sdk-11.0.2\bin\api-ms-win-crt-environment-l1-1-0.dll
0x0000015cf0b60000 - 0x0000015cf0b63000 	C:\Program Files\Java\javafx-sdk-11.0.2\bin\api-ms-win-crt-filesystem-l1-1-0.dll
0x0000015cf0b70000 - 0x0000015cf0b73000 	C:\Program Files\Java\javafx-sdk-11.0.2\bin\api-ms-win-crt-heap-l1-1-0.dll
0x0000015cf0b80000 - 0x0000015cf0b83000 	C:\Program Files\Java\javafx-sdk-11.0.2\bin\api-ms-win-crt-locale-l1-1-0.dll
0x0000015cf0b90000 - 0x0000015cf0b95000 	C:\Program Files\Java\javafx-sdk-11.0.2\bin\api-ms-win-crt-math-l1-1-0.dll
0x0000015cf0ba0000 - 0x0000015cf0ba5000 	C:\Program Files\Java\javafx-sdk-11.0.2\bin\api-ms-win-crt-multibyte-l1-1-0.dll
0x0000015cf0bb0000 - 0x0000015cf0bc0000 	C:\Program Files\Java\javafx-sdk-11.0.2\bin\api-ms-win-crt-private-l1-1-0.dll
0x0000015cf0bc0000 - 0x0000015cf0bc3000 	C:\Program Files\Java\javafx-sdk-11.0.2\bin\api-ms-win-crt-process-l1-1-0.dll
0x0000015cf0bd0000 - 0x0000015cf0bd4000 	C:\Program Files\Java\javafx-sdk-11.0.2\bin\api-ms-win-crt-runtime-l1-1-0.dll
0x0000015cf0be0000 - 0x0000015cf0be4000 	C:\Program Files\Java\javafx-sdk-11.0.2\bin\api-ms-win-crt-stdio-l1-1-0.dll
0x0000015cf0bf0000 - 0x0000015cf0bf4000 	C:\Program Files\Java\javafx-sdk-11.0.2\bin\api-ms-win-crt-string-l1-1-0.dll
0x0000015cf0c00000 - 0x0000015cf0c03000 	C:\Program Files\Java\javafx-sdk-11.0.2\bin\api-ms-win-crt-time-l1-1-0.dll
0x0000015cf0c10000 - 0x0000015cf0c13000 	C:\Program Files\Java\javafx-sdk-11.0.2\bin\api-ms-win-crt-utility-l1-1-0.dll
0x00007ffb413c0000 - 0x00007ffb414ba000 	C:\Program Files\Java\javafx-sdk-11.0.2\bin\ucrtbase.dll
0x00007ffb5f390000 - 0x00007ffb5f3a6000 	C:\Program Files\Java\javafx-sdk-11.0.2\bin\vcruntime140.dll
0x00007ffb41310000 - 0x00007ffb413b6000 	C:\Program Files\Java\javafx-sdk-11.0.2\bin\msvcp140.dll
0x00007ffb42be0000 - 0x00007ffb42c31000 	C:\Program Files\Java\javafx-sdk-11.0.2\bin\concrt140.dll
0x00007ffb5d6d0000 - 0x00007ffb5d6f3000 	C:\Program Files\Java\javafx-sdk-11.0.2\bin\prism_d3d.dll
0x00007ffb4fea0000 - 0x00007ffb5006e000 	C:\WINDOWS\system32\d3d9.dll
0x00007ffb67970000 - 0x00007ffb6799f000 	C:\WINDOWS\SYSTEM32\dwmapi.dll
0x00007ffb67790000 - 0x00007ffb6782e000 	C:\WINDOWS\system32\uxtheme.dll
0x00007ffb628c0000 - 0x00007ffb629ae000 	C:\WINDOWS\System32\DriverStore\FileRepository\nv_dispi.inf_amd64_db678424d2641c3d\nvldumdx.dll
0x00007ffb6a460000 - 0x00007ffb6a5bd000 	C:\WINDOWS\System32\crypt32.dll
0x00007ffb6a2f0000 - 0x00007ffb6a350000 	C:\WINDOWS\System32\WINTRUST.DLL
0x00007ffb699f0000 - 0x00007ffb69a02000 	C:\WINDOWS\SYSTEM32\MSASN1.dll
0x00007ffb6c6d0000 - 0x00007ffb6c6ed000 	C:\WINDOWS\System32\imagehlp.dll
0x00007ffb69760000 - 0x00007ffb69778000 	C:\WINDOWS\SYSTEM32\CRYPTSP.dll
0x00007ffb68f20000 - 0x00007ffb68f54000 	C:\WINDOWS\system32\rsaenh.dll
0x00007ffb6a2c0000 - 0x00007ffb6a2e7000 	C:\WINDOWS\System32\bcrypt.dll
0x00007ffb69780000 - 0x00007ffb6978c000 	C:\WINDOWS\SYSTEM32\CRYPTBASE.dll
0x00007ffb09990000 - 0x00007ffb0ae2b000 	C:\WINDOWS\System32\DriverStore\FileRepository\nv_dispi.inf_amd64_db678424d2641c3d\nvd3dumx.dll
0x00007ffb412c0000 - 0x00007ffb41305000 	C:\Program Files\Java\javafx-sdk-11.0.2\bin\glass.dll
0x00007ffb6c5f0000 - 0x00007ffb6c6ca000 	C:\WINDOWS\System32\COMDLG32.dll
0x00007ffb6b9e0000 - 0x00007ffb6bb0a000 	C:\WINDOWS\System32\ole32.dll
0x00007ffb6bb10000 - 0x00007ffb6bbdd000 	C:\WINDOWS\System32\OLEAUT32.dll
0x00007ffb6b010000 - 0x00007ffb6b125000 	C:\WINDOWS\System32\MSCTF.dll
0x00007ffb69cd0000 - 0x00007ffb69d1b000 	C:\WINDOWS\system32\powrprof.dll
0x00007ffb69cb0000 - 0x00007ffb69cc2000 	C:\WINDOWS\SYSTEM32\UMPDC.dll
0x00007ffb426a0000 - 0x00007ffb42966000 	C:\WINDOWS\system32\nvspcap64.dll
0x00007ffb68bb0000 - 0x00007ffb68be3000 	C:\WINDOWS\SYSTEM32\ntmarta.dll
0x00007ffb68790000 - 0x00007ffb687b3000 	C:\WINDOWS\SYSTEM32\gpapi.dll
0x00007ffb578d0000 - 0x00007ffb57901000 	C:\WINDOWS\SYSTEM32\cryptnet.dll
0x00007ffb65470000 - 0x00007ffb654ab000 	C:\WINDOWS\SYSTEM32\dxcore.dll
0x00007ffb6a270000 - 0x00007ffb6a2be000 	C:\WINDOWS\System32\cfgmgr32.dll
0x00007ffb5d6b0000 - 0x00007ffb5d6c4000 	C:\Program Files\Java\javafx-sdk-11.0.2\bin\javafx_font.dll
0x00007ffb5d410000 - 0x00007ffb5d68f000 	C:\WINDOWS\SYSTEM32\dwrite.dll
0x00007ffb6a790000 - 0x00007ffb6a839000 	C:\WINDOWS\System32\clbcatq.dll
0x00007ffb63560000 - 0x00007ffb63714000 	C:\WINDOWS\SYSTEM32\WindowsCodecs.dll
0x00007ffb54870000 - 0x00007ffb548ae000 	C:\WINDOWS\system32\dataexchange.dll
0x00007ffb65da0000 - 0x00007ffb66004000 	C:\WINDOWS\system32\d3d11.dll
0x00007ffb66660000 - 0x00007ffb66845000 	C:\WINDOWS\system32\dcomp.dll
0x00007ffb687c0000 - 0x00007ffb688b3000 	C:\WINDOWS\system32\dxgi.dll
0x00007ffb645c0000 - 0x00007ffb647c8000 	C:\WINDOWS\system32\twinapi.appcore.dll
0x00007ffb5d9b0000 - 0x00007ffb5d9e4000 	C:\Program Files\Common Files\Microsoft Shared\Ink\rtscom.dll
0x00007ffb5ebe0000 - 0x00007ffb5ecdc000 	C:\WINDOWS\SYSTEM32\textinputframework.dll
0x00007ffb65160000 - 0x00007ffb65252000 	C:\WINDOWS\System32\CoreMessaging.dll
0x00007ffb66850000 - 0x00007ffb66bae000 	C:\WINDOWS\System32\CoreUIComponents.dll

dbghelp: loaded successfully - version: 4.0.5 - missing functions: none
symbol engine: initialized successfully - sym options: 0x614 - pdb path: .;C:\Program Files\Java\jdk-11.0.8\bin;C:\WINDOWS\SYSTEM32;C:\WINDOWS\WinSxS\amd64_microsoft.windows.common-controls_6595b64144ccf1df_6.0.19041.488_none_ca04af081b815d21;C:\Program Files\Java\jdk-11.0.8\bin\server;C:\Program Files\Java\javafx-sdk-11.0.2\bin;C:\WINDOWS\System32\DriverStore\FileRepository\nv_dispi.inf_amd64_db678424d2641c3d;C:\Program Files\Common Files\Microsoft Shared\Ink

VM Arguments:
jvm_args: -Dfile.encoding=UTF-8 --add-modules=javafx.controls,javafx.fxml --module-path=C:\Users\areeb\Desktop\Documents\NetBeansProjects\TestProjectGUI\build\classes;C:\Program Files\Java\javafx-sdk-11.0.2\lib\javafx-swt.jar;C:\Program Files\Java\javafx-sdk-11.0.2\lib\javafx.base.jar;C:\Program Files\Java\javafx-sdk-11.0.2\lib\javafx.controls.jar;C:\Program Files\Java\javafx-sdk-11.0.2\lib\javafx.fxml.jar;C:\Program Files\Java\javafx-sdk-11.0.2\lib\javafx.graphics.jar;C:\Program Files\Java\javafx-sdk-11.0.2\lib\javafx.media.jar;C:\Program Files\Java\javafx-sdk-11.0.2\lib\javafx.swing.jar;C:\Program Files\Java\javafx-sdk-11.0.2\lib\javafx.web.jar 
java_command: BankSystem.Main
java_class_path (initial): C:\Program Files\Java\javafx-sdk-11.0.2;C:\Program Files\Java\javafx-sdk-11.0.2\lib\javafx-swt.jar;C:\Program Files\Java\javafx-sdk-11.0.2\lib\javafx.base.jar;C:\Program Files\Java\javafx-sdk-11.0.2\lib\javafx.controls.jar;C:\Program Files\Java\javafx-sdk-11.0.2\lib\javafx.fxml.jar;C:\Program Files\Java\javafx-sdk-11.0.2\lib\javafx.graphics.jar;C:\Program Files\Java\javafx-sdk-11.0.2\lib\javafx.media.jar;C:\Program Files\Java\javafx-sdk-11.0.2\lib\javafx.swing.jar;C:\Program Files\Java\javafx-sdk-11.0.2\lib\javafx.web.jar;C:\Users\areeb\Desktop\Documents\NetBeansProjects\TestProjectGUI\build\classes
Launcher Type: SUN_STANDARD

[Global flags]
     intx CICompilerCount                          = 4                                         {product} {ergonomic}
     uint ConcGCThreads                            = 2                                         {product} {ergonomic}
     uint G1ConcRefinementThreads                  = 8                                         {product} {ergonomic}
   size_t G1HeapRegionSize                         = 1048576                                   {product} {ergonomic}
    uintx GCDrainStackTargetSize                   = 64                                        {product} {ergonomic}
   size_t InitialHeapSize                          = 268435456                                 {product} {ergonomic}
   size_t MarkStackSize                            = 4194304                                   {product} {ergonomic}
   size_t MaxHeapSize                              = 4286578688                                {product} {ergonomic}
   size_t MaxNewSize                               = 2571108352                                {product} {ergonomic}
   size_t MinHeapDeltaBytes                        = 1048576                                   {product} {ergonomic}
    uintx NonNMethodCodeHeapSize                   = 5836300                                {pd product} {ergonomic}
    uintx NonProfiledCodeHeapSize                  = 122910970                              {pd product} {ergonomic}
    uintx ProfiledCodeHeapSize                     = 122910970                              {pd product} {ergonomic}
    uintx ReservedCodeCacheSize                    = 251658240                              {pd product} {ergonomic}
     bool SegmentedCodeCache                       = true                                      {product} {ergonomic}
     bool UseCompressedClassPointers               = true                                 {lp64_product} {ergonomic}
     bool UseCompressedOops                        = true                                 {lp64_product} {ergonomic}
     bool UseG1GC                                  = true                                      {product} {ergonomic}
     bool UseLargePagesIndividualAllocation        = false                                  {pd product} {ergonomic}

Logging:
Log output configuration:
 #0: stdout all=warning uptime,level,tags
 #1: stderr all=off uptime,level,tags

Environment Variables:
JAVA_HOME=C:\Program Files (x86)\Java\jdk1.8.0_181
PATH=C:\Program Files (x86)\Common Files\Oracle\Java\javapath;C:\Program Files\Microsoft MPI\Bin\;C:\Program Files (x86)\Intel\iCLS Client\;C:\Program Files\Intel\iCLS Client\;C:\Windows\system32;C:\Windows;C:\Windows\System32\Wbem;C:\Windows\System32\WindowsPowerShell\v1.0\;C:\Program Files (x86)\Intel\Intel(R) Management Engine Components\DAL;C:\Program Files\Intel\Intel(R) Management Engine Components\DAL;C:\Program Files (x86)\Intel\Intel(R) Management Engine Components\IPT;C:\Program Files\Intel\Intel(R) Management Engine Components\IPT;C:\Program Files (x86)\NVIDIA Corporation\PhysX\Common;C:\WINDOWS\system32;C:\WINDOWS;C:\WINDOWS\System32\Wbem;C:\WINDOWS\System32\WindowsPowerShell\v1.0\;C:\WINDOWS\System32\OpenSSH\;C:\Program Files\dotnet\;C:\Program Files\Microsoft SQL Server\130\Tools\Binn\;C:\Program Files\NVIDIA Corporation\NVIDIA NvDLISR;C:\Program Files (x86)\Microsoft SQL Server\Client SDK\ODBC\130\Tools\Binn\;C:\Program Files (x86)\Microsoft SQL Server\140\Tools\Binn\;C:\Program Files (x86)\Microsoft SQL Server\140\DTS\Binn\;C:\Program Files (x86)\Microsoft SQL Server\140\Tools\Binn\ManagementStudio\;C:\Program Files\Microsoft SQL Server\Client SDK\ODBC\170\Tools\Binn\;C:\WINDOWS\system32;C:\WINDOWS;C:\WINDOWS\System32\Wbem;C:\WINDOWS\System32\WindowsPowerShell\v1.0\;C:\WINDOWS\System32\OpenSSH\;C:\Program Files\Git\cmd;C:\Ruby26-x64\bin;C:\Users\areeb\AppData\Local\Microsoft\WindowsApps;C:\Users\areeb\AppData\Local\atom\bin;C:\Users\areeb\AppData\Local\Programs\Microsoft VS Code\bin;C:\Users\areeb\AppData\Local\Microsoft\WindowsApps;C:\Users\areeb\AppData\Local\GitHubDesktop\bin
USERNAME=areeb
OS=Windows_NT
PROCESSOR_IDENTIFIER=Intel64 Family 6 Model 158 Stepping 9, GenuineIntel



---------------  S Y S T E M  ---------------

OS: Windows 10 , 64 bit Build 19041 (10.0.19041.546)

CPU:total 8 (initial active 8) (4 cores per cpu, 2 threads per core) family 6 model 158 stepping 9, cmov, cx8, fxsr, mmx, sse, sse2, sse3, ssse3, sse4.1, sse4.2, popcnt, avx, avx2, aes, clmul, erms, rtm, 3dnowpref, lzcnt, ht, tsc, tscinvbit, bmi1, bmi2, adx, fma

Memory: 4k page, system-wide physical 16348M (8714M free)
TotalPageFile size 22213M (AvailPageFile size 8090M)
current process WorkingSet (physical memory assigned to process): 128M, peak: 128M
current process commit charge ("private bytes"): 402M, peak: 403M

vm_info: Java HotSpot(TM) 64-Bit Server VM (11.0.8+10-LTS) for windows-amd64 JRE (11.0.8+10-LTS), built on Jun 16 2020 05:53:08 by "mach5one" with unknown MS VC++:1916

END.
