#
# A fatal error has been detected by the Java Runtime Environment:
#
#  EXCEPTION_ACCESS_VIOLATION (0xc0000005) at pc=0x000001e8c2837576, pid=15816, tid=13904
#
# JRE version: Java(TM) SE Runtime Environment 18.9 (11.0.8+10) (build 11.0.8+10-LTS)
# Java VM: Java HotSpot(TM) 64-Bit Server VM 18.9 (11.0.8+10-LTS, mixed mode, tiered, compressed oops, g1 gc, windows-amd64)
# Problematic frame:
# J 2056 c1 java.util.EnumMap$EnumMapIterator.hasNext()Z java.base@11.0.8 (64 bytes) @ 0x000001e8c2837576 [0x000001e8c2837540+0x0000000000000036]
#
# No core dump will be written. Minidumps are not enabled by default on client versions of Windows
#
# If you would like to submit a bug report, please visit:
#   https://bugreport.java.com/bugreport/crash.jsp
#

---------------  S U M M A R Y ------------

Command Line: -Dfile.encoding=UTF-8 --add-modules=javafx.controls,javafx.fxml --module-path=C:\Users\areeb\Desktop\Documents\NetBeansProjects\TestProjectGUI\build\classes;C:\Program Files\Java\javafx-sdk-11.0.2\lib\javafx-swt.jar;C:\Program Files\Java\javafx-sdk-11.0.2\lib\javafx.base.jar;C:\Program Files\Java\javafx-sdk-11.0.2\lib\javafx.controls.jar;C:\Program Files\Java\javafx-sdk-11.0.2\lib\javafx.fxml.jar;C:\Program Files\Java\javafx-sdk-11.0.2\lib\javafx.graphics.jar;C:\Program Files\Java\javafx-sdk-11.0.2\lib\javafx.media.jar;C:\Program Files\Java\javafx-sdk-11.0.2\lib\javafx.swing.jar;C:\Program Files\Java\javafx-sdk-11.0.2\lib\javafx.web.jar BankSystem.Main

Host: Intel(R) Core(TM) i7-7700 CPU @ 3.60GHz, 8 cores, 15G,  Windows 10 , 64 bit Build 19041 (10.0.19041.546)
Time: Sat Nov 28 18:33:23 2020 Eastern Standard Time elapsed time: 4 seconds (0d 0h 0m 4s)

---------------  T H R E A D  ---------------

Current thread (0x000001e8def8c000):  JavaThread "JavaFX Application Thread" [_thread_in_Java, id=13904, stack(0x0000000bb3300000,0x0000000bb3400000)]

Stack: [0x0000000bb3300000,0x0000000bb3400000],  sp=0x0000000bb33fc5a0,  free space=1009k
Native frames: (J=compiled Java code, j=interpreted, Vv=VM code, C=native code)
C  0x000001e8c2837576


siginfo: EXCEPTION_ACCESS_VIOLATION (0xc0000005), reading address 0x000001e8e394d38c


Register to memory mapping:

RIP=0x000001e8c2837576 is at entry_point+54 in (nmethod*)0x000001e8c2837390
RAX=0x000001e8e394d288 is an unknown value
RBX={method} {0x000001e8ddf0bd50} 'hasNext' '()Z' in 'java/util/EnumMap$EnumMapIterator'
RCX={method} {0x000001e8dde18480} 'hasNext' '()Z' in 'java/util/Iterator'
RDX=0x00000007102eade8 is an oop: java.util.EnumMap$ValueIterator 
{0x00000007102eade8} - klass: 'java/util/EnumMap$ValueIterator'
RSP=0x0000000bb33fc5a0 is pointing into the stack for thread: 0x000001e8def8c000
RBP=0x0000000bb33fc638 is pointing into the stack for thread: 0x000001e8def8c000
RSI=0x0 is NULL
RDI=0x000001e8eb9942f8 is pointing into metadata
R8 =0x0000000040000000 is an unknown value
R9 =0x000000070e742a88 is an oop: java.lang.Class 
{0x000000070e742a88} - klass: 'java/lang/Class'
R10=0x00007ff9dd683cc0 jvm.dll
R11=0x000001e8c2837560 is at entry_point+32 in (nmethod*)0x000001e8c2837390
R12=0x0 is NULL
R13=0x0000000bb33fc5e8 is pointing into the stack for thread: 0x000001e8def8c000
R14=0x000000080024f9d8 is pointing into metadata
R15=0x000001e8def8c000 is a thread


Registers:
RAX=0x000001e8e394d288, RBX=0x000001e8ddf0bd48, RCX=0x000001e8dde18478, RDX=0x00000007102eade8
RSP=0x0000000bb33fc5a0, RBP=0x0000000bb33fc638, RSI=0x0000000000000000, RDI=0x000001e8eb9942f8
R8 =0x0000000040000000, R9 =0x000000070e742a88, R10=0x00007ff9dd683cc0, R11=0x000001e8c2837560
R12=0x0000000000000000, R13=0x0000000bb33fc5e8, R14=0x000000080024f9d8, R15=0x000001e8def8c000
RIP=0x000001e8c2837576, EFLAGS=0x0000000000010206

Top of Stack: (sp=0x0000000bb33fc5a0)
0x0000000bb33fc5a0:   0000000bb33fc5e8 000001e8de0f58b0
0x0000000bb33fc5b0:   0000000000000000 0000000710718d18
0x0000000bb33fc5c0:   000001e8de1f0690 0000000000000000
0x0000000bb33fc5d0:   0000000bb33fc638 000001e8c1ee9655
0x0000000bb33fc5e0:   000001e8c1ee9655 00000007102eade8
0x0000000bb33fc5f0:   0000000bb33fc5f0 000001e8e8019d10
0x0000000bb33fc600:   0000000bb33fc660 000001e8e801a250
0x0000000bb33fc610:   0000000000000000 000000070e700150
0x0000000bb33fc620:   000001e8e8019e40 0000000bb33fc5e8
0x0000000bb33fc630:   0000000bb33fc658 0000000bb33fc6b0
0x0000000bb33fc640:   000001e8c1ee9bc0 0000000000000000
0x0000000bb33fc650:   00000007102eade8 00000007102ead40
0x0000000bb33fc660:   000000070e35edb8 0000000bb33fc668
0x0000000bb33fc670:   000001e8e801a122 0000000bb33fc6c8
0x0000000bb33fc680:   000001e8e801a250 0000000000000000
0x0000000bb33fc690:   000000070e700150 000001e8e801a130 

Instructions: (pc=0x000001e8c2837576)
0x000001e8c2837556:   d0 0f 85 23 ff 6c ff 66 66 90 89 84 24 00 90 ff
0x000001e8c2837566:   ff 55 48 83 ec 30 48 b8 88 d2 94 eb e8 01 00 00
0x000001e8c2837576:   8b b0 04 01 00 00 83 c6 08 89 b0 04 01 00 00 81
0x000001e8c2837586:   e6 f8 1f 00 00 83 fe 00 0f 84 57 01 00 00 e9 9c 


Stack slot to memory mapping:
stack at sp + 0 slots: 0x0000000bb33fc5e8 is pointing into the stack for thread: 0x000001e8def8c000
stack at sp + 1 slots: 0x000001e8de0f58b0 is pointing into metadata
stack at sp + 2 slots: 0x0 is NULL
stack at sp + 3 slots: 0x0000000710718d18 is an oop: java.lang.Class 
{0x0000000710718d18} - klass: 'java/lang/Class'
stack at sp + 4 slots: {method} {0x000001e8de1f0698} 'iterator' '()Ljava/util/Iterator;' in 'java/util/EnumMap$Values'
stack at sp + 5 slots: 0x0 is NULL
stack at sp + 6 slots: 0x0000000bb33fc638 is pointing into the stack for thread: 0x000001e8def8c000
stack at sp + 7 slots: 0x000001e8c1ee9655 is at code_begin+277 in an Interpreter codelet
invoke return entry points  [0x000001e8c1ee9540, 0x000001e8c1ee9f40]  2560 bytes



---------------  P R O C E S S  ---------------

Threads class SMR info:
_java_thread_list=0x000001e8dfe028e0, length=17, elements={
0x000001e8b82d6800, 0x000001e8ddc6f800, 0x000001e8ddc70800, 0x000001e8ddc9b000,
0x000001e8ddc9c000, 0x000001e8ddc9d800, 0x000001e8de57e800, 0x000001e8de585800,
0x000001e8de6ff000, 0x000001e8def34000, 0x000001e8df7b9000, 0x000001e8dee24000,
0x000001e8def8c000, 0x000001e8dfa79800, 0x000001e8dfaf5800, 0x000001e8dfecb000,
0x000001e8dfc27800
}

Java Threads: ( => current thread )
  0x000001e8b82d6800 JavaThread "main" [_thread_blocked, id=13872, stack(0x0000000bb1d00000,0x0000000bb1e00000)]
  0x000001e8ddc6f800 JavaThread "Reference Handler" daemon [_thread_blocked, id=9756, stack(0x0000000bb2400000,0x0000000bb2500000)]
  0x000001e8ddc70800 JavaThread "Finalizer" daemon [_thread_blocked, id=11524, stack(0x0000000bb2500000,0x0000000bb2600000)]
  0x000001e8ddc9b000 JavaThread "Signal Dispatcher" daemon [_thread_blocked, id=13324, stack(0x0000000bb2600000,0x0000000bb2700000)]
  0x000001e8ddc9c000 JavaThread "Attach Listener" daemon [_thread_blocked, id=6584, stack(0x0000000bb2700000,0x0000000bb2800000)]
  0x000001e8ddc9d800 JavaThread "C2 CompilerThread0" daemon [_thread_blocked, id=13452, stack(0x0000000bb2800000,0x0000000bb2900000)]
  0x000001e8de57e800 JavaThread "C1 CompilerThread0" daemon [_thread_blocked, id=8428, stack(0x0000000bb2900000,0x0000000bb2a00000)]
  0x000001e8de585800 JavaThread "Sweeper thread" daemon [_thread_blocked, id=1148, stack(0x0000000bb2a00000,0x0000000bb2b00000)]
  0x000001e8de6ff000 JavaThread "Common-Cleaner" daemon [_thread_blocked, id=9468, stack(0x0000000bb2b00000,0x0000000bb2c00000)]
  0x000001e8def34000 JavaThread "Service Thread" daemon [_thread_blocked, id=16120, stack(0x0000000bb2e00000,0x0000000bb2f00000)]
  0x000001e8df7b9000 JavaThread "QuantumRenderer-0" daemon [_thread_blocked, id=9148, stack(0x0000000bb3000000,0x0000000bb3100000)]
  0x000001e8dee24000 JavaThread "InvokeLaterDispatcher" daemon [_thread_blocked, id=13916, stack(0x0000000bb3200000,0x0000000bb3300000)]
=>0x000001e8def8c000 JavaThread "JavaFX Application Thread" [_thread_in_Java, id=13904, stack(0x0000000bb3300000,0x0000000bb3400000)]
  0x000001e8dfa79800 JavaThread "Thread-1" daemon [_thread_in_native, id=10284, stack(0x0000000bb2c00000,0x0000000bb2d00000)]
  0x000001e8dfaf5800 JavaThread "JavaFX-Launcher" [_thread_blocked, id=10880, stack(0x0000000bb2d00000,0x0000000bb2e00000)]
  0x000001e8dfecb000 JavaThread "Prism Font Disposer" daemon [_thread_blocked, id=10720, stack(0x0000000bb3e00000,0x0000000bb3f00000)]
  0x000001e8dfc27800 JavaThread "Cleaner-0" daemon [_thread_blocked, id=11432, stack(0x0000000bb4100000,0x0000000bb4200000)]

Other Threads:
  0x000001e8ddc6d800 VMThread "VM Thread" [stack: 0x0000000bb2300000,0x0000000bb2400000] [id=6268]
  0x000001e8de7ae800 WatcherThread [stack: 0x0000000bb2f00000,0x0000000bb3000000] [id=8840]
  0x000001e8b82ed800 GCTaskThread "GC Thread#0" [stack: 0x0000000bb1e00000,0x0000000bb1f00000] [id=12768]
  0x000001e8dfb86800 GCTaskThread "GC Thread#1" [stack: 0x0000000bb3500000,0x0000000bb3600000] [id=9448]
  0x000001e8dfb92800 GCTaskThread "GC Thread#2" [stack: 0x0000000bb3600000,0x0000000bb3700000] [id=3236]
  0x000001e8dfb93000 GCTaskThread "GC Thread#3" [stack: 0x0000000bb3700000,0x0000000bb3800000] [id=4568]
  0x000001e8dfb47800 GCTaskThread "GC Thread#4" [stack: 0x0000000bb3800000,0x0000000bb3900000] [id=11796]
  0x000001e8dfb50000 GCTaskThread "GC Thread#5" [stack: 0x0000000bb3900000,0x0000000bb3a00000] [id=11152]
  0x000001e8b834c800 ConcurrentGCThread "G1 Main Marker" [stack: 0x0000000bb1f00000,0x0000000bb2000000] [id=14048]
  0x000001e8b834f000 ConcurrentGCThread "G1 Conc#0" [stack: 0x0000000bb2000000,0x0000000bb2100000] [id=13744]
  0x000001e8ea97f800 ConcurrentGCThread "G1 Conc#1" [stack: 0x0000000bb4000000,0x0000000bb4100000] [id=7260]
  0x000001e8ddb58000 ConcurrentGCThread "G1 Refine#0" [stack: 0x0000000bb2100000,0x0000000bb2200000] [id=10244]
  0x000001e8ddb59000 ConcurrentGCThread "G1 Young RemSet Sampling" [stack: 0x0000000bb2200000,0x0000000bb2300000] [id=10804]

Threads with active compile tasks:

VM state:not at safepoint (normal execution)

VM Mutex/Monitor currently owned by a thread: None

Heap address: 0x0000000700800000, size: 4088 MB, Compressed Oops mode: Zero based, Oop shift amount: 3
Narrow klass base: 0x0000000800000000, Narrow klass shift: 0
Compressed class space size: 1073741824 Address: 0x0000000800000000

Heap:
 garbage-first heap   total 262144K, used 13668K [0x0000000700800000, 0x0000000800000000)
  region size 1024K, 13 young (13312K), 7 survivors (7168K)
 Metaspace       used 22107K, capacity 22860K, committed 22912K, reserved 1069056K
  class space    used 2848K, capacity 3180K, committed 3200K, reserved 1048576K
Heap Regions: E=young(eden), S=young(survivor), O=old, HS=humongous(starts), HC=humongous(continues), CS=collection set, F=free, A=archive, TAMS=top-at-mark-start (previous, next)
|   0|0x0000000700800000, 0x000000070080c200, 0x0000000700900000|  4%| O|  |TAMS 0x000000070080c200, 0x0000000700800000| Untracked 
|   1|0x0000000700900000, 0x0000000700a00000, 0x0000000700a00000|100%|HS|  |TAMS 0x0000000700900000, 0x0000000700900000| Complete 
|   2|0x0000000700a00000, 0x0000000700b00000, 0x0000000700b00000|100%|HC|  |TAMS 0x0000000700a00000, 0x0000000700a00000| Complete 
|   3|0x0000000700b00000, 0x0000000700b00000, 0x0000000700c00000|  0%| F|  |TAMS 0x0000000700b00000, 0x0000000700b00000| Untracked 
|   4|0x0000000700c00000, 0x0000000700c00000, 0x0000000700d00000|  0%| F|  |TAMS 0x0000000700c00000, 0x0000000700c00000| Untracked 
|   5|0x0000000700d00000, 0x0000000700d00000, 0x0000000700e00000|  0%| F|  |TAMS 0x0000000700d00000, 0x0000000700d00000| Untracked 
|   6|0x0000000700e00000, 0x0000000700e00000, 0x0000000700f00000|  0%| F|  |TAMS 0x0000000700e00000, 0x0000000700e00000| Untracked 
|   7|0x0000000700f00000, 0x0000000700f00000, 0x0000000701000000|  0%| F|  |TAMS 0x0000000700f00000, 0x0000000700f00000| Untracked 
|   8|0x0000000701000000, 0x0000000701000000, 0x0000000701100000|  0%| F|  |TAMS 0x0000000701000000, 0x0000000701000000| Untracked 
|   9|0x0000000701100000, 0x0000000701100000, 0x0000000701200000|  0%| F|  |TAMS 0x0000000701100000, 0x0000000701100000| Untracked 
|  10|0x0000000701200000, 0x0000000701200000, 0x0000000701300000|  0%| F|  |TAMS 0x0000000701200000, 0x0000000701200000| Untracked 
|  11|0x0000000701300000, 0x0000000701300000, 0x0000000701400000|  0%| F|  |TAMS 0x0000000701300000, 0x0000000701300000| Untracked 
|  12|0x0000000701400000, 0x0000000701400000, 0x0000000701500000|  0%| F|  |TAMS 0x0000000701400000, 0x0000000701400000| Untracked 
|  13|0x0000000701500000, 0x0000000701500000, 0x0000000701600000|  0%| F|  |TAMS 0x0000000701500000, 0x0000000701500000| Untracked 
|  14|0x0000000701600000, 0x0000000701600000, 0x0000000701700000|  0%| F|  |TAMS 0x0000000701600000, 0x0000000701600000| Untracked 
|  15|0x0000000701700000, 0x0000000701700000, 0x0000000701800000|  0%| F|  |TAMS 0x0000000701700000, 0x0000000701700000| Untracked 
|  16|0x0000000701800000, 0x0000000701800000, 0x0000000701900000|  0%| F|  |TAMS 0x0000000701800000, 0x0000000701800000| Untracked 
|  17|0x0000000701900000, 0x0000000701900000, 0x0000000701a00000|  0%| F|  |TAMS 0x0000000701900000, 0x0000000701900000| Untracked 
|  18|0x0000000701a00000, 0x0000000701a00000, 0x0000000701b00000|  0%| F|  |TAMS 0x0000000701a00000, 0x0000000701a00000| Untracked 
|  19|0x0000000701b00000, 0x0000000701b00000, 0x0000000701c00000|  0%| F|  |TAMS 0x0000000701b00000, 0x0000000701b00000| Untracked 
|  20|0x0000000701c00000, 0x0000000701c00000, 0x0000000701d00000|  0%| F|  |TAMS 0x0000000701c00000, 0x0000000701c00000| Untracked 
|  21|0x0000000701d00000, 0x0000000701d00000, 0x0000000701e00000|  0%| F|  |TAMS 0x0000000701d00000, 0x0000000701d00000| Untracked 
|  22|0x0000000701e00000, 0x0000000701e00000, 0x0000000701f00000|  0%| F|  |TAMS 0x0000000701e00000, 0x0000000701e00000| Untracked 
|  23|0x0000000701f00000, 0x0000000701f00000, 0x0000000702000000|  0%| F|  |TAMS 0x0000000701f00000, 0x0000000701f00000| Untracked 
|  24|0x0000000702000000, 0x0000000702000000, 0x0000000702100000|  0%| F|  |TAMS 0x0000000702000000, 0x0000000702000000| Untracked 
|  25|0x0000000702100000, 0x0000000702100000, 0x0000000702200000|  0%| F|  |TAMS 0x0000000702100000, 0x0000000702100000| Untracked 
|  26|0x0000000702200000, 0x0000000702200000, 0x0000000702300000|  0%| F|  |TAMS 0x0000000702200000, 0x0000000702200000| Untracked 
|  27|0x0000000702300000, 0x0000000702300000, 0x0000000702400000|  0%| F|  |TAMS 0x0000000702300000, 0x0000000702300000| Untracked 
|  28|0x0000000702400000, 0x0000000702400000, 0x0000000702500000|  0%| F|  |TAMS 0x0000000702400000, 0x0000000702400000| Untracked 
|  29|0x0000000702500000, 0x0000000702500000, 0x0000000702600000|  0%| F|  |TAMS 0x0000000702500000, 0x0000000702500000| Untracked 
|  30|0x0000000702600000, 0x0000000702600000, 0x0000000702700000|  0%| F|  |TAMS 0x0000000702600000, 0x0000000702600000| Untracked 
|  31|0x0000000702700000, 0x0000000702700000, 0x0000000702800000|  0%| F|  |TAMS 0x0000000702700000, 0x0000000702700000| Untracked 
|  32|0x0000000702800000, 0x0000000702800000, 0x0000000702900000|  0%| F|  |TAMS 0x0000000702800000, 0x0000000702800000| Untracked 
|  33|0x0000000702900000, 0x0000000702900000, 0x0000000702a00000|  0%| F|  |TAMS 0x0000000702900000, 0x0000000702900000| Untracked 
|  34|0x0000000702a00000, 0x0000000702a00000, 0x0000000702b00000|  0%| F|  |TAMS 0x0000000702a00000, 0x0000000702a00000| Untracked 
|  35|0x0000000702b00000, 0x0000000702b00000, 0x0000000702c00000|  0%| F|  |TAMS 0x0000000702b00000, 0x0000000702b00000| Untracked 
|  36|0x0000000702c00000, 0x0000000702c00000, 0x0000000702d00000|  0%| F|  |TAMS 0x0000000702c00000, 0x0000000702c00000| Untracked 
|  37|0x0000000702d00000, 0x0000000702d00000, 0x0000000702e00000|  0%| F|  |TAMS 0x0000000702d00000, 0x0000000702d00000| Untracked 
|  38|0x0000000702e00000, 0x0000000702e00000, 0x0000000702f00000|  0%| F|  |TAMS 0x0000000702e00000, 0x0000000702e00000| Untracked 
|  39|0x0000000702f00000, 0x0000000702f00000, 0x0000000703000000|  0%| F|  |TAMS 0x0000000702f00000, 0x0000000702f00000| Untracked 
|  40|0x0000000703000000, 0x0000000703000000, 0x0000000703100000|  0%| F|  |TAMS 0x0000000703000000, 0x0000000703000000| Untracked 
|  41|0x0000000703100000, 0x0000000703100000, 0x0000000703200000|  0%| F|  |TAMS 0x0000000703100000, 0x0000000703100000| Untracked 
|  42|0x0000000703200000, 0x0000000703200000, 0x0000000703300000|  0%| F|  |TAMS 0x0000000703200000, 0x0000000703200000| Untracked 
|  43|0x0000000703300000, 0x0000000703300000, 0x0000000703400000|  0%| F|  |TAMS 0x0000000703300000, 0x0000000703300000| Untracked 
|  44|0x0000000703400000, 0x0000000703400000, 0x0000000703500000|  0%| F|  |TAMS 0x0000000703400000, 0x0000000703400000| Untracked 
|  45|0x0000000703500000, 0x0000000703500000, 0x0000000703600000|  0%| F|  |TAMS 0x0000000703500000, 0x0000000703500000| Untracked 
|  46|0x0000000703600000, 0x0000000703600000, 0x0000000703700000|  0%| F|  |TAMS 0x0000000703600000, 0x0000000703600000| Untracked 
|  47|0x0000000703700000, 0x0000000703700000, 0x0000000703800000|  0%| F|  |TAMS 0x0000000703700000, 0x0000000703700000| Untracked 
|  48|0x0000000703800000, 0x0000000703800000, 0x0000000703900000|  0%| F|  |TAMS 0x0000000703800000, 0x0000000703800000| Untracked 
|  49|0x0000000703900000, 0x0000000703900000, 0x0000000703a00000|  0%| F|  |TAMS 0x0000000703900000, 0x0000000703900000| Untracked 
|  50|0x0000000703a00000, 0x0000000703a00000, 0x0000000703b00000|  0%| F|  |TAMS 0x0000000703a00000, 0x0000000703a00000| Untracked 
|  51|0x0000000703b00000, 0x0000000703b00000, 0x0000000703c00000|  0%| F|  |TAMS 0x0000000703b00000, 0x0000000703b00000| Untracked 
|  52|0x0000000703c00000, 0x0000000703c00000, 0x0000000703d00000|  0%| F|  |TAMS 0x0000000703c00000, 0x0000000703c00000| Untracked 
|  53|0x0000000703d00000, 0x0000000703d00000, 0x0000000703e00000|  0%| F|  |TAMS 0x0000000703d00000, 0x0000000703d00000| Untracked 
|  54|0x0000000703e00000, 0x0000000703e00000, 0x0000000703f00000|  0%| F|  |TAMS 0x0000000703e00000, 0x0000000703e00000| Untracked 
|  55|0x0000000703f00000, 0x0000000703f00000, 0x0000000704000000|  0%| F|  |TAMS 0x0000000703f00000, 0x0000000703f00000| Untracked 
|  56|0x0000000704000000, 0x0000000704000000, 0x0000000704100000|  0%| F|  |TAMS 0x0000000704000000, 0x0000000704000000| Untracked 
|  57|0x0000000704100000, 0x0000000704100000, 0x0000000704200000|  0%| F|  |TAMS 0x0000000704100000, 0x0000000704100000| Untracked 
|  58|0x0000000704200000, 0x0000000704200000, 0x0000000704300000|  0%| F|  |TAMS 0x0000000704200000, 0x0000000704200000| Untracked 
|  59|0x0000000704300000, 0x0000000704300000, 0x0000000704400000|  0%| F|  |TAMS 0x0000000704300000, 0x0000000704300000| Untracked 
|  60|0x0000000704400000, 0x0000000704400000, 0x0000000704500000|  0%| F|  |TAMS 0x0000000704400000, 0x0000000704400000| Untracked 
|  61|0x0000000704500000, 0x0000000704500000, 0x0000000704600000|  0%| F|  |TAMS 0x0000000704500000, 0x0000000704500000| Untracked 
|  62|0x0000000704600000, 0x0000000704600000, 0x0000000704700000|  0%| F|  |TAMS 0x0000000704600000, 0x0000000704600000| Untracked 
|  63|0x0000000704700000, 0x0000000704700000, 0x0000000704800000|  0%| F|  |TAMS 0x0000000704700000, 0x0000000704700000| Untracked 
|  64|0x0000000704800000, 0x0000000704800000, 0x0000000704900000|  0%| F|  |TAMS 0x0000000704800000, 0x0000000704800000| Untracked 
|  65|0x0000000704900000, 0x0000000704900000, 0x0000000704a00000|  0%| F|  |TAMS 0x0000000704900000, 0x0000000704900000| Untracked 
|  66|0x0000000704a00000, 0x0000000704a00000, 0x0000000704b00000|  0%| F|  |TAMS 0x0000000704a00000, 0x0000000704a00000| Untracked 
|  67|0x0000000704b00000, 0x0000000704b00000, 0x0000000704c00000|  0%| F|  |TAMS 0x0000000704b00000, 0x0000000704b00000| Untracked 
|  68|0x0000000704c00000, 0x0000000704c00000, 0x0000000704d00000|  0%| F|  |TAMS 0x0000000704c00000, 0x0000000704c00000| Untracked 
|  69|0x0000000704d00000, 0x0000000704d00000, 0x0000000704e00000|  0%| F|  |TAMS 0x0000000704d00000, 0x0000000704d00000| Untracked 
|  70|0x0000000704e00000, 0x0000000704e00000, 0x0000000704f00000|  0%| F|  |TAMS 0x0000000704e00000, 0x0000000704e00000| Untracked 
|  71|0x0000000704f00000, 0x0000000704f00000, 0x0000000705000000|  0%| F|  |TAMS 0x0000000704f00000, 0x0000000704f00000| Untracked 
|  72|0x0000000705000000, 0x0000000705000000, 0x0000000705100000|  0%| F|  |TAMS 0x0000000705000000, 0x0000000705000000| Untracked 
|  73|0x0000000705100000, 0x0000000705100000, 0x0000000705200000|  0%| F|  |TAMS 0x0000000705100000, 0x0000000705100000| Untracked 
|  74|0x0000000705200000, 0x0000000705200000, 0x0000000705300000|  0%| F|  |TAMS 0x0000000705200000, 0x0000000705200000| Untracked 
|  75|0x0000000705300000, 0x0000000705300000, 0x0000000705400000|  0%| F|  |TAMS 0x0000000705300000, 0x0000000705300000| Untracked 
|  76|0x0000000705400000, 0x0000000705400000, 0x0000000705500000|  0%| F|  |TAMS 0x0000000705400000, 0x0000000705400000| Untracked 
|  77|0x0000000705500000, 0x0000000705500000, 0x0000000705600000|  0%| F|  |TAMS 0x0000000705500000, 0x0000000705500000| Untracked 
|  78|0x0000000705600000, 0x0000000705600000, 0x0000000705700000|  0%| F|  |TAMS 0x0000000705600000, 0x0000000705600000| Untracked 
|  79|0x0000000705700000, 0x0000000705700000, 0x0000000705800000|  0%| F|  |TAMS 0x0000000705700000, 0x0000000705700000| Untracked 
|  80|0x0000000705800000, 0x0000000705800000, 0x0000000705900000|  0%| F|  |TAMS 0x0000000705800000, 0x0000000705800000| Untracked 
|  81|0x0000000705900000, 0x0000000705900000, 0x0000000705a00000|  0%| F|  |TAMS 0x0000000705900000, 0x0000000705900000| Untracked 
|  82|0x0000000705a00000, 0x0000000705a00000, 0x0000000705b00000|  0%| F|  |TAMS 0x0000000705a00000, 0x0000000705a00000| Untracked 
|  83|0x0000000705b00000, 0x0000000705b00000, 0x0000000705c00000|  0%| F|  |TAMS 0x0000000705b00000, 0x0000000705b00000| Untracked 
|  84|0x0000000705c00000, 0x0000000705c00000, 0x0000000705d00000|  0%| F|  |TAMS 0x0000000705c00000, 0x0000000705c00000| Untracked 
|  85|0x0000000705d00000, 0x0000000705d00000, 0x0000000705e00000|  0%| F|  |TAMS 0x0000000705d00000, 0x0000000705d00000| Untracked 
|  86|0x0000000705e00000, 0x0000000705e00000, 0x0000000705f00000|  0%| F|  |TAMS 0x0000000705e00000, 0x0000000705e00000| Untracked 
|  87|0x0000000705f00000, 0x0000000705f00000, 0x0000000706000000|  0%| F|  |TAMS 0x0000000705f00000, 0x0000000705f00000| Untracked 
|  88|0x0000000706000000, 0x0000000706000000, 0x0000000706100000|  0%| F|  |TAMS 0x0000000706000000, 0x0000000706000000| Untracked 
|  89|0x0000000706100000, 0x0000000706100000, 0x0000000706200000|  0%| F|  |TAMS 0x0000000706100000, 0x0000000706100000| Untracked 
|  90|0x0000000706200000, 0x0000000706200000, 0x0000000706300000|  0%| F|  |TAMS 0x0000000706200000, 0x0000000706200000| Untracked 
|  91|0x0000000706300000, 0x0000000706300000, 0x0000000706400000|  0%| F|  |TAMS 0x0000000706300000, 0x0000000706300000| Untracked 
|  92|0x0000000706400000, 0x0000000706400000, 0x0000000706500000|  0%| F|  |TAMS 0x0000000706400000, 0x0000000706400000| Untracked 
|  93|0x0000000706500000, 0x0000000706500000, 0x0000000706600000|  0%| F|  |TAMS 0x0000000706500000, 0x0000000706500000| Untracked 
|  94|0x0000000706600000, 0x0000000706600000, 0x0000000706700000|  0%| F|  |TAMS 0x0000000706600000, 0x0000000706600000| Untracked 
|  95|0x0000000706700000, 0x0000000706700000, 0x0000000706800000|  0%| F|  |TAMS 0x0000000706700000, 0x0000000706700000| Untracked 
|  96|0x0000000706800000, 0x0000000706800000, 0x0000000706900000|  0%| F|  |TAMS 0x0000000706800000, 0x0000000706800000| Untracked 
|  97|0x0000000706900000, 0x0000000706900000, 0x0000000706a00000|  0%| F|  |TAMS 0x0000000706900000, 0x0000000706900000| Untracked 
|  98|0x0000000706a00000, 0x0000000706a00000, 0x0000000706b00000|  0%| F|  |TAMS 0x0000000706a00000, 0x0000000706a00000| Untracked 
|  99|0x0000000706b00000, 0x0000000706b00000, 0x0000000706c00000|  0%| F|  |TAMS 0x0000000706b00000, 0x0000000706b00000| Untracked 
| 100|0x0000000706c00000, 0x0000000706c00000, 0x0000000706d00000|  0%| F|  |TAMS 0x0000000706c00000, 0x0000000706c00000| Untracked 
| 101|0x0000000706d00000, 0x0000000706d00000, 0x0000000706e00000|  0%| F|  |TAMS 0x0000000706d00000, 0x0000000706d00000| Untracked 
| 102|0x0000000706e00000, 0x0000000706e00000, 0x0000000706f00000|  0%| F|  |TAMS 0x0000000706e00000, 0x0000000706e00000| Untracked 
| 103|0x0000000706f00000, 0x0000000706f00000, 0x0000000707000000|  0%| F|  |TAMS 0x0000000706f00000, 0x0000000706f00000| Untracked 
| 104|0x0000000707000000, 0x0000000707000000, 0x0000000707100000|  0%| F|  |TAMS 0x0000000707000000, 0x0000000707000000| Untracked 
| 105|0x0000000707100000, 0x0000000707100000, 0x0000000707200000|  0%| F|  |TAMS 0x0000000707100000, 0x0000000707100000| Untracked 
| 106|0x0000000707200000, 0x0000000707200000, 0x0000000707300000|  0%| F|  |TAMS 0x0000000707200000, 0x0000000707200000| Untracked 
| 107|0x0000000707300000, 0x0000000707300000, 0x0000000707400000|  0%| F|  |TAMS 0x0000000707300000, 0x0000000707300000| Untracked 
| 108|0x0000000707400000, 0x0000000707400000, 0x0000000707500000|  0%| F|  |TAMS 0x0000000707400000, 0x0000000707400000| Untracked 
| 109|0x0000000707500000, 0x0000000707500000, 0x0000000707600000|  0%| F|  |TAMS 0x0000000707500000, 0x0000000707500000| Untracked 
| 110|0x0000000707600000, 0x0000000707600000, 0x0000000707700000|  0%| F|  |TAMS 0x0000000707600000, 0x0000000707600000| Untracked 
| 111|0x0000000707700000, 0x0000000707700000, 0x0000000707800000|  0%| F|  |TAMS 0x0000000707700000, 0x0000000707700000| Untracked 
| 112|0x0000000707800000, 0x0000000707800000, 0x0000000707900000|  0%| F|  |TAMS 0x0000000707800000, 0x0000000707800000| Untracked 
| 113|0x0000000707900000, 0x0000000707900000, 0x0000000707a00000|  0%| F|  |TAMS 0x0000000707900000, 0x0000000707900000| Untracked 
| 114|0x0000000707a00000, 0x0000000707a00000, 0x0000000707b00000|  0%| F|  |TAMS 0x0000000707a00000, 0x0000000707a00000| Untracked 
| 115|0x0000000707b00000, 0x0000000707b00000, 0x0000000707c00000|  0%| F|  |TAMS 0x0000000707b00000, 0x0000000707b00000| Untracked 
| 116|0x0000000707c00000, 0x0000000707c00000, 0x0000000707d00000|  0%| F|  |TAMS 0x0000000707c00000, 0x0000000707c00000| Untracked 
| 117|0x0000000707d00000, 0x0000000707d00000, 0x0000000707e00000|  0%| F|  |TAMS 0x0000000707d00000, 0x0000000707d00000| Untracked 
| 118|0x0000000707e00000, 0x0000000707e00000, 0x0000000707f00000|  0%| F|  |TAMS 0x0000000707e00000, 0x0000000707e00000| Untracked 
| 119|0x0000000707f00000, 0x0000000707f00000, 0x0000000708000000|  0%| F|  |TAMS 0x0000000707f00000, 0x0000000707f00000| Untracked 
| 120|0x0000000708000000, 0x0000000708000000, 0x0000000708100000|  0%| F|  |TAMS 0x0000000708000000, 0x0000000708000000| Untracked 
| 121|0x0000000708100000, 0x0000000708100000, 0x0000000708200000|  0%| F|  |TAMS 0x0000000708100000, 0x0000000708100000| Untracked 
| 122|0x0000000708200000, 0x0000000708200000, 0x0000000708300000|  0%| F|  |TAMS 0x0000000708200000, 0x0000000708200000| Untracked 
| 123|0x0000000708300000, 0x0000000708300000, 0x0000000708400000|  0%| F|  |TAMS 0x0000000708300000, 0x0000000708300000| Untracked 
| 124|0x0000000708400000, 0x0000000708400000, 0x0000000708500000|  0%| F|  |TAMS 0x0000000708400000, 0x0000000708400000| Untracked 
| 125|0x0000000708500000, 0x0000000708500000, 0x0000000708600000|  0%| F|  |TAMS 0x0000000708500000, 0x0000000708500000| Untracked 
| 126|0x0000000708600000, 0x0000000708600000, 0x0000000708700000|  0%| F|  |TAMS 0x0000000708600000, 0x0000000708600000| Untracked 
| 127|0x0000000708700000, 0x0000000708700000, 0x0000000708800000|  0%| F|  |TAMS 0x0000000708700000, 0x0000000708700000| Untracked 
| 128|0x0000000708800000, 0x0000000708800000, 0x0000000708900000|  0%| F|  |TAMS 0x0000000708800000, 0x0000000708800000| Untracked 
| 129|0x0000000708900000, 0x0000000708900000, 0x0000000708a00000|  0%| F|  |TAMS 0x0000000708900000, 0x0000000708900000| Untracked 
| 130|0x0000000708a00000, 0x0000000708a00000, 0x0000000708b00000|  0%| F|  |TAMS 0x0000000708a00000, 0x0000000708a00000| Untracked 
| 131|0x0000000708b00000, 0x0000000708b00000, 0x0000000708c00000|  0%| F|  |TAMS 0x0000000708b00000, 0x0000000708b00000| Untracked 
| 132|0x0000000708c00000, 0x0000000708c00000, 0x0000000708d00000|  0%| F|  |TAMS 0x0000000708c00000, 0x0000000708c00000| Untracked 
| 133|0x0000000708d00000, 0x0000000708d00000, 0x0000000708e00000|  0%| F|  |TAMS 0x0000000708d00000, 0x0000000708d00000| Untracked 
| 134|0x0000000708e00000, 0x0000000708e00000, 0x0000000708f00000|  0%| F|  |TAMS 0x0000000708e00000, 0x0000000708e00000| Untracked 
| 135|0x0000000708f00000, 0x0000000708f00000, 0x0000000709000000|  0%| F|  |TAMS 0x0000000708f00000, 0x0000000708f00000| Untracked 
| 136|0x0000000709000000, 0x0000000709000000, 0x0000000709100000|  0%| F|  |TAMS 0x0000000709000000, 0x0000000709000000| Untracked 
| 137|0x0000000709100000, 0x0000000709100000, 0x0000000709200000|  0%| F|  |TAMS 0x0000000709100000, 0x0000000709100000| Untracked 
| 138|0x0000000709200000, 0x0000000709200000, 0x0000000709300000|  0%| F|  |TAMS 0x0000000709200000, 0x0000000709200000| Untracked 
| 139|0x0000000709300000, 0x0000000709300000, 0x0000000709400000|  0%| F|  |TAMS 0x0000000709300000, 0x0000000709300000| Untracked 
| 140|0x0000000709400000, 0x0000000709400000, 0x0000000709500000|  0%| F|  |TAMS 0x0000000709400000, 0x0000000709400000| Untracked 
| 141|0x0000000709500000, 0x0000000709500000, 0x0000000709600000|  0%| F|  |TAMS 0x0000000709500000, 0x0000000709500000| Untracked 
| 142|0x0000000709600000, 0x0000000709600000, 0x0000000709700000|  0%| F|  |TAMS 0x0000000709600000, 0x0000000709600000| Untracked 
| 143|0x0000000709700000, 0x0000000709700000, 0x0000000709800000|  0%| F|  |TAMS 0x0000000709700000, 0x0000000709700000| Untracked 
| 144|0x0000000709800000, 0x0000000709800000, 0x0000000709900000|  0%| F|  |TAMS 0x0000000709800000, 0x0000000709800000| Untracked 
| 145|0x0000000709900000, 0x0000000709900000, 0x0000000709a00000|  0%| F|  |TAMS 0x0000000709900000, 0x0000000709900000| Untracked 
| 146|0x0000000709a00000, 0x0000000709a00000, 0x0000000709b00000|  0%| F|  |TAMS 0x0000000709a00000, 0x0000000709a00000| Untracked 
| 147|0x0000000709b00000, 0x0000000709b00000, 0x0000000709c00000|  0%| F|  |TAMS 0x0000000709b00000, 0x0000000709b00000| Untracked 
| 148|0x0000000709c00000, 0x0000000709c00000, 0x0000000709d00000|  0%| F|  |TAMS 0x0000000709c00000, 0x0000000709c00000| Untracked 
| 149|0x0000000709d00000, 0x0000000709d00000, 0x0000000709e00000|  0%| F|  |TAMS 0x0000000709d00000, 0x0000000709d00000| Untracked 
| 150|0x0000000709e00000, 0x0000000709e00000, 0x0000000709f00000|  0%| F|  |TAMS 0x0000000709e00000, 0x0000000709e00000| Untracked 
| 151|0x0000000709f00000, 0x0000000709f00000, 0x000000070a000000|  0%| F|  |TAMS 0x0000000709f00000, 0x0000000709f00000| Untracked 
| 152|0x000000070a000000, 0x000000070a000000, 0x000000070a100000|  0%| F|  |TAMS 0x000000070a000000, 0x000000070a000000| Untracked 
| 153|0x000000070a100000, 0x000000070a100000, 0x000000070a200000|  0%| F|  |TAMS 0x000000070a100000, 0x000000070a100000| Untracked 
| 154|0x000000070a200000, 0x000000070a200000, 0x000000070a300000|  0%| F|  |TAMS 0x000000070a200000, 0x000000070a200000| Untracked 
| 155|0x000000070a300000, 0x000000070a300000, 0x000000070a400000|  0%| F|  |TAMS 0x000000070a300000, 0x000000070a300000| Untracked 
| 156|0x000000070a400000, 0x000000070a400000, 0x000000070a500000|  0%| F|  |TAMS 0x000000070a400000, 0x000000070a400000| Untracked 
| 157|0x000000070a500000, 0x000000070a500000, 0x000000070a600000|  0%| F|  |TAMS 0x000000070a500000, 0x000000070a500000| Untracked 
| 158|0x000000070a600000, 0x000000070a600000, 0x000000070a700000|  0%| F|  |TAMS 0x000000070a600000, 0x000000070a600000| Untracked 
| 159|0x000000070a700000, 0x000000070a700000, 0x000000070a800000|  0%| F|  |TAMS 0x000000070a700000, 0x000000070a700000| Untracked 
| 160|0x000000070a800000, 0x000000070a800000, 0x000000070a900000|  0%| F|  |TAMS 0x000000070a800000, 0x000000070a800000| Untracked 
| 161|0x000000070a900000, 0x000000070a900000, 0x000000070aa00000|  0%| F|  |TAMS 0x000000070a900000, 0x000000070a900000| Untracked 
| 162|0x000000070aa00000, 0x000000070aa00000, 0x000000070ab00000|  0%| F|  |TAMS 0x000000070aa00000, 0x000000070aa00000| Untracked 
| 163|0x000000070ab00000, 0x000000070ab00000, 0x000000070ac00000|  0%| F|  |TAMS 0x000000070ab00000, 0x000000070ab00000| Untracked 
| 164|0x000000070ac00000, 0x000000070ac00000, 0x000000070ad00000|  0%| F|  |TAMS 0x000000070ac00000, 0x000000070ac00000| Untracked 
| 165|0x000000070ad00000, 0x000000070ad00000, 0x000000070ae00000|  0%| F|  |TAMS 0x000000070ad00000, 0x000000070ad00000| Untracked 
| 166|0x000000070ae00000, 0x000000070ae00000, 0x000000070af00000|  0%| F|  |TAMS 0x000000070ae00000, 0x000000070ae00000| Untracked 
| 167|0x000000070af00000, 0x000000070af00000, 0x000000070b000000|  0%| F|  |TAMS 0x000000070af00000, 0x000000070af00000| Untracked 
| 168|0x000000070b000000, 0x000000070b000000, 0x000000070b100000|  0%| F|  |TAMS 0x000000070b000000, 0x000000070b000000| Untracked 
| 169|0x000000070b100000, 0x000000070b100000, 0x000000070b200000|  0%| F|  |TAMS 0x000000070b100000, 0x000000070b100000| Untracked 
| 170|0x000000070b200000, 0x000000070b200000, 0x000000070b300000|  0%| F|  |TAMS 0x000000070b200000, 0x000000070b200000| Untracked 
| 171|0x000000070b300000, 0x000000070b300000, 0x000000070b400000|  0%| F|  |TAMS 0x000000070b300000, 0x000000070b300000| Untracked 
| 172|0x000000070b400000, 0x000000070b400000, 0x000000070b500000|  0%| F|  |TAMS 0x000000070b400000, 0x000000070b400000| Untracked 
| 173|0x000000070b500000, 0x000000070b500000, 0x000000070b600000|  0%| F|  |TAMS 0x000000070b500000, 0x000000070b500000| Untracked 
| 174|0x000000070b600000, 0x000000070b600000, 0x000000070b700000|  0%| F|  |TAMS 0x000000070b600000, 0x000000070b600000| Untracked 
| 175|0x000000070b700000, 0x000000070b700000, 0x000000070b800000|  0%| F|  |TAMS 0x000000070b700000, 0x000000070b700000| Untracked 
| 176|0x000000070b800000, 0x000000070b800000, 0x000000070b900000|  0%| F|  |TAMS 0x000000070b800000, 0x000000070b800000| Untracked 
| 177|0x000000070b900000, 0x000000070b900000, 0x000000070ba00000|  0%| F|  |TAMS 0x000000070b900000, 0x000000070b900000| Untracked 
| 178|0x000000070ba00000, 0x000000070ba00000, 0x000000070bb00000|  0%| F|  |TAMS 0x000000070ba00000, 0x000000070ba00000| Untracked 
| 179|0x000000070bb00000, 0x000000070bb00000, 0x000000070bc00000|  0%| F|  |TAMS 0x000000070bb00000, 0x000000070bb00000| Untracked 
| 180|0x000000070bc00000, 0x000000070bc00000, 0x000000070bd00000|  0%| F|  |TAMS 0x000000070bc00000, 0x000000070bc00000| Untracked 
| 181|0x000000070bd00000, 0x000000070bd00000, 0x000000070be00000|  0%| F|  |TAMS 0x000000070bd00000, 0x000000070bd00000| Untracked 
| 182|0x000000070be00000, 0x000000070be00000, 0x000000070bf00000|  0%| F|  |TAMS 0x000000070be00000, 0x000000070be00000| Untracked 
| 183|0x000000070bf00000, 0x000000070bf00000, 0x000000070c000000|  0%| F|  |TAMS 0x000000070bf00000, 0x000000070bf00000| Untracked 
| 184|0x000000070c000000, 0x000000070c000000, 0x000000070c100000|  0%| F|  |TAMS 0x000000070c000000, 0x000000070c000000| Untracked 
| 185|0x000000070c100000, 0x000000070c100000, 0x000000070c200000|  0%| F|  |TAMS 0x000000070c100000, 0x000000070c100000| Untracked 
| 186|0x000000070c200000, 0x000000070c200000, 0x000000070c300000|  0%| F|  |TAMS 0x000000070c200000, 0x000000070c200000| Untracked 
| 187|0x000000070c300000, 0x000000070c300000, 0x000000070c400000|  0%| F|  |TAMS 0x000000070c300000, 0x000000070c300000| Untracked 
| 188|0x000000070c400000, 0x000000070c400000, 0x000000070c500000|  0%| F|  |TAMS 0x000000070c400000, 0x000000070c400000| Untracked 
| 189|0x000000070c500000, 0x000000070c500000, 0x000000070c600000|  0%| F|  |TAMS 0x000000070c500000, 0x000000070c500000| Untracked 
| 190|0x000000070c600000, 0x000000070c600000, 0x000000070c700000|  0%| F|  |TAMS 0x000000070c600000, 0x000000070c600000| Untracked 
| 191|0x000000070c700000, 0x000000070c700000, 0x000000070c800000|  0%| F|  |TAMS 0x000000070c700000, 0x000000070c700000| Untracked 
| 192|0x000000070c800000, 0x000000070c800000, 0x000000070c900000|  0%| F|  |TAMS 0x000000070c800000, 0x000000070c800000| Untracked 
| 193|0x000000070c900000, 0x000000070c900000, 0x000000070ca00000|  0%| F|  |TAMS 0x000000070c900000, 0x000000070c900000| Untracked 
| 194|0x000000070ca00000, 0x000000070ca00000, 0x000000070cb00000|  0%| F|  |TAMS 0x000000070ca00000, 0x000000070ca00000| Untracked 
| 195|0x000000070cb00000, 0x000000070cb00000, 0x000000070cc00000|  0%| F|  |TAMS 0x000000070cb00000, 0x000000070cb00000| Untracked 
| 196|0x000000070cc00000, 0x000000070cc00000, 0x000000070cd00000|  0%| F|  |TAMS 0x000000070cc00000, 0x000000070cc00000| Untracked 
| 197|0x000000070cd00000, 0x000000070cd00000, 0x000000070ce00000|  0%| F|  |TAMS 0x000000070cd00000, 0x000000070cd00000| Untracked 
| 198|0x000000070ce00000, 0x000000070ce00000, 0x000000070cf00000|  0%| F|  |TAMS 0x000000070ce00000, 0x000000070ce00000| Untracked 
| 199|0x000000070cf00000, 0x000000070cf00000, 0x000000070d000000|  0%| F|  |TAMS 0x000000070cf00000, 0x000000070cf00000| Untracked 
| 200|0x000000070d000000, 0x000000070d000000, 0x000000070d100000|  0%| F|  |TAMS 0x000000070d000000, 0x000000070d000000| Untracked 
| 201|0x000000070d100000, 0x000000070d100000, 0x000000070d200000|  0%| F|  |TAMS 0x000000070d100000, 0x000000070d100000| Untracked 
| 202|0x000000070d200000, 0x000000070d200000, 0x000000070d300000|  0%| F|  |TAMS 0x000000070d200000, 0x000000070d200000| Untracked 
| 203|0x000000070d300000, 0x000000070d300000, 0x000000070d400000|  0%| F|  |TAMS 0x000000070d300000, 0x000000070d300000| Untracked 
| 204|0x000000070d400000, 0x000000070d400000, 0x000000070d500000|  0%| F|  |TAMS 0x000000070d400000, 0x000000070d400000| Untracked 
| 205|0x000000070d500000, 0x000000070d500000, 0x000000070d600000|  0%| F|  |TAMS 0x000000070d500000, 0x000000070d500000| Untracked 
| 206|0x000000070d600000, 0x000000070d600000, 0x000000070d700000|  0%| F|  |TAMS 0x000000070d600000, 0x000000070d600000| Untracked 
| 207|0x000000070d700000, 0x000000070d700000, 0x000000070d800000|  0%| F|  |TAMS 0x000000070d700000, 0x000000070d700000| Untracked 
| 208|0x000000070d800000, 0x000000070d800000, 0x000000070d900000|  0%| F|  |TAMS 0x000000070d800000, 0x000000070d800000| Untracked 
| 209|0x000000070d900000, 0x000000070d900000, 0x000000070da00000|  0%| F|  |TAMS 0x000000070d900000, 0x000000070d900000| Untracked 
| 210|0x000000070da00000, 0x000000070da00000, 0x000000070db00000|  0%| F|  |TAMS 0x000000070da00000, 0x000000070da00000| Untracked 
| 211|0x000000070db00000, 0x000000070db00000, 0x000000070dc00000|  0%| F|  |TAMS 0x000000070db00000, 0x000000070db00000| Untracked 
| 212|0x000000070dc00000, 0x000000070dc00000, 0x000000070dd00000|  0%| F|  |TAMS 0x000000070dc00000, 0x000000070dc00000| Untracked 
| 213|0x000000070dd00000, 0x000000070dd00000, 0x000000070de00000|  0%| F|  |TAMS 0x000000070dd00000, 0x000000070dd00000| Untracked 
| 214|0x000000070de00000, 0x000000070de00000, 0x000000070df00000|  0%| F|  |TAMS 0x000000070de00000, 0x000000070de00000| Untracked 
| 215|0x000000070df00000, 0x000000070df00000, 0x000000070e000000|  0%| F|  |TAMS 0x000000070df00000, 0x000000070df00000| Untracked 
| 216|0x000000070e000000, 0x000000070e000000, 0x000000070e100000|  0%| F|  |TAMS 0x000000070e000000, 0x000000070e000000| Untracked 
| 217|0x000000070e100000, 0x000000070e100000, 0x000000070e200000|  0%| F|  |TAMS 0x000000070e100000, 0x000000070e100000| Untracked 
| 218|0x000000070e200000, 0x000000070e24ce00, 0x000000070e300000| 30%| S|CS|TAMS 0x000000070e200000, 0x000000070e200000| Complete 
| 219|0x000000070e300000, 0x000000070e400000, 0x000000070e400000|100%| S|CS|TAMS 0x000000070e300000, 0x000000070e300000| Complete 
| 220|0x000000070e400000, 0x000000070e500000, 0x000000070e500000|100%| S|CS|TAMS 0x000000070e400000, 0x000000070e400000| Complete 
| 221|0x000000070e500000, 0x000000070e600000, 0x000000070e600000|100%| S|CS|TAMS 0x000000070e500000, 0x000000070e500000| Complete 
| 222|0x000000070e600000, 0x000000070e700000, 0x000000070e700000|100%| S|CS|TAMS 0x000000070e600000, 0x000000070e600000| Complete 
| 223|0x000000070e700000, 0x000000070e800000, 0x000000070e800000|100%| S|CS|TAMS 0x000000070e700000, 0x000000070e700000| Complete 
| 224|0x000000070e800000, 0x000000070e900000, 0x000000070e900000|100%| S|CS|TAMS 0x000000070e800000, 0x000000070e800000| Complete 
| 225|0x000000070e900000, 0x000000070e900000, 0x000000070ea00000|  0%| F|  |TAMS 0x000000070e900000, 0x000000070e900000| Untracked 
| 226|0x000000070ea00000, 0x000000070ea00000, 0x000000070eb00000|  0%| F|  |TAMS 0x000000070ea00000, 0x000000070ea00000| Untracked 
| 227|0x000000070eb00000, 0x000000070eb00000, 0x000000070ec00000|  0%| F|  |TAMS 0x000000070eb00000, 0x000000070eb00000| Untracked 
| 228|0x000000070ec00000, 0x000000070ec00000, 0x000000070ed00000|  0%| F|  |TAMS 0x000000070ec00000, 0x000000070ec00000| Untracked 
| 229|0x000000070ed00000, 0x000000070ed00000, 0x000000070ee00000|  0%| F|  |TAMS 0x000000070ed00000, 0x000000070ed00000| Untracked 
| 230|0x000000070ee00000, 0x000000070ee00000, 0x000000070ef00000|  0%| F|  |TAMS 0x000000070ee00000, 0x000000070ee00000| Untracked 
| 231|0x000000070ef00000, 0x000000070ef00000, 0x000000070f000000|  0%| F|  |TAMS 0x000000070ef00000, 0x000000070ef00000| Untracked 
| 232|0x000000070f000000, 0x000000070f000000, 0x000000070f100000|  0%| F|  |TAMS 0x000000070f000000, 0x000000070f000000| Untracked 
| 233|0x000000070f100000, 0x000000070f100000, 0x000000070f200000|  0%| F|  |TAMS 0x000000070f100000, 0x000000070f100000| Untracked 
| 234|0x000000070f200000, 0x000000070f200000, 0x000000070f300000|  0%| F|  |TAMS 0x000000070f200000, 0x000000070f200000| Untracked 
| 235|0x000000070f300000, 0x000000070f300000, 0x000000070f400000|  0%| F|  |TAMS 0x000000070f300000, 0x000000070f300000| Untracked 
| 236|0x000000070f400000, 0x000000070f400000, 0x000000070f500000|  0%| F|  |TAMS 0x000000070f400000, 0x000000070f400000| Untracked 
| 237|0x000000070f500000, 0x000000070f500000, 0x000000070f600000|  0%| F|  |TAMS 0x000000070f500000, 0x000000070f500000| Untracked 
| 238|0x000000070f600000, 0x000000070f600000, 0x000000070f700000|  0%| F|  |TAMS 0x000000070f600000, 0x000000070f600000| Untracked 
| 239|0x000000070f700000, 0x000000070f700000, 0x000000070f800000|  0%| F|  |TAMS 0x000000070f700000, 0x000000070f700000| Untracked 
| 240|0x000000070f800000, 0x000000070f800000, 0x000000070f900000|  0%| F|  |TAMS 0x000000070f800000, 0x000000070f800000| Untracked 
| 241|0x000000070f900000, 0x000000070f900000, 0x000000070fa00000|  0%| F|  |TAMS 0x000000070f900000, 0x000000070f900000| Untracked 
| 242|0x000000070fa00000, 0x000000070fa00000, 0x000000070fb00000|  0%| F|  |TAMS 0x000000070fa00000, 0x000000070fa00000| Untracked 
| 243|0x000000070fb00000, 0x000000070fb00000, 0x000000070fc00000|  0%| F|  |TAMS 0x000000070fb00000, 0x000000070fb00000| Untracked 
| 244|0x000000070fc00000, 0x000000070fc00000, 0x000000070fd00000|  0%| F|  |TAMS 0x000000070fc00000, 0x000000070fc00000| Untracked 
| 245|0x000000070fd00000, 0x000000070fd00000, 0x000000070fe00000|  0%| F|  |TAMS 0x000000070fd00000, 0x000000070fd00000| Untracked 
| 246|0x000000070fe00000, 0x000000070fe00000, 0x000000070ff00000|  0%| F|  |TAMS 0x000000070fe00000, 0x000000070fe00000| Untracked 
| 247|0x000000070ff00000, 0x000000070ff00000, 0x0000000710000000|  0%| F|  |TAMS 0x000000070ff00000, 0x000000070ff00000| Untracked 
| 248|0x0000000710000000, 0x0000000710000000, 0x0000000710100000|  0%| F|  |TAMS 0x0000000710000000, 0x0000000710000000| Untracked 
| 249|0x0000000710100000, 0x0000000710100000, 0x0000000710200000|  0%| F|  |TAMS 0x0000000710100000, 0x0000000710100000| Untracked 
| 250|0x0000000710200000, 0x0000000710300000, 0x0000000710300000|100%| E|  |TAMS 0x0000000710200000, 0x0000000710200000| Complete 
| 251|0x0000000710300000, 0x0000000710400000, 0x0000000710400000|100%| E|CS|TAMS 0x0000000710300000, 0x0000000710300000| Complete 
| 252|0x0000000710400000, 0x0000000710500000, 0x0000000710500000|100%| E|CS|TAMS 0x0000000710400000, 0x0000000710400000| Complete 
| 253|0x0000000710500000, 0x0000000710600000, 0x0000000710600000|100%| E|CS|TAMS 0x0000000710500000, 0x0000000710500000| Complete 
| 254|0x0000000710600000, 0x0000000710700000, 0x0000000710700000|100%| E|CS|TAMS 0x0000000710600000, 0x0000000710600000| Complete 
| 255|0x0000000710700000, 0x0000000710800000, 0x0000000710800000|100%| E|CS|TAMS 0x0000000710700000, 0x0000000710700000| Complete 

Card table byte_map: [0x000001e8d2150000,0x000001e8d2950000] _byte_map_base: 0x000001e8ce94c000

Marking Bits (Prev, Next): (CMBitMap*) 0x000001e8b833bdb0, (CMBitMap*) 0x000001e8b833bd78
 Prev Bits: [0x000001e8d7130000, 0x000001e8db110000)
 Next Bits: [0x000001e8d3150000, 0x000001e8d7130000)

Polling page: 0x000001e8b83c0000

Metaspace:

Usage:
  Non-class:     19.22 MB capacity,    18.81 MB ( 98%) used,   335.49 KB (  2%) free+waste,    85.31 KB ( <1%) overhead. 
      Class:      3.11 MB capacity,     2.78 MB ( 90%) used,   287.55 KB (  9%) free+waste,    44.38 KB (  1%) overhead. 
       Both:     22.32 MB capacity,    21.59 MB ( 97%) used,   623.04 KB (  3%) free+waste,   129.69 KB ( <1%) overhead. 

Virtual space:
  Non-class space:       20.00 MB reserved,      19.25 MB ( 96%) committed 
      Class space:        1.00 GB reserved,       3.13 MB ( <1%) committed 
             Both:        1.02 GB reserved,      22.38 MB (  2%) committed 

Chunk freelists:
   Non-Class:  4.00 KB
       Class:  0 bytes
        Both:  4.00 KB

CodeHeap 'non-profiled nmethods': size=120000Kb used=897Kb max_used=897Kb free=119102Kb
 bounds [0x000001e8c99b0000, 0x000001e8c9c20000, 0x000001e8d0ee0000]
CodeHeap 'profiled nmethods': size=120000Kb used=3941Kb max_used=3941Kb free=116058Kb
 bounds [0x000001e8c2480000, 0x000001e8c2860000, 0x000001e8c99b0000]
CodeHeap 'non-nmethods': size=5760Kb used=1337Kb max_used=1410Kb free=4422Kb
 bounds [0x000001e8c1ee0000, 0x000001e8c2150000, 0x000001e8c2480000]
 total_blobs=2878 nmethods=2132 adapters=657
 compilation: enabled
              stopped_count=0, restarted_count=0
 full_count=0

Compilation events (10 events):
Event: 4.725 Thread 0x000001e8de57e800 2132       1       com.sun.javafx.tk.quantum.GlassScene::getStage (5 bytes)
Event: 4.725 Thread 0x000001e8de57e800 nmethod 2132 0x000001e8c9a8fb10 code [0x000001e8c9a8fca0, 0x000001e8c9a8fdb8]
Event: 4.725 Thread 0x000001e8de57e800 2133       1       javafx.scene.input.MouseEvent::getPickResult (5 bytes)
Event: 4.725 Thread 0x000001e8de57e800 nmethod 2133 0x000001e8c9a8fe10 code [0x000001e8c9a8ffa0, 0x000001e8c9a900b8]
Event: 4.726 Thread 0x000001e8de57e800 2134       3       javafx.scene.Scene$ClickCounter::moved (52 bytes)
Event: 4.727 Thread 0x000001e8de57e800 nmethod 2134 0x000001e8c2858b10 code [0x000001e8c2858d20, 0x000001e8c28592f0]
Event: 4.727 Thread 0x000001e8de57e800 2135       1       com.sun.javafx.scene.NodeEventDispatcher::getFirstDispatcher (5 bytes)
Event: 4.727 Thread 0x000001e8de57e800 nmethod 2135 0x000001e8c9a90110 code [0x000001e8c9a902a0, 0x000001e8c9a903b8]
Event: 4.727 Thread 0x000001e8de57e800 2136       1       com.sun.javafx.scene.NodeEventDispatcher::getLastDispatcher (5 bytes)
Event: 4.727 Thread 0x000001e8de57e800 nmethod 2136 0x000001e8c9a90410 code [0x000001e8c9a905a0, 0x000001e8c9a906b8]

GC Heap History (4 events):
Event: 2.013 GC heap before
{Heap before GC invocations=0 (full 0):
 garbage-first heap   total 262144K, used 23552K [0x0000000700800000, 0x0000000800000000)
  region size 1024K, 24 young (24576K), 0 survivors (0K)
 Metaspace       used 12778K, capacity 13146K, committed 13312K, reserved 1060864K
  class space    used 1374K, capacity 1520K, committed 1536K, reserved 1048576K
}
Event: 2.048 GC heap after
{Heap after GC invocations=1 (full 0):
 garbage-first heap   total 262144K, used 3120K [0x0000000700800000, 0x0000000800000000)
  region size 1024K, 3 young (3072K), 3 survivors (3072K)
 Metaspace       used 12778K, capacity 13146K, committed 13312K, reserved 1060864K
  class space    used 1374K, capacity 1520K, committed 1536K, reserved 1048576K
}
Event: 3.490 GC heap before
{Heap before GC invocations=1 (full 0):
 garbage-first heap   total 262144K, used 30768K [0x0000000700800000, 0x0000000800000000)
  region size 1024K, 31 young (31744K), 3 survivors (3072K)
 Metaspace       used 20503K, capacity 21157K, committed 21296K, reserved 1067008K
  class space    used 2662K, capacity 2974K, committed 3072K, reserved 1048576K
}
Event: 3.505 GC heap after
{Heap after GC invocations=2 (full 0):
 garbage-first heap   total 262144K, used 6500K [0x0000000700800000, 0x0000000800000000)
  region size 1024K, 7 young (7168K), 7 survivors (7168K)
 Metaspace       used 20503K, capacity 21157K, committed 21296K, reserved 1067008K
  class space    used 2662K, capacity 2974K, committed 3072K, reserved 1048576K
}

Deoptimization events (10 events):
Event: 2.518 Thread 0x000001e8def8c000 Uncommon trap: reason=intrinsic_or_type_checked_inlining action=make_not_entrant pc=0x000001e8c9a1c070 method=java.util.Arrays.copyOf([Ljava/lang/Object;ILjava/lang/Class;)[Ljava/lang/Object; @ 35 c2
Event: 2.747 Thread 0x000001e8def8c000 Uncommon trap: reason=unstable_if action=reinterpret pc=0x000001e8c9a1d3d8 method=java.util.HashMap.hash(Ljava/lang/Object;)I @ 1 c2
Event: 2.747 Thread 0x000001e8def8c000 Uncommon trap: reason=unstable_if action=reinterpret pc=0x000001e8c99cf0f4 method=java.util.HashMap.hash(Ljava/lang/Object;)I @ 1 c2
Event: 2.786 Thread 0x000001e8def8c000 Uncommon trap: reason=unstable_if action=reinterpret pc=0x000001e8c99cdcd0 method=java.util.HashMap.hash(Ljava/lang/Object;)I @ 1 c2
Event: 2.874 Thread 0x000001e8def8c000 Uncommon trap: reason=unstable_if action=reinterpret pc=0x000001e8c99c4454 method=java.lang.StringLatin1.canEncode(I)Z @ 4 c2
Event: 3.013 Thread 0x000001e8def8c000 Uncommon trap: reason=class_check action=maybe_recompile pc=0x000001e8c99c246c method=java.lang.String.equals(Ljava/lang/Object;)Z @ 8 c2
Event: 3.013 Thread 0x000001e8def8c000 Uncommon trap: reason=class_check action=maybe_recompile pc=0x000001e8c99c246c method=java.lang.String.equals(Ljava/lang/Object;)Z @ 8 c2
Event: 3.013 Thread 0x000001e8def8c000 Uncommon trap: reason=class_check action=maybe_recompile pc=0x000001e8c99c246c method=java.lang.String.equals(Ljava/lang/Object;)Z @ 8 c2
Event: 3.016 Thread 0x000001e8def8c000 Uncommon trap: reason=class_check action=maybe_recompile pc=0x000001e8c99c246c method=java.lang.String.equals(Ljava/lang/Object;)Z @ 8 c2
Event: 3.552 Thread 0x000001e8def8c000 Uncommon trap: reason=unstable_if action=reinterpret pc=0x000001e8c9a4405c method=java.util.WeakHashMap.expungeStaleEntries()V @ 9 c2

Classes redefined (0 events):
No events

Internal exceptions (10 events):
Event: 2.786 Thread 0x000001e8def8c000 Implicit null exception at 0x000001e8c99cdaaf to 0x000001e8c99cdcbf
Event: 3.052 Thread 0x000001e8def8c000 Exception <a 'java/lang/NoSuchMethodError'{0x000000070f4f2d28}: java.lang.invoke.Invokers$Holder.linkToTargetMethod(Ljava/lang/Object;ILjava/lang/Object;)Ljava/lang/Object;> (0x000000070f4f2d28) thrown at [./open/src/hotspot/share/interpreter/linkResolver
Event: 3.078 Thread 0x000001e8def8c000 Exception <a 'java/lang/NoSuchMethodError'{0x000000070f367158}: java.lang.invoke.DirectMethodHandle$Holder.invokeInterface(Ljava/lang/Object;Ljava/lang/Object;Ljava/lang/Object;)Ljava/lang/Object;> (0x000000070f367158) thrown at [./open/src/hotspot/share/
Event: 3.078 Thread 0x000001e8def8c000 Exception <a 'java/lang/IncompatibleClassChangeError'{0x000000070f36a5b8}: Found class java.lang.Object, but interface was expected> (0x000000070f36a5b8) thrown at [./open/src/hotspot/share/interpreter/linkResolver.cpp, line 838]
Event: 3.168 Thread 0x000001e8def8c000 Exception <a 'java/lang/ClassNotFoundException'{0x000000070f2bb3f0}: com/sun/javafx/scene/control/skin/resources/controls> (0x000000070f2bb3f0) thrown at [./open/src/hotspot/share/prims/jni.cpp, line 632]
Event: 3.170 Thread 0x000001e8def8c000 Exception <a 'java/lang/ClassNotFoundException'{0x000000070f2c8f40}: com/sun/javafx/scene/control/skin/resources/controls_en> (0x000000070f2c8f40) thrown at [./open/src/hotspot/share/prims/jni.cpp, line 632]
Event: 3.171 Thread 0x000001e8def8c000 Exception <a 'java/lang/ClassNotFoundException'{0x000000070f2cb590}: com/sun/javafx/scene/control/skin/resources/controls_en_US> (0x000000070f2cb590) thrown at [./open/src/hotspot/share/prims/jni.cpp, line 632]
Event: 3.227 Thread 0x000001e8def8c000 Exception <a 'java/lang/NoSuchMethodError'{0x000000070f1a7fa0}: java.lang.invoke.DirectMethodHandle$Holder.invokeStaticInit(Ljava/lang/Object;Ljava/lang/Object;)I> (0x000000070f1a7fa0) thrown at [./open/src/hotspot/share/interpreter/linkResolver.cpp, line
Event: 3.319 Thread 0x000001e8def8c000 Exception <a 'java/lang/NoSuchMethodError'{0x000000070eb1ab68}: java.lang.invoke.DirectMethodHandle$Holder.invokeSpecial(Ljava/lang/Object;Ljava/lang/Object;Ljava/lang/Object;Ljava/lang/Object;Ljava/lang/Object;Ljava/lang/Object;)V> (0x000000070eb1ab68) t
Event: 3.662 Thread 0x000001e8df7b9000 Exception <a 'java/lang/NoSuchMethodError'{0x0000000710549ea8}: java.lang.invoke.DirectMethodHandle$Holder.invokeStaticInit(Ljava/lang/Object;I)Ljava/lang/Object;> (0x0000000710549ea8) thrown at [./open/src/hotspot/share/interpreter/linkResolver.cpp, line

Events (10 events):
Event: 3.784 loading class java/nio/DirectFloatBufferU
Event: 3.785 loading class java/nio/DirectFloatBufferU done
Event: 3.814 Executing VM operation: RevokeBias
Event: 3.814 Executing VM operation: RevokeBias done
Event: 3.829 Executing VM operation: RevokeBias
Event: 3.829 Executing VM operation: RevokeBias done
Event: 3.905 Executing VM operation: RevokeBias
Event: 3.905 Executing VM operation: RevokeBias done
Event: 4.398 Thread 0x000001e8dfc27000 Thread exited: 0x000001e8dfc27000
Event: 4.398 Thread 0x000001e8dfb91000 Thread exited: 0x000001e8dfb91000


Dynamic libraries:
0x00007ff6f5c90000 - 0x00007ff6f5c9f000 	C:\Program Files\Java\jdk-11.0.8\bin\java.exe
0x00007ffa30090000 - 0x00007ffa30286000 	C:\WINDOWS\SYSTEM32\ntdll.dll
0x00007ffa2f070000 - 0x00007ffa2f12d000 	C:\WINDOWS\System32\KERNEL32.DLL
0x00007ffa2db80000 - 0x00007ffa2de48000 	C:\WINDOWS\System32\KERNELBASE.dll
0x00007ffa2d940000 - 0x00007ffa2da40000 	C:\WINDOWS\System32\ucrtbase.dll
0x00007ffa27740000 - 0x00007ffa27755000 	C:\Program Files\Java\jdk-11.0.8\bin\VCRUNTIME140.dll
0x00007ffa276d0000 - 0x00007ffa276e8000 	C:\Program Files\Java\jdk-11.0.8\bin\jli.dll
0x00007ffa2f770000 - 0x00007ffa2f81c000 	C:\WINDOWS\System32\ADVAPI32.dll
0x00007ffa2e1e0000 - 0x00007ffa2e27e000 	C:\WINDOWS\System32\msvcrt.dll
0x00007ffa2f460000 - 0x00007ffa2f4fb000 	C:\WINDOWS\System32\sechost.dll
0x00007ffa2eab0000 - 0x00007ffa2ebd4000 	C:\WINDOWS\System32\RPCRT4.dll
0x00007ffa2e280000 - 0x00007ffa2e420000 	C:\WINDOWS\System32\USER32.dll
0x00007ffa2da40000 - 0x00007ffa2da62000 	C:\WINDOWS\System32\win32u.dll
0x00007ffa2f1e0000 - 0x00007ffa2f20a000 	C:\WINDOWS\System32\GDI32.dll
0x00007ffa2da70000 - 0x00007ffa2db79000 	C:\WINDOWS\System32\gdi32full.dll
0x00007ffa2d7d0000 - 0x00007ffa2d86d000 	C:\WINDOWS\System32\msvcp_win.dll
0x00007ffa25000000 - 0x00007ffa2529b000 	C:\WINDOWS\WinSxS\amd64_microsoft.windows.common-controls_6595b64144ccf1df_6.0.19041.488_none_ca04af081b815d21\COMCTL32.dll
0x00007ffa27bc0000 - 0x00007ffa27bca000 	C:\WINDOWS\SYSTEM32\VERSION.dll
0x00007ffa2f430000 - 0x00007ffa2f460000 	C:\WINDOWS\System32\IMM32.DLL
0x00007ff9f3e10000 - 0x00007ff9f3eab000 	C:\Program Files\Java\jdk-11.0.8\bin\msvcp140.dll
0x00007ff9dcc50000 - 0x00007ff9dd736000 	C:\Program Files\Java\jdk-11.0.8\bin\server\jvm.dll
0x00007ffa2e600000 - 0x00007ffa2e608000 	C:\WINDOWS\System32\PSAPI.DLL
0x00007ffa25b00000 - 0x00007ffa25b27000 	C:\WINDOWS\SYSTEM32\WINMM.dll
0x00007ffa18cb0000 - 0x00007ffa18cb9000 	C:\WINDOWS\SYSTEM32\WSOCK32.dll
0x00007ffa2f210000 - 0x00007ffa2f27b000 	C:\WINDOWS\System32\WS2_32.dll
0x00007ffa2c0d0000 - 0x00007ffa2c0e2000 	C:\WINDOWS\SYSTEM32\kernel.appcore.dll
0x00007ffa2aac0000 - 0x00007ffa2aad0000 	C:\Program Files\Java\jdk-11.0.8\bin\verify.dll
0x00007ffa13fe0000 - 0x00007ffa141c4000 	C:\WINDOWS\SYSTEM32\DBGHELP.DLL
0x00007ffa13fb0000 - 0x00007ffa13fdc000 	C:\WINDOWS\SYSTEM32\dbgcore.DLL
0x00007ffa2d8c0000 - 0x00007ffa2d93f000 	C:\WINDOWS\System32\bcryptPrimitives.dll
0x00007ffa261e0000 - 0x00007ffa26208000 	C:\Program Files\Java\jdk-11.0.8\bin\java.dll
0x00007ffa255d0000 - 0x00007ffa255da000 	C:\Program Files\Java\jdk-11.0.8\bin\jimage.dll
0x00007ffa254f0000 - 0x00007ffa25506000 	C:\Program Files\Java\jdk-11.0.8\bin\zip.dll
0x00007ffa2f820000 - 0x00007ffa2ff61000 	C:\WINDOWS\System32\SHELL32.dll
0x00007ffa2b710000 - 0x00007ffa2bea5000 	C:\WINDOWS\SYSTEM32\windows.storage.dll
0x00007ffa2e750000 - 0x00007ffa2eaa5000 	C:\WINDOWS\System32\combase.dll
0x00007ffa2d240000 - 0x00007ffa2d26c000 	C:\WINDOWS\SYSTEM32\Wldp.dll
0x00007ffa2f130000 - 0x00007ffa2f1de000 	C:\WINDOWS\System32\SHCORE.dll
0x00007ffa2fff0000 - 0x00007ffa30045000 	C:\WINDOWS\System32\shlwapi.dll
0x00007ffa2d700000 - 0x00007ffa2d726000 	C:\WINDOWS\SYSTEM32\profapi.dll
0x00007ffa24d90000 - 0x00007ffa24da9000 	C:\Program Files\Java\jdk-11.0.8\bin\net.dll
0x00007ffa23a60000 - 0x00007ffa23b60000 	C:\WINDOWS\SYSTEM32\WINHTTP.dll
0x00007ffa2cfc0000 - 0x00007ffa2d02a000 	C:\WINDOWS\system32\mswsock.dll
0x00007ffa1d880000 - 0x00007ffa1d892000 	C:\Program Files\Java\jdk-11.0.8\bin\nio.dll
0x000001e8e0170000 - 0x000001e8e0173000 	C:\Program Files\Java\javafx-sdk-11.0.2\bin\api-ms-win-core-console-l1-1-0.dll
0x000001e8e0180000 - 0x000001e8e0183000 	C:\Program Files\Java\javafx-sdk-11.0.2\bin\api-ms-win-core-datetime-l1-1-0.dll
0x000001e8e0190000 - 0x000001e8e0193000 	C:\Program Files\Java\javafx-sdk-11.0.2\bin\api-ms-win-core-debug-l1-1-0.dll
0x000001e8e01a0000 - 0x000001e8e01a3000 	C:\Program Files\Java\javafx-sdk-11.0.2\bin\api-ms-win-core-errorhandling-l1-1-0.dll
0x000001e8e01b0000 - 0x000001e8e01b4000 	C:\Program Files\Java\javafx-sdk-11.0.2\bin\api-ms-win-core-file-l1-1-0.dll
0x000001e8e01c0000 - 0x000001e8e01c3000 	C:\Program Files\Java\javafx-sdk-11.0.2\bin\api-ms-win-core-file-l1-2-0.dll
0x000001e8e01d0000 - 0x000001e8e01d3000 	C:\Program Files\Java\javafx-sdk-11.0.2\bin\api-ms-win-core-file-l2-1-0.dll
0x000001e8e01e0000 - 0x000001e8e01e3000 	C:\Program Files\Java\javafx-sdk-11.0.2\bin\api-ms-win-core-handle-l1-1-0.dll
0x000001e8e01f0000 - 0x000001e8e01f3000 	C:\Program Files\Java\javafx-sdk-11.0.2\bin\api-ms-win-core-heap-l1-1-0.dll
0x000001e8e0200000 - 0x000001e8e0203000 	C:\Program Files\Java\javafx-sdk-11.0.2\bin\api-ms-win-core-interlocked-l1-1-0.dll
0x000001e8e0210000 - 0x000001e8e0213000 	C:\Program Files\Java\javafx-sdk-11.0.2\bin\api-ms-win-core-libraryloader-l1-1-0.dll
0x000001e8e0220000 - 0x000001e8e0223000 	C:\Program Files\Java\javafx-sdk-11.0.2\bin\api-ms-win-core-localization-l1-2-0.dll
0x000001e8e0230000 - 0x000001e8e0233000 	C:\Program Files\Java\javafx-sdk-11.0.2\bin\api-ms-win-core-memory-l1-1-0.dll
0x000001e8e0240000 - 0x000001e8e0243000 	C:\Program Files\Java\javafx-sdk-11.0.2\bin\api-ms-win-core-namedpipe-l1-1-0.dll
0x000001e8e0250000 - 0x000001e8e0253000 	C:\Program Files\Java\javafx-sdk-11.0.2\bin\api-ms-win-core-processenvironment-l1-1-0.dll
0x000001e8e0260000 - 0x000001e8e0263000 	C:\Program Files\Java\javafx-sdk-11.0.2\bin\api-ms-win-core-processthreads-l1-1-0.dll
0x000001e8e0270000 - 0x000001e8e0273000 	C:\Program Files\Java\javafx-sdk-11.0.2\bin\api-ms-win-core-processthreads-l1-1-1.dll
0x000001e8e0280000 - 0x000001e8e0283000 	C:\Program Files\Java\javafx-sdk-11.0.2\bin\api-ms-win-core-profile-l1-1-0.dll
0x000001e8e0290000 - 0x000001e8e0293000 	C:\Program Files\Java\javafx-sdk-11.0.2\bin\api-ms-win-core-rtlsupport-l1-1-0.dll
0x000001e8e02a0000 - 0x000001e8e02a3000 	C:\Program Files\Java\javafx-sdk-11.0.2\bin\api-ms-win-core-string-l1-1-0.dll
0x000001e8e02b0000 - 0x000001e8e02b3000 	C:\Program Files\Java\javafx-sdk-11.0.2\bin\api-ms-win-core-synch-l1-1-0.dll
0x000001e8e02c0000 - 0x000001e8e02c3000 	C:\Program Files\Java\javafx-sdk-11.0.2\bin\api-ms-win-core-synch-l1-2-0.dll
0x000001e8e02d0000 - 0x000001e8e02d3000 	C:\Program Files\Java\javafx-sdk-11.0.2\bin\api-ms-win-core-sysinfo-l1-1-0.dll
0x000001e8e02e0000 - 0x000001e8e02e3000 	C:\Program Files\Java\javafx-sdk-11.0.2\bin\api-ms-win-core-timezone-l1-1-0.dll
0x000001e8e02f0000 - 0x000001e8e02f3000 	C:\Program Files\Java\javafx-sdk-11.0.2\bin\api-ms-win-core-util-l1-1-0.dll
0x000001e8e0300000 - 0x000001e8e0303000 	C:\Program Files\Java\javafx-sdk-11.0.2\bin\api-ms-win-crt-conio-l1-1-0.dll
0x000001e8e0310000 - 0x000001e8e0314000 	C:\Program Files\Java\javafx-sdk-11.0.2\bin\api-ms-win-crt-convert-l1-1-0.dll
0x000001e8e0320000 - 0x000001e8e0323000 	C:\Program Files\Java\javafx-sdk-11.0.2\bin\api-ms-win-crt-environment-l1-1-0.dll
0x000001e8e0330000 - 0x000001e8e0333000 	C:\Program Files\Java\javafx-sdk-11.0.2\bin\api-ms-win-crt-filesystem-l1-1-0.dll
0x000001e8e0340000 - 0x000001e8e0343000 	C:\Program Files\Java\javafx-sdk-11.0.2\bin\api-ms-win-crt-heap-l1-1-0.dll
0x000001e8e0350000 - 0x000001e8e0353000 	C:\Program Files\Java\javafx-sdk-11.0.2\bin\api-ms-win-crt-locale-l1-1-0.dll
0x000001e8e0360000 - 0x000001e8e0365000 	C:\Program Files\Java\javafx-sdk-11.0.2\bin\api-ms-win-crt-math-l1-1-0.dll
0x000001e8e0370000 - 0x000001e8e0375000 	C:\Program Files\Java\javafx-sdk-11.0.2\bin\api-ms-win-crt-multibyte-l1-1-0.dll
0x000001e8e0380000 - 0x000001e8e0390000 	C:\Program Files\Java\javafx-sdk-11.0.2\bin\api-ms-win-crt-private-l1-1-0.dll
0x000001e8e0390000 - 0x000001e8e0393000 	C:\Program Files\Java\javafx-sdk-11.0.2\bin\api-ms-win-crt-process-l1-1-0.dll
0x000001e8e03a0000 - 0x000001e8e03a4000 	C:\Program Files\Java\javafx-sdk-11.0.2\bin\api-ms-win-crt-runtime-l1-1-0.dll
0x000001e8e03b0000 - 0x000001e8e03b4000 	C:\Program Files\Java\javafx-sdk-11.0.2\bin\api-ms-win-crt-stdio-l1-1-0.dll
0x000001e8e03c0000 - 0x000001e8e03c4000 	C:\Program Files\Java\javafx-sdk-11.0.2\bin\api-ms-win-crt-string-l1-1-0.dll
0x000001e8e03d0000 - 0x000001e8e03d3000 	C:\Program Files\Java\javafx-sdk-11.0.2\bin\api-ms-win-crt-time-l1-1-0.dll
0x000001e8e03e0000 - 0x000001e8e03e3000 	C:\Program Files\Java\javafx-sdk-11.0.2\bin\api-ms-win-crt-utility-l1-1-0.dll
0x00007ff9fb480000 - 0x00007ff9fb57a000 	C:\Program Files\Java\javafx-sdk-11.0.2\bin\ucrtbase.dll
0x00007ffa1d480000 - 0x00007ffa1d496000 	C:\Program Files\Java\javafx-sdk-11.0.2\bin\vcruntime140.dll
0x00007ff9fd340000 - 0x00007ff9fd3e6000 	C:\Program Files\Java\javafx-sdk-11.0.2\bin\msvcp140.dll
0x00007ffa088d0000 - 0x00007ffa08921000 	C:\Program Files\Java\javafx-sdk-11.0.2\bin\concrt140.dll
0x00007ffa09640000 - 0x00007ffa09663000 	C:\Program Files\Java\javafx-sdk-11.0.2\bin\prism_d3d.dll
0x00007ffa22070000 - 0x00007ffa2223e000 	C:\WINDOWS\system32\d3d9.dll
0x00007ffa2b240000 - 0x00007ffa2b26f000 	C:\WINDOWS\SYSTEM32\dwmapi.dll
0x00007ffa2b050000 - 0x00007ffa2b0ee000 	C:\WINDOWS\system32\uxtheme.dll
0x00007ffa240f0000 - 0x00007ffa241de000 	C:\WINDOWS\System32\DriverStore\FileRepository\nv_dispi.inf_amd64_db678424d2641c3d\nvldumdx.dll
0x00007ffa2df60000 - 0x00007ffa2e0bd000 	C:\WINDOWS\System32\crypt32.dll
0x00007ffa2de50000 - 0x00007ffa2deb0000 	C:\WINDOWS\System32\WINTRUST.DLL
0x00007ffa2d3c0000 - 0x00007ffa2d3d2000 	C:\WINDOWS\SYSTEM32\MSASN1.dll
0x00007ffa2e610000 - 0x00007ffa2e62d000 	C:\WINDOWS\System32\imagehlp.dll
0x00007ffa2d190000 - 0x00007ffa2d1a8000 	C:\WINDOWS\SYSTEM32\CRYPTSP.dll
0x00007ffa2c8e0000 - 0x00007ffa2c914000 	C:\WINDOWS\system32\rsaenh.dll
0x00007ffa2e0c0000 - 0x00007ffa2e0e7000 	C:\WINDOWS\System32\bcrypt.dll
0x00007ffa2d1b0000 - 0x00007ffa2d1bc000 	C:\WINDOWS\SYSTEM32\CRYPTBASE.dll
0x00007ff9d89e0000 - 0x00007ff9d9e7b000 	C:\WINDOWS\System32\DriverStore\FileRepository\nv_dispi.inf_amd64_db678424d2641c3d\nvd3dumx.dll
0x00007ffa02f90000 - 0x00007ffa02fd5000 	C:\Program Files\Java\javafx-sdk-11.0.2\bin\glass.dll
0x00007ffa2f500000 - 0x00007ffa2f5da000 	C:\WINDOWS\System32\COMDLG32.dll
0x00007ffa2f5e0000 - 0x00007ffa2f70a000 	C:\WINDOWS\System32\ole32.dll
0x00007ffa2e4d0000 - 0x00007ffa2e59d000 	C:\WINDOWS\System32\OLEAUT32.dll
0x00007ffa2e630000 - 0x00007ffa2e745000 	C:\WINDOWS\System32\MSCTF.dll
0x00007ffa2cd80000 - 0x00007ffa2cdcb000 	C:\WINDOWS\system32\powrprof.dll
0x00007ffa2cc40000 - 0x00007ffa2cc52000 	C:\WINDOWS\SYSTEM32\UMPDC.dll
0x00007ffa07410000 - 0x00007ffa076d6000 	C:\WINDOWS\system32\nvspcap64.dll
0x00007ffa2c510000 - 0x00007ffa2c543000 	C:\WINDOWS\SYSTEM32\ntmarta.dll
0x00007ffa2c0f0000 - 0x00007ffa2c113000 	C:\WINDOWS\SYSTEM32\gpapi.dll
0x00007ffa240b0000 - 0x00007ffa240e1000 	C:\WINDOWS\SYSTEM32\cryptnet.dll
0x00007ffa275d0000 - 0x00007ffa2760b000 	C:\WINDOWS\SYSTEM32\dxcore.dll
0x00007ffa2d870000 - 0x00007ffa2d8be000 	C:\WINDOWS\System32\cfgmgr32.dll
0x00007ffa1d420000 - 0x00007ffa1d434000 	C:\Program Files\Java\javafx-sdk-11.0.2\bin\javafx_font.dll
0x00007ffa1d5f0000 - 0x00007ffa1d86f000 	C:\WINDOWS\SYSTEM32\dwrite.dll
0x00007ffa2e420000 - 0x00007ffa2e4c9000 	C:\WINDOWS\System32\clbcatq.dll
0x00007ffa27df0000 - 0x00007ffa27fa4000 	C:\WINDOWS\SYSTEM32\WindowsCodecs.dll
0x00007ffa1cdf0000 - 0x00007ffa1ce2e000 	C:\WINDOWS\system32\dataexchange.dll
0x00007ffa29540000 - 0x00007ffa297a4000 	C:\WINDOWS\system32\d3d11.dll
0x00007ffa29d70000 - 0x00007ffa29f55000 	C:\WINDOWS\system32\dcomp.dll
0x00007ffa2c120000 - 0x00007ffa2c213000 	C:\WINDOWS\system32\dxgi.dll
0x00007ffa27fb0000 - 0x00007ffa281b8000 	C:\WINDOWS\system32\twinapi.appcore.dll
0x00007ffa08890000 - 0x00007ffa088c4000 	C:\Program Files\Common Files\Microsoft Shared\Ink\rtscom.dll
0x00007ffa24230000 - 0x00007ffa2432c000 	C:\WINDOWS\SYSTEM32\textinputframework.dll
0x00007ffa29f60000 - 0x00007ffa2a2be000 	C:\WINDOWS\System32\CoreUIComponents.dll
0x00007ffa2a640000 - 0x00007ffa2a732000 	C:\WINDOWS\System32\CoreMessaging.dll

dbghelp: loaded successfully - version: 4.0.5 - missing functions: none
symbol engine: initialized successfully - sym options: 0x614 - pdb path: .;C:\Program Files\Java\jdk-11.0.8\bin;C:\WINDOWS\SYSTEM32;C:\WINDOWS\WinSxS\amd64_microsoft.windows.common-controls_6595b64144ccf1df_6.0.19041.488_none_ca04af081b815d21;C:\Program Files\Java\jdk-11.0.8\bin\server;C:\Program Files\Java\javafx-sdk-11.0.2\bin;C:\WINDOWS\System32\DriverStore\FileRepository\nv_dispi.inf_amd64_db678424d2641c3d;C:\Program Files\Common Files\Microsoft Shared\Ink

VM Arguments:
jvm_args: -Dfile.encoding=UTF-8 --add-modules=javafx.controls,javafx.fxml --module-path=C:\Users\areeb\Desktop\Documents\NetBeansProjects\TestProjectGUI\build\classes;C:\Program Files\Java\javafx-sdk-11.0.2\lib\javafx-swt.jar;C:\Program Files\Java\javafx-sdk-11.0.2\lib\javafx.base.jar;C:\Program Files\Java\javafx-sdk-11.0.2\lib\javafx.controls.jar;C:\Program Files\Java\javafx-sdk-11.0.2\lib\javafx.fxml.jar;C:\Program Files\Java\javafx-sdk-11.0.2\lib\javafx.graphics.jar;C:\Program Files\Java\javafx-sdk-11.0.2\lib\javafx.media.jar;C:\Program Files\Java\javafx-sdk-11.0.2\lib\javafx.swing.jar;C:\Program Files\Java\javafx-sdk-11.0.2\lib\javafx.web.jar 
java_command: BankSystem.Main
java_class_path (initial): C:\Program Files\Java\javafx-sdk-11.0.2;C:\Program Files\Java\javafx-sdk-11.0.2\lib\javafx-swt.jar;C:\Program Files\Java\javafx-sdk-11.0.2\lib\javafx.base.jar;C:\Program Files\Java\javafx-sdk-11.0.2\lib\javafx.controls.jar;C:\Program Files\Java\javafx-sdk-11.0.2\lib\javafx.fxml.jar;C:\Program Files\Java\javafx-sdk-11.0.2\lib\javafx.graphics.jar;C:\Program Files\Java\javafx-sdk-11.0.2\lib\javafx.media.jar;C:\Program Files\Java\javafx-sdk-11.0.2\lib\javafx.swing.jar;C:\Program Files\Java\javafx-sdk-11.0.2\lib\javafx.web.jar;C:\Users\areeb\Desktop\Documents\NetBeansProjects\TestProjectGUI\build\classes
Launcher Type: SUN_STANDARD

[Global flags]
     intx CICompilerCount                          = 4                                         {product} {ergonomic}
     uint ConcGCThreads                            = 2                                         {product} {ergonomic}
     uint G1ConcRefinementThreads                  = 8                                         {product} {ergonomic}
   size_t G1HeapRegionSize                         = 1048576                                   {product} {ergonomic}
    uintx GCDrainStackTargetSize                   = 64                                        {product} {ergonomic}
   size_t InitialHeapSize                          = 268435456                                 {product} {ergonomic}
   size_t MarkStackSize                            = 4194304                                   {product} {ergonomic}
   size_t MaxHeapSize                              = 4286578688                                {product} {ergonomic}
   size_t MaxNewSize                               = 2571108352                                {product} {ergonomic}
   size_t MinHeapDeltaBytes                        = 1048576                                   {product} {ergonomic}
    uintx NonNMethodCodeHeapSize                   = 5836300                                {pd product} {ergonomic}
    uintx NonProfiledCodeHeapSize                  = 122910970                              {pd product} {ergonomic}
    uintx ProfiledCodeHeapSize                     = 122910970                              {pd product} {ergonomic}
    uintx ReservedCodeCacheSize                    = 251658240                              {pd product} {ergonomic}
     bool SegmentedCodeCache                       = true                                      {product} {ergonomic}
     bool UseCompressedClassPointers               = true                                 {lp64_product} {ergonomic}
     bool UseCompressedOops                        = true                                 {lp64_product} {ergonomic}
     bool UseG1GC                                  = true                                      {product} {ergonomic}
     bool UseLargePagesIndividualAllocation        = false                                  {pd product} {ergonomic}

Logging:
Log output configuration:
 #0: stdout all=warning uptime,level,tags
 #1: stderr all=off uptime,level,tags

Environment Variables:
JAVA_HOME=C:\Program Files (x86)\Java\jdk1.8.0_181
PATH=C:\Program Files (x86)\Common Files\Oracle\Java\javapath;C:\Program Files\Microsoft MPI\Bin\;C:\Program Files (x86)\Intel\iCLS Client\;C:\Program Files\Intel\iCLS Client\;C:\Windows\system32;C:\Windows;C:\Windows\System32\Wbem;C:\Windows\System32\WindowsPowerShell\v1.0\;C:\Program Files (x86)\Intel\Intel(R) Management Engine Components\DAL;C:\Program Files\Intel\Intel(R) Management Engine Components\DAL;C:\Program Files (x86)\Intel\Intel(R) Management Engine Components\IPT;C:\Program Files\Intel\Intel(R) Management Engine Components\IPT;C:\Program Files (x86)\NVIDIA Corporation\PhysX\Common;C:\WINDOWS\system32;C:\WINDOWS;C:\WINDOWS\System32\Wbem;C:\WINDOWS\System32\WindowsPowerShell\v1.0\;C:\WINDOWS\System32\OpenSSH\;C:\Program Files\dotnet\;C:\Program Files\Microsoft SQL Server\130\Tools\Binn\;C:\Program Files\NVIDIA Corporation\NVIDIA NvDLISR;C:\Program Files (x86)\Microsoft SQL Server\Client SDK\ODBC\130\Tools\Binn\;C:\Program Files (x86)\Microsoft SQL Server\140\Tools\Binn\;C:\Program Files (x86)\Microsoft SQL Server\140\DTS\Binn\;C:\Program Files (x86)\Microsoft SQL Server\140\Tools\Binn\ManagementStudio\;C:\Program Files\Microsoft SQL Server\Client SDK\ODBC\170\Tools\Binn\;C:\WINDOWS\system32;C:\WINDOWS;C:\WINDOWS\System32\Wbem;C:\WINDOWS\System32\WindowsPowerShell\v1.0\;C:\WINDOWS\System32\OpenSSH\;C:\Program Files\Git\cmd;C:\Ruby26-x64\bin;C:\Users\areeb\AppData\Local\Microsoft\WindowsApps;C:\Users\areeb\AppData\Local\atom\bin;C:\Users\areeb\AppData\Local\Programs\Microsoft VS Code\bin;C:\Users\areeb\AppData\Local\Microsoft\WindowsApps;C:\Users\areeb\AppData\Local\GitHubDesktop\bin
USERNAME=areeb
OS=Windows_NT
PROCESSOR_IDENTIFIER=Intel64 Family 6 Model 158 Stepping 9, GenuineIntel



---------------  S Y S T E M  ---------------

OS: Windows 10 , 64 bit Build 19041 (10.0.19041.546)

CPU:total 8 (initial active 8) (4 cores per cpu, 2 threads per core) family 6 model 158 stepping 9, cmov, cx8, fxsr, mmx, sse, sse2, sse3, ssse3, sse4.1, sse4.2, popcnt, avx, avx2, aes, clmul, erms, rtm, 3dnowpref, lzcnt, ht, tsc, tscinvbit, bmi1, bmi2, adx, fma

Memory: 4k page, system-wide physical 16348M (8422M free)
TotalPageFile size 18780M (AvailPageFile size 5886M)
current process WorkingSet (physical memory assigned to process): 162M, peak: 173M
current process commit charge ("private bytes"): 439M, peak: 452M

vm_info: Java HotSpot(TM) 64-Bit Server VM (11.0.8+10-LTS) for windows-amd64 JRE (11.0.8+10-LTS), built on Jun 16 2020 05:53:08 by "mach5one" with unknown MS VC++:1916

END.
